#
# There is insufficient memory for the Java Runtime Environment to continue.
# Native memory allocation (mmap) failed to map 50331648 bytes. Error detail: G1 virtual space
# Possible reasons:
#   The system is out of physical RAM or swap space
#   This process is running with CompressedOops enabled, and the Java Heap may be blocking the growth of the native heap
# Possible solutions:
#   Reduce memory load on the system
#   Increase physical memory or swap space
#   Check if swap backing store is full
#   Decrease Java heap size (-Xmx/-Xms)
#   Decrease number of Java threads
#   Decrease Java thread stack sizes (-Xss)
#   Set larger code cache with -XX:ReservedCodeCacheSize=
#   JVM is running with Unscaled Compressed Oops mode in which the Java heap is
#     placed in the first 4GB address space. The Java Heap base address is the
#     maximum limit for the native heap growth. Please use -XX:HeapBaseMinAddress
#     to set the Java Heap base and to place the Java Heap above 4GB virtual address.
# This output file may be truncated or incomplete.
#
#  Out of Memory Error (os_windows.cpp:3714), pid=19084, tid=15888
#
# JRE version: OpenJDK Runtime Environment Corretto-21.0.10.7.1 (21.0.10+7) (build 21.0.10+7-LTS)
# Java VM: OpenJDK 64-Bit Server VM Corretto-21.0.10.7.1 (21.0.10+7-LTS, mixed mode, emulated-client, sharing, tiered, compressed oops, compressed class ptrs, g1 gc, windows-amd64)
# No core dump will be written. Minidumps are not enabled by default on client versions of Windows
#

---------------  S U M M A R Y ------------

Command Line: -Xmx512m -XX:TieredStopAtLevel=1 -Dspring.output.ansi.enabled=always -Dcom.sun.management.jmxremote -Dspring.jmx.enabled=true -Dspring.liveBeansView.mbeanDomain -Dspring.application.admin.enabled=true -Dmanagement.endpoints.jmx.exposure.include=* -javaagent:C:\Program Files\JetBrains\IntelliJ IDEA 2026.1\lib\idea_rt.jar=51265 -Dfile.encoding=UTF-8 -Dsun.stdout.encoding=UTF-8 -Dsun.stderr.encoding=UTF-8 com.app.aml.AmlApplication

Host: 12th Gen Intel(R) Core(TM) i5-12450H, 12 cores, 7G,  Windows 11 , 64 bit Build 26100 (10.0.26100.8246)
Time: Sun Apr 26 17:48:54 2026 India Standard Time elapsed time: 8.836174 seconds (0d 0h 0m 8s)

---------------  T H R E A D  ---------------

Current thread (0x0000022eaf66c5a0):  VMThread "VM Thread"          [id=15888, stack(0x0000003702100000,0x0000003702200000) (1024K)]

Stack: [0x0000003702100000,0x0000003702200000]
Native frames: (J=compiled Java code, j=interpreted, Vv=VM code, C=native code)
V  [jvm.dll+0x6df2b9]
V  [jvm.dll+0x8bbdeb]
V  [jvm.dll+0x8be37a]
V  [jvm.dll+0x8bea53]
V  [jvm.dll+0x28a7a6]
V  [jvm.dll+0x6dbc15]
V  [jvm.dll+0x6cfbca]
V  [jvm.dll+0x364f6e]
V  [jvm.dll+0x36ce3b]
V  [jvm.dll+0x3be8d9]
V  [jvm.dll+0x3beb7b]
V  [jvm.dll+0x339137]
V  [jvm.dll+0x3391c7]
V  [jvm.dll+0x37d6ac]
V  [jvm.dll+0x37be8e]
V  [jvm.dll+0x338891]
V  [jvm.dll+0x37b4fa]
V  [jvm.dll+0x8c47af]
V  [jvm.dll+0x8c5c93]
V  [jvm.dll+0x8c6204]
V  [jvm.dll+0x8c6303]
V  [jvm.dll+0x866b5d]
V  [jvm.dll+0x6ddabd]
C  [ucrtbase.dll+0x37b0]
C  [KERNEL32.DLL+0x2e8d7]
C  [ntdll.dll+0x8c3fc]

VM_Operation (0x0000003703df8fc0): G1CollectForAllocation, mode: safepoint, requested by thread 0x0000022ef5b492f0


---------------  P R O C E S S  ---------------

Threads class SMR info:
_java_thread_list=0x0000022ef8459c70, length=24, elements={
0x0000022ea05f2810, 0x0000022eaf68d050, 0x0000022eaf690440, 0x0000022eaf694d70,
0x0000022eaf6953e0, 0x0000022eaf699650, 0x0000022eaf6a6900, 0x0000022eaf6a8280,
0x0000022eaf7f0d80, 0x0000022eaf83fed0, 0x0000022ef5339570, 0x0000022eafad7fd0,
0x0000022eaf7eeb70, 0x0000022ef54cf080, 0x0000022ef5599020, 0x0000022ef558ba10,
0x0000022ef55db800, 0x0000022ef5775c10, 0x0000022ef5aad6c0, 0x0000022ef5b492f0,
0x0000022eaf7ef240, 0x0000022ef72a1a80, 0x0000022ef72a06d0, 0x0000022ef72a0d60
}

Java Threads: ( => current thread )
  0x0000022ea05f2810 JavaThread "main"                              [_thread_blocked, id=9364, stack(0x0000003701a00000,0x0000003701b00000) (1024K)]
  0x0000022eaf68d050 JavaThread "Reference Handler"          daemon [_thread_blocked, id=20028, stack(0x0000003702200000,0x0000003702300000) (1024K)]
  0x0000022eaf690440 JavaThread "Finalizer"                  daemon [_thread_blocked, id=19060, stack(0x0000003702300000,0x0000003702400000) (1024K)]
  0x0000022eaf694d70 JavaThread "Signal Dispatcher"          daemon [_thread_blocked, id=8292, stack(0x0000003702400000,0x0000003702500000) (1024K)]
  0x0000022eaf6953e0 JavaThread "Attach Listener"            daemon [_thread_blocked, id=21660, stack(0x0000003702500000,0x0000003702600000) (1024K)]
  0x0000022eaf699650 JavaThread "Service Thread"             daemon [_thread_blocked, id=8076, stack(0x0000003702600000,0x0000003702700000) (1024K)]
  0x0000022eaf6a6900 JavaThread "Monitor Deflation Thread"   daemon [_thread_blocked, id=6148, stack(0x0000003702700000,0x0000003702800000) (1024K)]
  0x0000022eaf6a8280 JavaThread "C1 CompilerThread0"         daemon [_thread_blocked, id=11368, stack(0x0000003702800000,0x0000003702900000) (1024K)]
  0x0000022eaf7f0d80 JavaThread "C1 CompilerThread1"         daemon [_thread_blocked, id=13756, stack(0x0000003702900000,0x0000003702a00000) (1024K)]
  0x0000022eaf83fed0 JavaThread "Common-Cleaner"             daemon [_thread_blocked, id=14700, stack(0x0000003702a00000,0x0000003702b00000) (1024K)]
  0x0000022ef5339570 JavaThread "Monitor Ctrl-Break"         daemon [_thread_in_native, id=13808, stack(0x0000003702b00000,0x0000003702c00000) (1024K)]
  0x0000022eafad7fd0 JavaThread "Notification Thread"        daemon [_thread_blocked, id=16096, stack(0x0000003702c00000,0x0000003702d00000) (1024K)]
  0x0000022eaf7eeb70 JavaThread "C1 CompilerThread2"         daemon [_thread_blocked, id=2748, stack(0x0000003702d00000,0x0000003702e00000) (1024K)]
  0x0000022ef54cf080 JavaThread "RMI TCP Accept-0"           daemon [_thread_in_native, id=12680, stack(0x0000003702e00000,0x0000003702f00000) (1024K)]
  0x0000022ef5599020 JavaThread "RMI TCP Connection(1)-192.168.1.9" daemon [_thread_blocked, id=7844, stack(0x0000003702f00000,0x0000003703000000) (1024K)]
  0x0000022ef558ba10 JavaThread "RMI Scheduler(0)"           daemon [_thread_blocked, id=3272, stack(0x0000003703000000,0x0000003703100000) (1024K)]
  0x0000022ef55db800 JavaThread "JMX server connection timeout 26" daemon [_thread_blocked, id=2552, stack(0x0000003703100000,0x0000003703200000) (1024K)]
  0x0000022ef5775c10 JavaThread "RMI TCP Connection(2)-192.168.1.9" daemon [_thread_blocked, id=6052, stack(0x0000003703b00000,0x0000003703c00000) (1024K)]
  0x0000022ef5aad6c0 JavaThread "Thread-0"                          [_thread_blocked, id=4748, stack(0x0000003703c00000,0x0000003703d00000) (1024K)]
  0x0000022ef5b492f0 JavaThread "restartedMain"                     [_thread_blocked, id=13572, stack(0x0000003703d00000,0x0000003703e00000) (1024K)]
  0x0000022eaf7ef240 JavaThread "C1 CompilerThread3"         daemon [_thread_blocked, id=13972, stack(0x0000003703f00000,0x0000003704000000) (1024K)]
  0x0000022ef72a1a80 JavaThread "Cleaner-0"                  daemon [_thread_blocked, id=5268, stack(0x0000003704200000,0x0000003704300000) (1024K)]
  0x0000022ef72a06d0 JavaThread "HikariPool-1:housekeeper"   daemon [_thread_blocked, id=15096, stack(0x0000003704300000,0x0000003704400000) (1024K)]
  0x0000022ef72a0d60 JavaThread "HikariPool-1:connection-adder" daemon [_thread_blocked, id=21780, stack(0x0000003704400000,0x0000003704500000) (1024K)]
Total: 24

Other Threads:
=>0x0000022eaf66c5a0 VMThread "VM Thread"                           [id=15888, stack(0x0000003702100000,0x0000003702200000) (1024K)]
  0x0000022eaf658dc0 WatcherThread "VM Periodic Task Thread"        [id=19752, stack(0x0000003702000000,0x0000003702100000) (1024K)]
  0x0000022ea061d8e0 WorkerThread "GC Thread#0"                     [id=5892, stack(0x0000003701b00000,0x0000003701c00000) (1024K)]
  0x0000022ef55ea4d0 WorkerThread "GC Thread#1"                     [id=18992, stack(0x0000003703200000,0x0000003703300000) (1024K)]
  0x0000022ef5619f30 WorkerThread "GC Thread#2"                     [id=12656, stack(0x0000003703300000,0x0000003703400000) (1024K)]
  0x0000022ef561a2e0 WorkerThread "GC Thread#3"                     [id=14596, stack(0x0000003703400000,0x0000003703500000) (1024K)]
  0x0000022ef561a690 WorkerThread "GC Thread#4"                     [id=3248, stack(0x0000003703500000,0x0000003703600000) (1024K)]
  0x0000022ef5621260 WorkerThread "GC Thread#5"                     [id=1116, stack(0x0000003703600000,0x0000003703700000) (1024K)]
  0x0000022ef5631620 WorkerThread "GC Thread#6"                     [id=18340, stack(0x0000003703700000,0x0000003703800000) (1024K)]
  0x0000022ef5631de0 WorkerThread "GC Thread#7"                     [id=12948, stack(0x0000003703800000,0x0000003703900000) (1024K)]
  0x0000022ef5632190 WorkerThread "GC Thread#8"                     [id=3736, stack(0x0000003703900000,0x0000003703a00000) (1024K)]
  0x0000022ef5632540 WorkerThread "GC Thread#9"                     [id=19528, stack(0x0000003703a00000,0x0000003703b00000) (1024K)]
  0x0000022ea0622940 ConcurrentGCThread "G1 Main Marker"            [id=8684, stack(0x0000003701c00000,0x0000003701d00000) (1024K)]
  0x0000022ea0625ee0 WorkerThread "G1 Conc#0"                       [id=14140, stack(0x0000003701d00000,0x0000003701e00000) (1024K)]
  0x0000022ef5733b20 WorkerThread "G1 Conc#1"                       [id=19212, stack(0x0000003704000000,0x0000003704100000) (1024K)]
  0x0000022ef65160a0 WorkerThread "G1 Conc#2"                       [id=21520, stack(0x0000003704100000,0x0000003704200000) (1024K)]
  0x0000022ea069e200 ConcurrentGCThread "G1 Refine#0"               [id=17024, stack(0x0000003701e00000,0x0000003701f00000) (1024K)]
  0x0000022ea069e740 ConcurrentGCThread "G1 Service"                [id=2708, stack(0x0000003701f00000,0x0000003702000000) (1024K)]
Total: 18

Threads with active compile tasks:
Total: 0

VM state: at safepoint (normal execution)

VM Mutex/Monitor currently owned by a thread:  ([mutex/lock_event])
[0x00007fff31c865b0] Threads_lock - owner thread: 0x0000022eaf66c5a0
[0x00007fff31c866b0] Heap_lock - owner thread: 0x0000022ef5b492f0

Heap address: 0x00000000e0000000, size: 512 MB, Compressed Oops mode: 32-bit

CDS archive(s) mapped at: [0x0000022eb0000000-0x0000022eb0c80000-0x0000022eb0c80000), size 13107200, SharedBaseAddress: 0x0000022eb0000000, ArchiveRelocationMode: 1.
Compressed class space mapped at: 0x0000022eb1000000-0x0000022ef1000000, reserved size: 1073741824
Narrow klass base: 0x0000022eb0000000, Narrow klass shift: 0, Narrow klass range: 0x100000000

GC Precious Log:
 CardTable entry size: 512
 Card Set container configuration: InlinePtr #cards 5 size 8 Array Of Cards #cards 12 size 40 Howl #buckets 4 coarsen threshold 1843 Howl Bitmap #cards 512 size 80 coarsen threshold 460 Card regions per heap region 1 cards per card region 2048
 CPUs: 12 total, 12 available
 Memory: 7860M
 Large Page Support: Disabled
 NUMA Support: Disabled
 Compressed Oops: Enabled (32-bit)
 Heap Region Size: 1M
 Heap Min Capacity: 8M
 Heap Initial Capacity: 124M
 Heap Max Capacity: 512M
 Pre-touch: Disabled
 Parallel Workers: 10
 Concurrent Workers: 3
 Concurrent Refinement Workers: 10
 Periodic GC: Disabled

Heap:
 garbage-first heap   total 81920K, used 55233K [0x00000000e0000000, 0x0000000100000000)
  region size 1024K, 1 young (1024K), 1 survivors (1024K)
 Metaspace       used 77757K, committed 78592K, reserved 1179648K
  class space    used 11369K, committed 11712K, reserved 1048576K

Heap Regions: E=young(eden), S=young(survivor), O=old, HS=humongous(starts), HC=humongous(continues), CS=collection set, F=free, TAMS=top-at-mark-start, PB=parsable bottom
|   0|0x00000000e0000000, 0x00000000e0100000, 0x00000000e0100000|100%|HS|  |TAMS 0x00000000e0100000| PB 0x00000000e0000000| Complete 
|   1|0x00000000e0100000, 0x00000000e0200000, 0x00000000e0200000|100%|HS|  |TAMS 0x00000000e0200000| PB 0x00000000e0100000| Complete 
|   2|0x00000000e0200000, 0x00000000e0300000, 0x00000000e0300000|100%| O|  |TAMS 0x00000000e0300000| PB 0x00000000e0200000| Untracked 
|   3|0x00000000e0300000, 0x00000000e0400000, 0x00000000e0400000|100%| O|  |TAMS 0x00000000e0400000| PB 0x00000000e0300000| Untracked 
|   4|0x00000000e0400000, 0x00000000e0500000, 0x00000000e0500000|100%| O|  |TAMS 0x00000000e0500000| PB 0x00000000e0400000| Untracked 
|   5|0x00000000e0500000, 0x00000000e0600000, 0x00000000e0600000|100%| O|  |TAMS 0x00000000e0600000| PB 0x00000000e0500000| Untracked 
|   6|0x00000000e0600000, 0x00000000e0700000, 0x00000000e0700000|100%| O|  |TAMS 0x00000000e0700000| PB 0x00000000e0600000| Untracked 
|   7|0x00000000e0700000, 0x00000000e0800000, 0x00000000e0800000|100%| O|  |TAMS 0x00000000e0800000| PB 0x00000000e0700000| Untracked 
|   8|0x00000000e0800000, 0x00000000e0900000, 0x00000000e0900000|100%| O|  |TAMS 0x00000000e0900000| PB 0x00000000e0800000| Untracked 
|   9|0x00000000e0900000, 0x00000000e0a00000, 0x00000000e0a00000|100%| O|  |TAMS 0x00000000e0a00000| PB 0x00000000e0900000| Untracked 
|  10|0x00000000e0a00000, 0x00000000e0b00000, 0x00000000e0b00000|100%| O|  |TAMS 0x00000000e0b00000| PB 0x00000000e0a00000| Untracked 
|  11|0x00000000e0b00000, 0x00000000e0c00000, 0x00000000e0c00000|100%| O|  |TAMS 0x00000000e0c00000| PB 0x00000000e0b00000| Untracked 
|  12|0x00000000e0c00000, 0x00000000e0d00000, 0x00000000e0d00000|100%| O|  |TAMS 0x00000000e0d00000| PB 0x00000000e0c00000| Untracked 
|  13|0x00000000e0d00000, 0x00000000e0e00000, 0x00000000e0e00000|100%| O|  |TAMS 0x00000000e0e00000| PB 0x00000000e0d00000| Untracked 
|  14|0x00000000e0e00000, 0x00000000e0f00000, 0x00000000e0f00000|100%| O|  |TAMS 0x00000000e0f00000| PB 0x00000000e0e00000| Untracked 
|  15|0x00000000e0f00000, 0x00000000e1000000, 0x00000000e1000000|100%| O|  |TAMS 0x00000000e1000000| PB 0x00000000e0f00000| Untracked 
|  16|0x00000000e1000000, 0x00000000e1100000, 0x00000000e1100000|100%| O|  |TAMS 0x00000000e1100000| PB 0x00000000e1000000| Untracked 
|  17|0x00000000e1100000, 0x00000000e1200000, 0x00000000e1200000|100%| O|  |TAMS 0x00000000e1200000| PB 0x00000000e1100000| Untracked 
|  18|0x00000000e1200000, 0x00000000e1300000, 0x00000000e1300000|100%| O|  |TAMS 0x00000000e1300000| PB 0x00000000e1200000| Untracked 
|  19|0x00000000e1300000, 0x00000000e1400000, 0x00000000e1400000|100%| O|  |TAMS 0x00000000e1400000| PB 0x00000000e1300000| Untracked 
|  20|0x00000000e1400000, 0x00000000e1500000, 0x00000000e1500000|100%| O|  |TAMS 0x00000000e1500000| PB 0x00000000e1400000| Untracked 
|  21|0x00000000e1500000, 0x00000000e1600000, 0x00000000e1600000|100%| O|  |TAMS 0x00000000e1600000| PB 0x00000000e1500000| Untracked 
|  22|0x00000000e1600000, 0x00000000e1700000, 0x00000000e1700000|100%| O|  |TAMS 0x00000000e1700000| PB 0x00000000e1600000| Untracked 
|  23|0x00000000e1700000, 0x00000000e1800000, 0x00000000e1800000|100%| O|  |TAMS 0x00000000e1800000| PB 0x00000000e1700000| Untracked 
|  24|0x00000000e1800000, 0x00000000e1900000, 0x00000000e1900000|100%| O|  |TAMS 0x00000000e1900000| PB 0x00000000e1800000| Untracked 
|  25|0x00000000e1900000, 0x00000000e1a00000, 0x00000000e1a00000|100%| O|  |TAMS 0x00000000e1a00000| PB 0x00000000e1900000| Untracked 
|  26|0x00000000e1a00000, 0x00000000e1b00000, 0x00000000e1b00000|100%| O|  |TAMS 0x00000000e1b00000| PB 0x00000000e1a00000| Untracked 
|  27|0x00000000e1b00000, 0x00000000e1c00000, 0x00000000e1c00000|100%| O|  |TAMS 0x00000000e1c00000| PB 0x00000000e1b00000| Untracked 
|  28|0x00000000e1c00000, 0x00000000e1d00000, 0x00000000e1d00000|100%| O|  |TAMS 0x00000000e1d00000| PB 0x00000000e1c00000| Untracked 
|  29|0x00000000e1d00000, 0x00000000e1e00000, 0x00000000e1e00000|100%| O|  |TAMS 0x00000000e1e00000| PB 0x00000000e1d00000| Untracked 
|  30|0x00000000e1e00000, 0x00000000e1f00000, 0x00000000e1f00000|100%| O|  |TAMS 0x00000000e1f00000| PB 0x00000000e1e00000| Untracked 
|  31|0x00000000e1f00000, 0x00000000e2000000, 0x00000000e2000000|100%| O|  |TAMS 0x00000000e2000000| PB 0x00000000e1f00000| Untracked 
|  32|0x00000000e2000000, 0x00000000e2100000, 0x00000000e2100000|100%| O|  |TAMS 0x00000000e2100000| PB 0x00000000e2000000| Untracked 
|  33|0x00000000e2100000, 0x00000000e2200000, 0x00000000e2200000|100%| O|  |TAMS 0x00000000e2200000| PB 0x00000000e2100000| Untracked 
|  34|0x00000000e2200000, 0x00000000e2300000, 0x00000000e2300000|100%| O|  |TAMS 0x00000000e2300000| PB 0x00000000e2200000| Untracked 
|  35|0x00000000e2300000, 0x00000000e2400000, 0x00000000e2400000|100%| O|  |TAMS 0x00000000e2400000| PB 0x00000000e2300000| Untracked 
|  36|0x00000000e2400000, 0x00000000e2500000, 0x00000000e2500000|100%| O|  |TAMS 0x00000000e2500000| PB 0x00000000e2400000| Untracked 
|  37|0x00000000e2500000, 0x00000000e2600000, 0x00000000e2600000|100%| O|  |TAMS 0x00000000e2600000| PB 0x00000000e2500000| Untracked 
|  38|0x00000000e2600000, 0x00000000e2700000, 0x00000000e2700000|100%| O|  |TAMS 0x00000000e2700000| PB 0x00000000e2600000| Untracked 
|  39|0x00000000e2700000, 0x00000000e2800000, 0x00000000e2800000|100%| O|  |TAMS 0x00000000e2800000| PB 0x00000000e2700000| Untracked 
|  40|0x00000000e2800000, 0x00000000e2900000, 0x00000000e2900000|100%| O|  |TAMS 0x00000000e2900000| PB 0x00000000e2800000| Untracked 
|  41|0x00000000e2900000, 0x00000000e2a00000, 0x00000000e2a00000|100%| O|  |TAMS 0x00000000e2a00000| PB 0x00000000e2900000| Untracked 
|  42|0x00000000e2a00000, 0x00000000e2b00000, 0x00000000e2b00000|100%| O|  |TAMS 0x00000000e2b00000| PB 0x00000000e2a00000| Untracked 
|  43|0x00000000e2b00000, 0x00000000e2c00000, 0x00000000e2c00000|100%| O|  |TAMS 0x00000000e2c00000| PB 0x00000000e2b00000| Untracked 
|  44|0x00000000e2c00000, 0x00000000e2d00000, 0x00000000e2d00000|100%| O|  |TAMS 0x00000000e2d00000| PB 0x00000000e2c00000| Untracked 
|  45|0x00000000e2d00000, 0x00000000e2e00000, 0x00000000e2e00000|100%| O|  |TAMS 0x00000000e2e00000| PB 0x00000000e2d00000| Untracked 
|  46|0x00000000e2e00000, 0x00000000e2f00000, 0x00000000e2f00000|100%| O|  |TAMS 0x00000000e2f00000| PB 0x00000000e2e00000| Untracked 
|  47|0x00000000e2f00000, 0x00000000e3000000, 0x00000000e3000000|100%| O|  |TAMS 0x00000000e2f00000| PB 0x00000000e2f00000| Untracked 
|  48|0x00000000e3000000, 0x00000000e3100000, 0x00000000e3100000|100%| O|  |TAMS 0x00000000e3000000| PB 0x00000000e3000000| Untracked 
|  49|0x00000000e3100000, 0x00000000e3200000, 0x00000000e3200000|100%| O|  |TAMS 0x00000000e3100000| PB 0x00000000e3100000| Untracked 
|  50|0x00000000e3200000, 0x00000000e3200000, 0x00000000e3300000|  0%| F|  |TAMS 0x00000000e3200000| PB 0x00000000e3200000| Untracked 
|  51|0x00000000e3300000, 0x00000000e3300000, 0x00000000e3400000|  0%| F|  |TAMS 0x00000000e3300000| PB 0x00000000e3300000| Untracked 
|  52|0x00000000e3400000, 0x00000000e3400000, 0x00000000e3500000|  0%| F|  |TAMS 0x00000000e3400000| PB 0x00000000e3400000| Untracked 
|  53|0x00000000e3500000, 0x00000000e355a2f0, 0x00000000e3600000| 35%| O|  |TAMS 0x00000000e3500000| PB 0x00000000e3500000| Untracked 
|  54|0x00000000e3600000, 0x00000000e3600000, 0x00000000e3700000|  0%| F|  |TAMS 0x00000000e3600000| PB 0x00000000e3600000| Untracked 
|  55|0x00000000e3700000, 0x00000000e3700000, 0x00000000e3800000|  0%| F|  |TAMS 0x00000000e3700000| PB 0x00000000e3700000| Untracked 
|  56|0x00000000e3800000, 0x00000000e3800000, 0x00000000e3900000|  0%| F|  |TAMS 0x00000000e3800000| PB 0x00000000e3800000| Untracked 
|  57|0x00000000e3900000, 0x00000000e3996240, 0x00000000e3a00000| 58%| S|CS|TAMS 0x00000000e3900000| PB 0x00000000e3900000| Complete 
|  58|0x00000000e3a00000, 0x00000000e3a00000, 0x00000000e3b00000|  0%| F|  |TAMS 0x00000000e3a00000| PB 0x00000000e3a00000| Untracked 
|  59|0x00000000e3b00000, 0x00000000e3b00000, 0x00000000e3c00000|  0%| F|  |TAMS 0x00000000e3b00000| PB 0x00000000e3b00000| Untracked 
|  60|0x00000000e3c00000, 0x00000000e3c00000, 0x00000000e3d00000|  0%| F|  |TAMS 0x00000000e3c00000| PB 0x00000000e3c00000| Untracked 
|  61|0x00000000e3d00000, 0x00000000e3d00000, 0x00000000e3e00000|  0%| F|  |TAMS 0x00000000e3d00000| PB 0x00000000e3d00000| Untracked 
|  62|0x00000000e3e00000, 0x00000000e3e00000, 0x00000000e3f00000|  0%| F|  |TAMS 0x00000000e3e00000| PB 0x00000000e3e00000| Untracked 
|  63|0x00000000e3f00000, 0x00000000e3f00000, 0x00000000e4000000|  0%| F|  |TAMS 0x00000000e3f00000| PB 0x00000000e3f00000| Untracked 
|  64|0x00000000e4000000, 0x00000000e4000000, 0x00000000e4100000|  0%| F|  |TAMS 0x00000000e4000000| PB 0x00000000e4000000| Untracked 
|  65|0x00000000e4100000, 0x00000000e4100000, 0x00000000e4200000|  0%| F|  |TAMS 0x00000000e4100000| PB 0x00000000e4100000| Untracked 
|  66|0x00000000e4200000, 0x00000000e4200000, 0x00000000e4300000|  0%| F|  |TAMS 0x00000000e4200000| PB 0x00000000e4200000| Untracked 
|  67|0x00000000e4300000, 0x00000000e4300000, 0x00000000e4400000|  0%| F|  |TAMS 0x00000000e4300000| PB 0x00000000e4300000| Untracked 
|  68|0x00000000e4400000, 0x00000000e4400000, 0x00000000e4500000|  0%| F|  |TAMS 0x00000000e4400000| PB 0x00000000e4400000| Untracked 
|  69|0x00000000e4500000, 0x00000000e4500000, 0x00000000e4600000|  0%| F|  |TAMS 0x00000000e4500000| PB 0x00000000e4500000| Untracked 
|  70|0x00000000e4600000, 0x00000000e4600000, 0x00000000e4700000|  0%| F|  |TAMS 0x00000000e4600000| PB 0x00000000e4600000| Untracked 
|  71|0x00000000e4700000, 0x00000000e4700000, 0x00000000e4800000|  0%| F|  |TAMS 0x00000000e4700000| PB 0x00000000e4700000| Untracked 
|  72|0x00000000e4800000, 0x00000000e4800000, 0x00000000e4900000|  0%| F|  |TAMS 0x00000000e4800000| PB 0x00000000e4800000| Untracked 
|  73|0x00000000e4900000, 0x00000000e4900000, 0x00000000e4a00000|  0%| F|  |TAMS 0x00000000e4900000| PB 0x00000000e4900000| Untracked 
|  74|0x00000000e4a00000, 0x00000000e4a00000, 0x00000000e4b00000|  0%| F|  |TAMS 0x00000000e4a00000| PB 0x00000000e4a00000| Untracked 
| 123|0x00000000e7b00000, 0x00000000e7b00000, 0x00000000e7c00000|  0%| F|  |TAMS 0x00000000e7b00000| PB 0x00000000e7b00000| Untracked 
| 508|0x00000000ffc00000, 0x00000000ffd00000, 0x00000000ffd00000|100%| O|  |TAMS 0x00000000ffd00000| PB 0x00000000ffc00000| Untracked 
| 509|0x00000000ffd00000, 0x00000000ffd00000, 0x00000000ffe00000|  0%| F|  |TAMS 0x00000000ffd00000| PB 0x00000000ffd00000| Untracked 
| 510|0x00000000ffe00000, 0x00000000fff00000, 0x00000000fff00000|100%| O|  |TAMS 0x00000000fff00000| PB 0x00000000ffe00000| Untracked 
| 511|0x00000000fff00000, 0x0000000100000000, 0x0000000100000000|100%| O|  |TAMS 0x0000000100000000| PB 0x00000000fff00000| Untracked 

Card table byte_map: [0x0000022eac130000,0x0000022eac230000] _byte_map_base: 0x0000022eaba30000

Marking Bits: (CMBitMap*) 0x0000022ea061df00
 Bits: [0x0000022eac230000, 0x0000022eaca30000)

Polling page: 0x0000022e9e1f0000

Metaspace:

Usage:
  Non-class:     64.83 MB used.
      Class:     11.10 MB used.
       Both:     75.93 MB used.

Virtual space:
  Non-class space:      128.00 MB reserved,      65.31 MB ( 51%) committed,  2 nodes.
      Class space:        1.00 GB reserved,      11.44 MB (  1%) committed,  1 nodes.
             Both:        1.12 GB reserved,      76.75 MB (  7%) committed. 

Chunk freelists:
   Non-Class:  14.05 MB
       Class:  4.56 MB
        Both:  18.61 MB

MaxMetaspaceSize: unlimited
CompressedClassSpaceSize: 1.00 GB
Initial GC threshold: 21.00 MB
Current GC threshold: 127.50 MB
CDS: on
 - commit_granule_bytes: 65536.
 - commit_granule_words: 8192.
 - virtual_space_node_default_size: 8388608.
 - enlarge_chunks_in_place: 1.
 - use_allocation_guard: 0.


Internal statistics:

num_allocs_failed_limit: 9.
num_arena_births: 1114.
num_arena_deaths: 2.
num_vsnodes_births: 3.
num_vsnodes_deaths: 0.
num_space_committed: 1228.
num_space_uncommitted: 0.
num_chunks_returned_to_freelist: 12.
num_chunks_taken_from_freelist: 3928.
num_chunk_merges: 9.
num_chunk_splits: 2887.
num_chunks_enlarged: 2254.
num_inconsistent_stats: 0.

CodeCache: size=49152Kb used=15060Kb max_used=15060Kb free=34091Kb
 bounds [0x0000022ea8d00000, 0x0000022ea9bc0000, 0x0000022eabd00000]
 total_blobs=8494, nmethods=7774, adapters=639, full_count=0
Compilation: enabled, stopped_count=0, restarted_count=0

Compilation events (20 events):
Event: 7.713 Thread 0x0000022eaf7ef240 8500       1       org.antlr.v4.runtime.atn.ATNConfigSet::iterator (8 bytes)
Event: 7.713 Thread 0x0000022eaf7f0d80 8501       1       org.antlr.v4.runtime.atn.ParserATNSimulator::precedenceTransition (266 bytes)
Event: 7.713 Thread 0x0000022eaf7ef240 nmethod 8500 0x0000022ea9bb0b90 code [0x0000022ea9bb0d20, 0x0000022ea9bb0ea8]
Event: 7.713 Thread 0x0000022eaf6a8280 8502       1       org.antlr.v4.runtime.misc.FlexibleHashMap::expand (151 bytes)
Event: 7.713 Thread 0x0000022eaf7eeb70 8504       1       org.antlr.v4.runtime.atn.ArrayPredictionContext::getReturnState (7 bytes)
Event: 7.713 Thread 0x0000022eaf7ef240 8503       1       org.antlr.v4.runtime.atn.LexerATNConfig::equals (59 bytes)
Event: 7.713 Thread 0x0000022eaf7eeb70 nmethod 8504 0x0000022ea9bb0f90 code [0x0000022ea9bb1120, 0x0000022ea9bb1210]
Event: 7.713 Thread 0x0000022eaf7eeb70 8505       1       org.antlr.v4.runtime.misc.FlexibleHashMap::size (5 bytes)
Event: 7.713 Thread 0x0000022eaf7eeb70 nmethod 8505 0x0000022ea9bb1310 code [0x0000022ea9bb14a0, 0x0000022ea9bb1568]
Event: 7.713 Thread 0x0000022eaf7ef240 nmethod 8503 0x0000022ea9bb1610 code [0x0000022ea9bb17e0, 0x0000022ea9bb1aa8]
Event: 7.713 Thread 0x0000022eaf7ef240 8506       1       org.antlr.v4.runtime.CommonToken::getChannel (5 bytes)
Event: 7.713 Thread 0x0000022eaf7ef240 nmethod 8506 0x0000022ea9bb1c10 code [0x0000022ea9bb1da0, 0x0000022ea9bb1e68]
Event: 7.713 Thread 0x0000022eaf6a8280 nmethod 8502 0x0000022ea9bb1f10 code [0x0000022ea9bb2140, 0x0000022ea9bb2690]
Event: 7.714 Thread 0x0000022eaf7f0d80 nmethod 8501 0x0000022ea9bb2990 code [0x0000022ea9bb2d40, 0x0000022ea9bb3bd8]
Event: 7.715 Thread 0x0000022eaf6a8280 8507       1       org.antlr.v4.runtime.atn.ATNConfigSet::<init> (44 bytes)
Event: 7.715 Thread 0x0000022eaf7eeb70 8508       1       org.antlr.v4.runtime.atn.ATNConfigSet$ConfigHashSet::<init> (8 bytes)
Event: 7.715 Thread 0x0000022eaf7eeb70 nmethod 8508 0x0000022ea9bb4610 code [0x0000022ea9bb47c0, 0x0000022ea9bb48b8]
Event: 7.715 Thread 0x0000022eaf6a8280 nmethod 8507 0x0000022ea9bb4990 code [0x0000022ea9bb4b60, 0x0000022ea9bb4e60]
Event: 7.715 Thread 0x0000022eaf6a8280 8509       1       org.antlr.v4.runtime.BufferedTokenStream::lazyInit (13 bytes)
Event: 7.715 Thread 0x0000022eaf6a8280 nmethod 8509 0x0000022ea9bb4f90 code [0x0000022ea9bb5140, 0x0000022ea9bb5288]

GC Heap History (20 events):
Event: 6.094 GC heap after
{Heap after GC invocations=17 (full 0):
 garbage-first heap   total 66560K, used 34825K [0x00000000e0000000, 0x0000000100000000)
  region size 1024K, 2 young (2048K), 2 survivors (2048K)
 Metaspace       used 59508K, committed 60224K, reserved 1114112K
  class space    used 8391K, committed 8704K, reserved 1048576K
}
Event: 6.102 GC heap before
{Heap before GC invocations=17 (full 0):
 garbage-first heap   total 66560K, used 34825K [0x00000000e0000000, 0x0000000100000000)
  region size 1024K, 3 young (3072K), 2 survivors (2048K)
 Metaspace       used 59603K, committed 60288K, reserved 1114112K
  class space    used 8407K, committed 8704K, reserved 1048576K
}
Event: 6.105 GC heap after
{Heap after GC invocations=18 (full 0):
 garbage-first heap   total 66560K, used 34558K [0x00000000e0000000, 0x0000000100000000)
  region size 1024K, 2 young (2048K), 2 survivors (2048K)
 Metaspace       used 59603K, committed 60288K, reserved 1114112K
  class space    used 8407K, committed 8704K, reserved 1048576K
}
Event: 6.461 GC heap before
{Heap before GC invocations=19 (full 0):
 garbage-first heap   total 66560K, used 59134K [0x00000000e0000000, 0x0000000100000000)
  region size 1024K, 27 young (27648K), 2 survivors (2048K)
 Metaspace       used 65262K, committed 65984K, reserved 1114112K
  class space    used 9410K, committed 9728K, reserved 1048576K
}
Event: 6.463 GC heap after
{Heap after GC invocations=20 (full 0):
 garbage-first heap   total 66560K, used 35364K [0x00000000e0000000, 0x0000000100000000)
  region size 1024K, 3 young (3072K), 3 survivors (3072K)
 Metaspace       used 65262K, committed 65984K, reserved 1114112K
  class space    used 9410K, committed 9728K, reserved 1048576K
}
Event: 6.587 GC heap before
{Heap before GC invocations=20 (full 0):
 garbage-first heap   total 66560K, used 60964K [0x00000000e0000000, 0x0000000100000000)
  region size 1024K, 28 young (28672K), 3 survivors (3072K)
 Metaspace       used 65610K, committed 66368K, reserved 1114112K
  class space    used 9465K, committed 9792K, reserved 1048576K
}
Event: 6.590 GC heap after
{Heap after GC invocations=21 (full 0):
 garbage-first heap   total 66560K, used 35544K [0x00000000e0000000, 0x0000000100000000)
  region size 1024K, 3 young (3072K), 3 survivors (3072K)
 Metaspace       used 65610K, committed 66368K, reserved 1114112K
  class space    used 9465K, committed 9792K, reserved 1048576K
}
Event: 6.743 GC heap before
{Heap before GC invocations=21 (full 0):
 garbage-first heap   total 66560K, used 60120K [0x00000000e0000000, 0x0000000100000000)
  region size 1024K, 28 young (28672K), 3 survivors (3072K)
 Metaspace       used 67562K, committed 68288K, reserved 1114112K
  class space    used 9751K, committed 10048K, reserved 1048576K
}
Event: 6.746 GC heap after
{Heap after GC invocations=22 (full 0):
 garbage-first heap   total 66560K, used 36231K [0x00000000e0000000, 0x0000000100000000)
  region size 1024K, 3 young (3072K), 3 survivors (3072K)
 Metaspace       used 67562K, committed 68288K, reserved 1114112K
  class space    used 9751K, committed 10048K, reserved 1048576K
}
Event: 7.050 GC heap before
{Heap before GC invocations=23 (full 0):
 garbage-first heap   total 66560K, used 59783K [0x00000000e0000000, 0x0000000100000000)
  region size 1024K, 27 young (27648K), 3 survivors (3072K)
 Metaspace       used 71009K, committed 71744K, reserved 1114112K
  class space    used 10323K, committed 10624K, reserved 1048576K
}
Event: 7.054 GC heap after
{Heap after GC invocations=24 (full 0):
 garbage-first heap   total 66560K, used 38270K [0x00000000e0000000, 0x0000000100000000)
  region size 1024K, 4 young (4096K), 4 survivors (4096K)
 Metaspace       used 71009K, committed 71744K, reserved 1114112K
  class space    used 10323K, committed 10624K, reserved 1048576K
}
Event: 7.351 GC heap before
{Heap before GC invocations=24 (full 0):
 garbage-first heap   total 66560K, used 61822K [0x00000000e0000000, 0x0000000100000000)
  region size 1024K, 27 young (27648K), 4 survivors (4096K)
 Metaspace       used 73749K, committed 74560K, reserved 1114112K
  class space    used 10703K, committed 11072K, reserved 1048576K
}
Event: 7.357 GC heap after
{Heap after GC invocations=25 (full 0):
 garbage-first heap   total 69632K, used 40138K [0x00000000e0000000, 0x0000000100000000)
  region size 1024K, 2 young (2048K), 2 survivors (2048K)
 Metaspace       used 73749K, committed 74560K, reserved 1114112K
  class space    used 10703K, committed 11072K, reserved 1048576K
}
Event: 7.619 GC heap before
{Heap before GC invocations=25 (full 0):
 garbage-first heap   total 69632K, used 62666K [0x00000000e0000000, 0x0000000100000000)
  region size 1024K, 25 young (25600K), 2 survivors (2048K)
 Metaspace       used 77478K, committed 78336K, reserved 1179648K
  class space    used 11333K, committed 11712K, reserved 1048576K
}
Event: 7.624 GC heap after
{Heap after GC invocations=26 (full 0):
 garbage-first heap   total 69632K, used 43824K [0x00000000e0000000, 0x0000000100000000)
  region size 1024K, 4 young (4096K), 4 survivors (4096K)
 Metaspace       used 77478K, committed 78336K, reserved 1179648K
  class space    used 11333K, committed 11712K, reserved 1048576K
}
Event: 7.662 GC heap before
{Heap before GC invocations=27 (full 0):
 garbage-first heap   total 73728K, used 63280K [0x00000000e0000000, 0x0000000100000000)
  region size 1024K, 23 young (23552K), 4 survivors (4096K)
 Metaspace       used 77478K, committed 78336K, reserved 1179648K
  class space    used 11333K, committed 11712K, reserved 1048576K
}
Event: 7.669 GC heap after
{Heap after GC invocations=28 (full 0):
 garbage-first heap   total 73728K, used 48436K [0x00000000e0000000, 0x0000000100000000)
  region size 1024K, 3 young (3072K), 3 survivors (3072K)
 Metaspace       used 77478K, committed 78336K, reserved 1179648K
  class space    used 11333K, committed 11712K, reserved 1048576K
}
Event: 7.690 GC heap before
{Heap before GC invocations=28 (full 0):
 garbage-first heap   total 73728K, used 64820K [0x00000000e0000000, 0x0000000100000000)
  region size 1024K, 19 young (19456K), 3 survivors (3072K)
 Metaspace       used 77478K, committed 78336K, reserved 1179648K
  class space    used 11333K, committed 11712K, reserved 1048576K
}
Event: 7.695 GC heap after
{Heap after GC invocations=29 (full 0):
 garbage-first heap   total 74752K, used 54272K [0x00000000e0000000, 0x0000000100000000)
  region size 1024K, 3 young (3072K), 3 survivors (3072K)
 Metaspace       used 77478K, committed 78336K, reserved 1179648K
  class space    used 11333K, committed 11712K, reserved 1048576K
}
Event: 7.725 GC heap before
{Heap before GC invocations=29 (full 0):
 garbage-first heap   total 74752K, used 65536K [0x00000000e0000000, 0x0000000100000000)
  region size 1024K, 15 young (15360K), 3 survivors (3072K)
 Metaspace       used 77757K, committed 78592K, reserved 1179648K
  class space    used 11369K, committed 11712K, reserved 1048576K
}

Dll operation events (11 events):
Event: 0.037 Loaded shared library C:\Users\Om\.jdks\corretto-21.0.10\bin\java.dll
Event: 0.361 Loaded shared library C:\Users\Om\.jdks\corretto-21.0.10\bin\zip.dll
Event: 0.364 Loaded shared library C:\Users\Om\.jdks\corretto-21.0.10\bin\instrument.dll
Event: 0.372 Loaded shared library C:\Users\Om\.jdks\corretto-21.0.10\bin\net.dll
Event: 0.376 Loaded shared library C:\Users\Om\.jdks\corretto-21.0.10\bin\nio.dll
Event: 0.380 Loaded shared library C:\Users\Om\.jdks\corretto-21.0.10\bin\zip.dll
Event: 0.393 Loaded shared library C:\Users\Om\.jdks\corretto-21.0.10\bin\jimage.dll
Event: 0.667 Loaded shared library C:\Users\Om\.jdks\corretto-21.0.10\bin\extnet.dll
Event: 0.683 Loaded shared library C:\Users\Om\.jdks\corretto-21.0.10\bin\management.dll
Event: 0.695 Loaded shared library C:\Users\Om\.jdks\corretto-21.0.10\bin\management_ext.dll
Event: 2.407 Loaded shared library C:\Users\Om\.jdks\corretto-21.0.10\bin\sunmscapi.dll

Deoptimization events (2 events):
Event: 4.267 Thread 0x0000022ef5b492f0 DEOPT PACKING pc=0x0000022ea91ceee4 sp=0x0000003703df8c70
Event: 4.267 Thread 0x0000022ef5b492f0 DEOPT UNPACKING pc=0x0000022ea8d54bc2 sp=0x0000003703df8138 mode 0

Classes loaded (20 events):
Event: 7.245 Loading class sun/reflect/generics/reflectiveObjects/GenericArrayTypeImpl
Event: 7.245 Loading class sun/reflect/generics/reflectiveObjects/GenericArrayTypeImpl done
Event: 7.315 Loading class java/util/WeakHashMap$KeyIterator
Event: 7.315 Loading class java/util/WeakHashMap$KeyIterator done
Event: 7.340 Loading class java/lang/Package$1PackageInfoProxy
Event: 7.340 Loading class java/lang/Package$1PackageInfoProxy done
Event: 7.439 Loading class java/util/regex/Pattern$Neg
Event: 7.439 Loading class java/util/regex/Pattern$Neg done
Event: 7.441 Loading class java/util/regex/Pattern$Bound
Event: 7.441 Loading class java/util/regex/Pattern$Bound done
Event: 7.441 Loading class java/util/regex/Pattern$LookBehindEndNode
Event: 7.441 Loading class java/util/regex/Pattern$LookBehindEndNode done
Event: 7.441 Loading class java/util/regex/Pattern$NotBehind
Event: 7.441 Loading class java/util/regex/Pattern$NotBehind done
Event: 7.441 Loading class java/util/regex/Pattern$Behind
Event: 7.442 Loading class java/util/regex/Pattern$Behind done
Event: 7.453 Loading class java/util/EmptyStackException
Event: 7.453 Loading class java/util/EmptyStackException done
Event: 7.553 Loading class java/io/InvalidClassException
Event: 7.553 Loading class java/io/InvalidClassException done

Classes unloaded (1 events):
Event: 6.119 Thread 0x0000022eaf66c5a0 Unloading class 0x0000022eb14d8400 'jdk/internal/reflect/GeneratedSerializationConstructorAccessor26'

Classes redefined (0 events):
No events

Internal exceptions (20 events):
Event: 6.972 Thread 0x0000022ef5b492f0 Exception <a 'java/lang/IncompatibleClassChangeError'{0x00000000e2facdb8}: Found class java.lang.Object, but interface was expected> (0x00000000e2facdb8) 
thrown [s\src\hotspot\share\interpreter\linkResolver.cpp, line 840]
Event: 6.972 Thread 0x0000022ef5b492f0 Exception <a 'java/lang/IncompatibleClassChangeError'{0x00000000e2fb2688}: Found class java.lang.Object, but interface was expected> (0x00000000e2fb2688) 
thrown [s\src\hotspot\share\interpreter\linkResolver.cpp, line 840]
Event: 6.972 Thread 0x0000022ef5b492f0 Exception <a 'java/lang/IncompatibleClassChangeError'{0x00000000e2fb8408}: Found class java.lang.Object, but interface was expected> (0x00000000e2fb8408) 
thrown [s\src\hotspot\share\interpreter\linkResolver.cpp, line 840]
Event: 6.972 Thread 0x0000022ef5b492f0 Exception <a 'java/lang/IncompatibleClassChangeError'{0x00000000e2fbe3c0}: Found class java.lang.Object, but interface was expected> (0x00000000e2fbe3c0) 
thrown [s\src\hotspot\share\interpreter\linkResolver.cpp, line 840]
Event: 6.973 Thread 0x0000022ef5b492f0 Exception <a 'java/lang/IncompatibleClassChangeError'{0x00000000e2fca0d0}: Found class java.lang.Object, but interface was expected> (0x00000000e2fca0d0) 
thrown [s\src\hotspot\share\interpreter\linkResolver.cpp, line 840]
Event: 6.973 Thread 0x0000022ef5b492f0 Exception <a 'java/lang/IncompatibleClassChangeError'{0x00000000e2fe0660}: Found class java.lang.Object, but interface was expected> (0x00000000e2fe0660) 
thrown [s\src\hotspot\share\interpreter\linkResolver.cpp, line 840]
Event: 6.973 Thread 0x0000022ef5b492f0 Exception <a 'java/lang/IncompatibleClassChangeError'{0x00000000e2fe5700}: Found class java.lang.Object, but interface was expected> (0x00000000e2fe5700) 
thrown [s\src\hotspot\share\interpreter\linkResolver.cpp, line 840]
Event: 6.973 Thread 0x0000022ef5b492f0 Exception <a 'java/lang/NoSuchMethodError'{0x00000000e2ff3a48}: 'int java.lang.invoke.DirectMethodHandle$Holder.invokeSpecialIFC(java.lang.Object, java.lang.Object, java.lang.Object)'> (0x00000000e2ff3a48) 
thrown [s\src\hotspot\share\interpreter\linkResolver.cpp, line 773]
Event: 6.973 Thread 0x0000022ef5b492f0 Exception <a 'java/lang/IncompatibleClassChangeError'{0x00000000e2ff8f80}: Found class java.lang.Object, but interface was expected> (0x00000000e2ff8f80) 
thrown [s\src\hotspot\share\interpreter\linkResolver.cpp, line 840]
Event: 6.973 Thread 0x0000022ef5b492f0 Exception <a 'java/lang/IncompatibleClassChangeError'{0x00000000e2ffeec8}: Found class java.lang.Object, but interface was expected> (0x00000000e2ffeec8) 
thrown [s\src\hotspot\share\interpreter\linkResolver.cpp, line 840]
Event: 6.974 Thread 0x0000022ef5b492f0 Exception <a 'java/lang/IncompatibleClassChangeError'{0x00000000e2e08940}: Found class java.lang.Object, but interface was expected> (0x00000000e2e08940) 
thrown [s\src\hotspot\share\interpreter\linkResolver.cpp, line 840]
Event: 6.981 Thread 0x0000022ef5b492f0 Exception <a 'java/lang/NoSuchMethodError'{0x00000000e2eaa4c8}: 'void java.lang.invoke.DirectMethodHandle$Holder.invokeStatic(java.lang.Object, int, java.lang.Object)'> (0x00000000e2eaa4c8) 
thrown [s\src\hotspot\share\interpreter\linkResolver.cpp, line 773]
Event: 7.164 Thread 0x0000022ef5b492f0 Exception <a 'java/lang/NoSuchMethodError'{0x00000000e396a600}: 'int java.lang.invoke.DirectMethodHandle$Holder.invokeVirtual(java.lang.Object, java.lang.Object, java.lang.Object, java.lang.Object)'> (0x00000000e396a600) 
thrown [s\src\hotspot\share\interpreter\linkResolver.cpp, line 773]
Event: 7.164 Thread 0x0000022ef5b492f0 Exception <a 'java/lang/NoSuchMethodError'{0x00000000e396ded0}: 'int java.lang.invoke.DelegatingMethodHandle$Holder.reinvoke_L(java.lang.Object, java.lang.Object, java.lang.Object, java.lang.Object)'> (0x00000000e396ded0) 
thrown [s\src\hotspot\share\interpreter\linkResolver.cpp, line 773]
Event: 7.188 Thread 0x0000022ef5b492f0 Exception <a 'java/io/FileNotFoundException'{0x00000000e38a7a90}> (0x00000000e38a7a90) 
thrown [s\src\hotspot\share\prims\jni.cpp, line 520]
Event: 7.219 Thread 0x0000022ef5b492f0 Exception <a 'java/lang/NoSuchMethodError'{0x00000000e352e678}: 'int java.lang.invoke.DirectMethodHandle$Holder.invokeInterface(java.lang.Object, java.lang.Object, java.lang.Object, java.lang.Object)'> (0x00000000e352e678) 
thrown [s\src\hotspot\share\interpreter\linkResolver.cpp, line 773]
Event: 7.233 Thread 0x0000022ef5b492f0 Exception <a 'java/lang/NoSuchMethodError'{0x00000000e349be68}: 'void java.lang.invoke.DelegatingMethodHandle$Holder.reinvoke_L(java.lang.Object, java.lang.Object, long)'> (0x00000000e349be68) 
thrown [s\src\hotspot\share\interpreter\linkResolver.cpp, line 773]
Event: 7.254 Thread 0x0000022ef5b492f0 Exception <a 'java/lang/IncompatibleClassChangeError'{0x00000000e3122fb0}: Found class java.lang.Object, but interface was expected> (0x00000000e3122fb0) 
thrown [s\src\hotspot\share\interpreter\linkResolver.cpp, line 840]
Event: 7.283 Thread 0x0000022ef5b492f0 Exception <a 'java/lang/IncompatibleClassChangeError'{0x00000000e2f29328}: Found class java.lang.Object, but interface was expected> (0x00000000e2f29328) 
thrown [s\src\hotspot\share\interpreter\linkResolver.cpp, line 840]
Event: 7.442 Thread 0x0000022ef5b492f0 Exception <a 'java/lang/IncompatibleClassChangeError'{0x00000000e47ea738}: Found class java.lang.Object, but interface was expected> (0x00000000e47ea738) 
thrown [s\src\hotspot\share\interpreter\linkResolver.cpp, line 840]

ZGC Phase Switch (0 events):
No events

VM Operations (20 events):
Event: 7.343 Executing non-safepoint VM operation: HandshakeAllThreads (Deoptimize) done
Event: 7.344 Executing non-safepoint VM operation: HandshakeAllThreads (Deoptimize)
Event: 7.344 Executing non-safepoint VM operation: HandshakeAllThreads (Deoptimize) done
Event: 7.351 Executing safepoint VM operation: G1CollectForAllocation (G1 Evacuation Pause)
Event: 7.357 Executing safepoint VM operation: G1CollectForAllocation (G1 Evacuation Pause) done
Event: 7.563 Executing non-safepoint VM operation: HandshakeAllThreads (Deoptimize)
Event: 7.563 Executing non-safepoint VM operation: HandshakeAllThreads (Deoptimize) done
Event: 7.619 Executing safepoint VM operation: G1CollectForAllocation (G1 Evacuation Pause)
Event: 7.624 Executing safepoint VM operation: G1CollectForAllocation (G1 Evacuation Pause) done
Event: 7.637 Executing safepoint VM operation: G1PauseRemark
Event: 7.642 Executing safepoint VM operation: G1PauseRemark done
Event: 7.651 Executing safepoint VM operation: G1PauseCleanup
Event: 7.651 Executing safepoint VM operation: G1PauseCleanup done
Event: 7.662 Executing safepoint VM operation: G1CollectForAllocation (G1 Evacuation Pause)
Event: 7.669 Executing safepoint VM operation: G1CollectForAllocation (G1 Evacuation Pause) done
Event: 7.690 Executing safepoint VM operation: G1CollectForAllocation (G1 Evacuation Pause)
Event: 7.695 Executing safepoint VM operation: G1CollectForAllocation (G1 Evacuation Pause) done
Event: 7.704 Executing non-safepoint VM operation: HandshakeAllThreads (Deoptimize)
Event: 7.704 Executing non-safepoint VM operation: HandshakeAllThreads (Deoptimize) done
Event: 7.725 Executing safepoint VM operation: G1CollectForAllocation (G1 Evacuation Pause)

Memory protections (0 events):
No events

Nmethod flushes (20 events):
Event: 6.767 Thread 0x0000022eaf66c5a0 flushing  nmethod 0x0000022ea92a8810
Event: 6.767 Thread 0x0000022eaf66c5a0 flushing  nmethod 0x0000022ea92a9b10
Event: 6.767 Thread 0x0000022eaf66c5a0 flushing  nmethod 0x0000022ea92ad990
Event: 6.767 Thread 0x0000022eaf66c5a0 flushing  nmethod 0x0000022ea92e4a90
Event: 6.767 Thread 0x0000022eaf66c5a0 flushing  nmethod 0x0000022ea92e7810
Event: 6.767 Thread 0x0000022eaf66c5a0 flushing  nmethod 0x0000022ea92e8b10
Event: 6.767 Thread 0x0000022eaf66c5a0 flushing  nmethod 0x0000022ea939f690
Event: 6.767 Thread 0x0000022eaf66c5a0 flushing  nmethod 0x0000022ea939fb90
Event: 6.767 Thread 0x0000022eaf66c5a0 flushing  nmethod 0x0000022ea93a2610
Event: 6.767 Thread 0x0000022eaf66c5a0 flushing  nmethod 0x0000022ea93f7110
Event: 6.767 Thread 0x0000022eaf66c5a0 flushing  nmethod 0x0000022ea93f8c90
Event: 6.767 Thread 0x0000022eaf66c5a0 flushing  nmethod 0x0000022ea93f9690
Event: 6.767 Thread 0x0000022eaf66c5a0 flushing  nmethod 0x0000022ea93fa490
Event: 7.641 Thread 0x0000022eaf66c5a0 flushing  nmethod 0x0000022ea8f90610
Event: 7.641 Thread 0x0000022eaf66c5a0 flushing  nmethod 0x0000022ea9a5e010
Event: 7.641 Thread 0x0000022eaf66c5a0 flushing  nmethod 0x0000022ea9a5ea90
Event: 7.641 Thread 0x0000022eaf66c5a0 flushing  nmethod 0x0000022ea9b55b10
Event: 7.641 Thread 0x0000022eaf66c5a0 flushing  nmethod 0x0000022ea9b55f10
Event: 7.641 Thread 0x0000022eaf66c5a0 flushing  nmethod 0x0000022ea9763390
Event: 7.641 Thread 0x0000022eaf66c5a0 flushing  nmethod 0x0000022ea9763f10

Events (20 events):
Event: 3.256 Thread 0x0000022ef6db1430 Thread exited: 0x0000022ef6db1430
Event: 3.759 Thread 0x0000022ef5599020 Thread added: 0x0000022ef72a1a80
Event: 3.773 Thread 0x0000022ef72a1a80 Thread exited: 0x0000022ef72a1a80
Event: 4.276 Thread 0x0000022ef5599020 Thread added: 0x0000022ef72a0040
Event: 4.281 Thread 0x0000022ef72a0040 Thread exited: 0x0000022ef72a0040
Event: 4.354 Thread 0x0000022ef5b492f0 Thread added: 0x0000022ef72a1a80
Event: 4.370 Thread 0x0000022ef5b492f0 Thread added: 0x0000022ef72a06d0
Event: 4.481 Thread 0x0000022ef72a06d0 Thread added: 0x0000022ef72a0d60
Event: 4.784 Thread 0x0000022ef5599020 Thread added: 0x0000022ef72a13f0
Event: 4.788 Thread 0x0000022ef72a13f0 Thread exited: 0x0000022ef72a13f0
Event: 5.290 Thread 0x0000022ef5599020 Thread added: 0x0000022ef729e600
Event: 5.295 Thread 0x0000022ef729e600 Thread exited: 0x0000022ef729e600
Event: 5.797 Thread 0x0000022ef5599020 Thread added: 0x0000022ef72a13f0
Event: 5.801 Thread 0x0000022ef72a13f0 Thread exited: 0x0000022ef72a13f0
Event: 6.304 Thread 0x0000022ef5599020 Thread added: 0x0000022ef729f320
Event: 6.309 Thread 0x0000022ef729f320 Thread exited: 0x0000022ef729f320
Event: 6.811 Thread 0x0000022ef5599020 Thread added: 0x0000022ef729ec90
Event: 6.816 Thread 0x0000022ef729ec90 Thread exited: 0x0000022ef729ec90
Event: 7.319 Thread 0x0000022ef5599020 Thread added: 0x0000022ef729f320
Event: 7.323 Thread 0x0000022ef729f320 Thread exited: 0x0000022ef729f320


Dynamic libraries:
0x00007ff788a50000 - 0x00007ff788a5e000 	C:\Users\Om\.jdks\corretto-21.0.10\bin\java.exe
0x00007fffc1a60000 - 0x00007fffc1cc7000 	C:\WINDOWS\SYSTEM32\ntdll.dll
0x00007fffbfdf0000 - 0x00007fffbfeb9000 	C:\WINDOWS\System32\KERNEL32.DLL
0x00007fffbf2c0000 - 0x00007fffbf6b4000 	C:\WINDOWS\System32\KERNELBASE.dll
0x00007fffbef10000 - 0x00007fffbf05b000 	C:\WINDOWS\System32\ucrtbase.dll
0x00007fffb9570000 - 0x00007fffb9588000 	C:\Users\Om\.jdks\corretto-21.0.10\bin\jli.dll
0x00007fffb9590000 - 0x00007fffb95ae000 	C:\Users\Om\.jdks\corretto-21.0.10\bin\VCRUNTIME140.dll
0x00007fffc1070000 - 0x00007fffc1235000 	C:\WINDOWS\System32\USER32.dll
0x00007fffbf290000 - 0x00007fffbf2b7000 	C:\WINDOWS\System32\win32u.dll
0x00007fffc0bb0000 - 0x00007fffc0bdb000 	C:\WINDOWS\System32\GDI32.dll
0x00007fff9d770000 - 0x00007fff9da03000 	C:\WINDOWS\WinSxS\amd64_microsoft.windows.common-controls_6595b64144ccf1df_6.0.26100.8115_none_3e075c82e3354f9c\COMCTL32.dll
0x00007fffbf6c0000 - 0x00007fffbf7eb000 	C:\WINDOWS\System32\gdi32full.dll
0x00007fffbe330000 - 0x00007fffbe3d3000 	C:\WINDOWS\System32\msvcp_win.dll
0x00007fffc06e0000 - 0x00007fffc0789000 	C:\WINDOWS\System32\msvcrt.dll
0x00007fffc0e30000 - 0x00007fffc0e62000 	C:\WINDOWS\System32\IMM32.DLL
0x00007fffbb3f0000 - 0x00007fffbb3fc000 	C:\Users\Om\.jdks\corretto-21.0.10\bin\vcruntime140_1.dll
0x00007fffb94e0000 - 0x00007fffb9569000 	C:\Users\Om\.jdks\corretto-21.0.10\bin\msvcp140.dll
0x00007fff30fc0000 - 0x00007fff31d68000 	C:\Users\Om\.jdks\corretto-21.0.10\bin\server\jvm.dll
0x00007fffbfd30000 - 0x00007fffbfde6000 	C:\WINDOWS\System32\ADVAPI32.dll
0x00007fffc0630000 - 0x00007fffc06d7000 	C:\WINDOWS\System32\sechost.dll
0x00007fffc0cc0000 - 0x00007fffc0dd8000 	C:\WINDOWS\System32\RPCRT4.dll
0x00007fffc1800000 - 0x00007fffc1880000 	C:\WINDOWS\System32\WS2_32.dll
0x00007fffbd190000 - 0x00007fffbd1ee000 	C:\WINDOWS\SYSTEM32\POWRPROF.dll
0x00007fffb28f0000 - 0x00007fffb2926000 	C:\WINDOWS\SYSTEM32\WINMM.dll
0x00007fffb3c50000 - 0x00007fffb3c5b000 	C:\WINDOWS\SYSTEM32\VERSION.dll
0x00007fffbd150000 - 0x00007fffbd164000 	C:\WINDOWS\SYSTEM32\UMPDC.dll
0x00007fffbd170000 - 0x00007fffbd18b000 	C:\WINDOWS\SYSTEM32\kernel.appcore.dll
0x00007fffbb320000 - 0x00007fffbb32a000 	C:\Users\Om\.jdks\corretto-21.0.10\bin\jimage.dll
0x00007fffbc130000 - 0x00007fffbc372000 	C:\WINDOWS\SYSTEM32\DBGHELP.DLL
0x00007fffc1240000 - 0x00007fffc15c2000 	C:\WINDOWS\System32\combase.dll
0x00007fffc0be0000 - 0x00007fffc0cb8000 	C:\WINDOWS\System32\OLEAUT32.dll
0x00007fff92cd0000 - 0x00007fff92d0b000 	C:\WINDOWS\SYSTEM32\dbgcore.DLL
0x00007fffbf060000 - 0x00007fffbf105000 	C:\WINDOWS\System32\bcryptPrimitives.dll
0x00007fffb94d0000 - 0x00007fffb94e0000 	C:\Users\Om\.jdks\corretto-21.0.10\bin\instrument.dll
0x00007fffb94a0000 - 0x00007fffb94c1000 	C:\Users\Om\.jdks\corretto-21.0.10\bin\java.dll
0x00007fffbfec0000 - 0x00007fffc0627000 	C:\WINDOWS\System32\SHELL32.dll
0x00007fffbeda0000 - 0x00007fffbef0a000 	C:\WINDOWS\System32\wintypes.dll
0x00007fffbe530000 - 0x00007fffbed98000 	C:\WINDOWS\System32\windows.storage.dll
0x00007fffc1890000 - 0x00007fffc1988000 	C:\WINDOWS\System32\SHCORE.dll
0x00007fffc09d0000 - 0x00007fffc0a36000 	C:\WINDOWS\System32\shlwapi.dll
0x00007fffbe250000 - 0x00007fffbe279000 	C:\WINDOWS\SYSTEM32\profapi.dll
0x00007fffa1040000 - 0x00007fffa1058000 	C:\Users\Om\.jdks\corretto-21.0.10\bin\zip.dll
0x00007fffb9480000 - 0x00007fffb9491000 	C:\Users\Om\.jdks\corretto-21.0.10\bin\net.dll
0x00007fffb5ef0000 - 0x00007fffb601d000 	C:\WINDOWS\SYSTEM32\WINHTTP.dll
0x00007fffbd750000 - 0x00007fffbd7bc000 	C:\WINDOWS\system32\mswsock.dll
0x00007fffb9460000 - 0x00007fffb9476000 	C:\Users\Om\.jdks\corretto-21.0.10\bin\nio.dll
0x00007fffbcac0000 - 0x00007fffbcbf2000 	C:\WINDOWS\SYSTEM32\DNSAPI.dll
0x00007fffbca80000 - 0x00007fffbcab2000 	C:\WINDOWS\SYSTEM32\IPHLPAPI.DLL
0x00007fffc0ba0000 - 0x00007fffc0baa000 	C:\WINDOWS\System32\NSI.dll
0x00007fffb5310000 - 0x00007fffb531b000 	C:\Windows\System32\rasadhlp.dll
0x00007fffb8fc0000 - 0x00007fffb9046000 	C:\WINDOWS\System32\fwpuclnt.dll
0x00007fffb9450000 - 0x00007fffb9459000 	C:\Users\Om\.jdks\corretto-21.0.10\bin\extnet.dll
0x00007fffb52a0000 - 0x00007fffb52aa000 	C:\Users\Om\.jdks\corretto-21.0.10\bin\management.dll
0x00007fffb2510000 - 0x00007fffb251c000 	C:\Users\Om\.jdks\corretto-21.0.10\bin\management_ext.dll
0x00007fffc1060000 - 0x00007fffc1068000 	C:\WINDOWS\System32\PSAPI.DLL
0x00007fffbda30000 - 0x00007fffbda4b000 	C:\WINDOWS\SYSTEM32\CRYPTSP.dll
0x00007fffbd090000 - 0x00007fffbd0c9000 	C:\WINDOWS\system32\rsaenh.dll
0x00007fffbd800000 - 0x00007fffbd833000 	C:\WINDOWS\SYSTEM32\USERENV.dll
0x00007fffbe220000 - 0x00007fffbe24a000 	C:\WINDOWS\SYSTEM32\bcrypt.dll
0x00007fffbda50000 - 0x00007fffbda5c000 	C:\WINDOWS\SYSTEM32\CRYPTBASE.dll
0x00007fff975c0000 - 0x00007fff975d8000 	C:\WINDOWS\system32\napinsp.dll
0x00007fff97b10000 - 0x00007fff97b23000 	C:\WINDOWS\System32\winrnr.dll
0x00007fff97ae0000 - 0x00007fff97b02000 	C:\WINDOWS\system32\nlansp_c.dll
0x00007fff950e0000 - 0x00007fff950f6000 	C:\WINDOWS\system32\wshbth.dll
0x00007fff9c4b0000 - 0x00007fff9c506000 	C:\WINDOWS\SYSTEM32\pdh.dll
0x00007fff92cb0000 - 0x00007fff92cc2000 	C:\WINDOWS\System32\perfproc.dll
0x00007fff92b20000 - 0x00007fff92b31000 	C:\WINDOWS\System32\perfos.dll
0x00007fffbc720000 - 0x00007fffbc732000 	C:\WINDOWS\SYSTEM32\pfclient.dll
0x00007fffa1030000 - 0x00007fffa103e000 	C:\Users\Om\.jdks\corretto-21.0.10\bin\sunmscapi.dll
0x00007fffbf110000 - 0x00007fffbf287000 	C:\WINDOWS\System32\CRYPT32.dll
0x00007fffbdc50000 - 0x00007fffbdc80000 	C:\WINDOWS\SYSTEM32\ncrypt.dll
0x00007fffbdc00000 - 0x00007fffbdc3f000 	C:\WINDOWS\SYSTEM32\NTASN1.dll

JVMTI agents:
C:\Program Files\JetBrains\IntelliJ IDEA 2026.1\lib\idea_rt.jar path:C:\Users\Om\.jdks\corretto-21.0.10\bin\instrument.dll, loaded, initialized, instrumentlib options:51265

dbghelp: loaded successfully - version: 4.0.5 - missing functions: none
symbol engine: initialized successfully - sym options: 0x614 - pdb path: .;C:\Users\Om\.jdks\corretto-21.0.10\bin;C:\WINDOWS\SYSTEM32;C:\WINDOWS\WinSxS\amd64_microsoft.windows.common-controls_6595b64144ccf1df_6.0.26100.8115_none_3e075c82e3354f9c;C:\Users\Om\.jdks\corretto-21.0.10\bin\server

VM Arguments:
jvm_args: -Xmx512m -XX:TieredStopAtLevel=1 -Dspring.output.ansi.enabled=always -Dcom.sun.management.jmxremote -Dspring.jmx.enabled=true -Dspring.liveBeansView.mbeanDomain -Dspring.application.admin.enabled=true -Dmanagement.endpoints.jmx.exposure.include=* -javaagent:C:\Program Files\JetBrains\IntelliJ IDEA 2026.1\lib\idea_rt.jar=51265 -Dfile.encoding=UTF-8 -Dsun.stdout.encoding=UTF-8 -Dsun.stderr.encoding=UTF-8 
java_command: com.app.aml.AmlApplication
java_class_path (initial): C:\Users\Om\OneDrive\Documents\AML Backend\AML\target\classes;C:\Users\Om\.m2\repository\org\springframework\boot\spring-boot-starter-batch\3.2.5\spring-boot-starter-batch-3.2.5.jar;C:\Users\Om\.m2\repository\org\springframework\boot\spring-boot-starter\4.0.5\spring-boot-starter-4.0.5.jar;C:\Users\Om\.m2\repository\org\springframework\boot\spring-boot-starter-logging\4.0.5\spring-boot-starter-logging-4.0.5.jar;C:\Users\Om\.m2\repository\ch\qos\logback\logback-classic\1.5.32\logback-classic-1.5.32.jar;C:\Users\Om\.m2\repository\ch\qos\logback\logback-core\1.5.32\logback-core-1.5.32.jar;C:\Users\Om\.m2\repository\org\apache\logging\log4j\log4j-to-slf4j\2.25.3\log4j-to-slf4j-2.25.3.jar;C:\Users\Om\.m2\repository\org\apache\logging\log4j\log4j-api\2.25.3\log4j-api-2.25.3.jar;C:\Users\Om\.m2\repository\org\slf4j\jul-to-slf4j\2.0.17\jul-to-slf4j-2.0.17.jar;C:\Users\Om\.m2\repository\jakarta\annotation\jakarta.annotation-api\3.0.0\jakarta.annotation-api-3.0.0.jar;C:\Users\Om\.m2\repository\org\yaml\snakeyaml\2.5\snakeyaml-2.5.jar;C:\Users\Om\.m2\repository\org\springframework\batch\spring-batch-core\5.1.1\spring-batch-core-5.1.1.jar;C:\Users\Om\.m2\repository\org\springframework\spring-aop\7.0.6\spring-aop-7.0.6.jar;C:\Users\Om\.m2\repository\org\springframework\spring-beans\7.0.6\spring-beans-7.0.6.jar;C:\Users\Om\.m2\repository\org\springframework\spring-context\7.0.6\spring-context-7.0.6.jar;C:\Users\Om\.m2\repository\org\springframework\spring-expression\7.0.6\spring-expression-7.0.6.jar;C:\Users\Om\.m2\repository\org\springframework\spring-tx\7.0.6\spring-tx-7.0.6.jar;C:\Users\Om\.m2\repository\org\springframework\spring-jdbc\7.0.6\spring-jdbc-7.0.6.jar;C:\Users\Om\.m2\repository\io\micrometer\micrometer-core\1.16.4\micrometer-core-1.16.4.jar;C:\Users\Om\.m2\repository\org\jspecify\jspecify\1.0.0\jspecify-1.0.0.jar;C:\Users\Om\.m2\repository\io\micrometer\micrometer-commons\1.16.4\micrometer-commons-1.16.4.jar;C:\Users\Om\.m2\repository\org\hdrhistogram\HdrHistogram\2.2.2\HdrHistogram-2.2.2.jar;C:\Users\Om\.m2\repository\org\latencyutils\LatencyUtils\2.0.3\LatencyUtils-2.0.3.jar;C:\Users\Om\.m2\repository\io\micrometer\micrometer-observation\1.16.4\micrometer-observation-1.16.4.jar;C:\Users\Om\.m2\repository\org\xhtmlrenderer\flying-saucer-pdf\9.4.0\flying-saucer-pdf-9.4.0.jar;C:\Users\Om\.m2\repository\org\xhtmlrenderer\flying-saucer-core\9.4.0\flying-saucer-core-9.4.0.jar;C:\Users\Om\.m2\repository\org\slf4j\slf4j-api\2.0.17\slf4j-api-2.0.17.jar;C:\Users\Om\.m2\repository\com\github\librepdf\openpdf\1.3.39\openpdf-1.3.39.jar;C:\Users\Om\.m2\repository\com\github\javafaker\javafaker\1.0.2\javafaker-1.0.2.jar;C:\Users\Om\.m2\repository\org\apache\commons\commons-lang3\3.19.0\commons-lang3-3.19.0.jar;C:\Users\Om\.m2\repository\org\yaml\snakeyaml\1.23\snakeyaml-1.23-android.jar;C:\Users\Om\.m2\repository\com\github\mifmif\generex\1.0.2\generex-1.0.2.jar;C:\Users\Om\.m2\repository\dk\brics\automaton\automaton\1.11-8\automaton-1.11-8.jar;C:\Users\Om\.m2\repository\org\springframework\batch\spring-batch-infrastructure\5.1.1\spring-batch-infrastructure-5.1.1.jar;C:\Users\Om\.m2\repository\org\springframework\spring-core\7.0.6\spring-core-7.0.6.jar;C:\Users\Om\.m2\repository\commons-logging\commons-logging\1.3.6\commons-logging-1.3.6.jar;C:\Users\Om\.m2\repository\org\springframework\retry\spring-retry\2.0.5\spring-retry-2.0.5.jar;C:\Users\Om\.m2\repository\org\springframework\boot\spring-boot-starter-json\4.0.5\spring-boot-starter-json-4.0.5.jar;C:\Users\Om\.m2\repository\org\springframework\boot\spring-boot-jackson\4.0.5\spring-boot-jackson-4.0.5.jar;C:\Users\Om\.m2\repository\tools\jackson\core\jackson-databind\3.1.0\jackson-databind-3.1.0.jar;C:\Users\Om\.m2\repository\tools\jackson\core\jackson-core\3.1.0\jackson-core-3.1.0.jar;C:\Users\Om\.m2\repository\org\springframework\boot\spring-boot-starter-jdbc\4.0.5\spring-boot-starter-jdbc-4.0.5.jar;C:\Users\Om\.m2\repository\org\springframework\boot\spring-boot-jdbc\4.0.5\spring-boot-jdbc-4.0.5.jar;C:\Users\Om\.m2\repository\org\springframework\boot\spring-boot-sql\4.0.5\spring-boot-sql-4.0.5.jar;C:\Users\Om\.m2\repository\org\springframework\boot\spring-boot-transaction\4.0.5\spring-boot-transaction-4.0.5.jar;C:\Users\Om\.m2\repository\org\springframework\boot\spring-boot-persistence\4.0.5\spring-boot-persistence-4.0.5.jar;C:\Users\Om\.m2\repository\com\zaxxer\HikariCP\7.0.2\HikariCP-7.0.2.jar;C:\Users\Om\.m2\repository\com\fasterxml\jackson\datatype\jackson-datatype-jsr310\2.21.2\jackson-datatype-jsr310-2.21.2.jar;C:\Users\Om\.m2\repository\com\fasterxml\jackson\core\jackson-annotations\2.21\jackson-annotations-2.21.jar;C:\Users\Om\.m2\repository\com\fasterxml\jackson\core\jackson-core\2.21.2\jackson-core-2.21.2.jar;C:\Users\Om\.m2\repository\com\fasterxml\jackson\core\jackson-databind\2.21.2\jackson-databind-2.21.2.jar;C:\Users\Om\.m2\repository\org\springframework\boot\spring-boot-starter-mail\4.1.0-M4\spring-boot-starter-mail-4.1.0-M4.jar;C:\Users\Om\.m2\repository\org\springframework\boot\spring-boot-mail\4.0.5\spring-boot-mail-4.0.5.jar;C:\Users\Om\.m2\repository\org\springframework\spring-context-support\7.0.6\spring-context-support-7.0.6.jar;C:\Users\Om\.m2\repository\jakarta\mail\jakarta.mail-api\2.1.5\jakarta.mail-api-2.1.5.jar;C:\Users\Om\.m2\repository\jakarta\activation\jakarta.activation-api\2.1.4\jakarta.activation-api-2.1.4.jar;C:\Users\Om\.m2\repository\org\eclipse\angus\angus-mail\2.0.5\angus-mail-2.0.5.jar;C:\Users\Om\.m2\repository\org\eclipse\angus\angus-activation\2.0.3\angus-activation-2.0.3.jar;C:\Users\Om\.m2\repository\io\github\cdimascio\dotenv-java\3.0.0\dotenv-java-3.0.0.jar;C:\Users\Om\.m2\repository\org\springframework\boot\spring-boot-starter-data-jpa\4.0.5\spring-boot-starter-data-jpa-4.0.5.jar;C:\Users\Om\.m2\repository\org\springframework\boot\spring-boot-data-jpa\4.0.5\spring-boot-data-jpa-4.0.5.jar;C:\Users\Om\.m2\repository\org\springframework\boot\spring-boot-data-commons\4.0.5\spring-boot-data-commons-4.0.5.jar;C:\Users\Om\.m2\repository\org\springframework\data\spring-data-commons\4.0.4\spring-data-commons-4.0.4.jar;C:\Users\Om\.m2\repository\org\springframework\boot\spring-boot-hibernate\4.0.5\spring-boot-hibernate-4.0.5.jar;C:\Users\Om\.m2\repository\org\springframework\boot\spring-boot-jpa\4.0.5\spring-boot-jpa-4.0.5.jar;C:\Users\Om\.m2\repository\jakarta\persistence\jakarta.persistence-api\3.2.0\jakarta.persistence-api-3.2.0.jar;C:\Users\Om\.m2\repository\org\hibernate\orm\hibernate-core\7.2.7.Final\hibernate-core-7.2.7.Final.jar;C:\Users\Om\.m2\repository\jakarta\transaction\jakarta.transaction-api\2.0.1\jakarta.transaction-api-2.0.1.jar;C:\Users\Om\.m2\repository\org\hibernate\models\hibernate-models\1.0.1\hibernate-models-1.0.1.jar;C:\Users\Om\.m2\repository\org\glassfish\jaxb\jaxb-runtime\4.0.6\jaxb-runtime-4.0.6.jar;C:\Users\Om\.m2\repository\org\glassfish\jaxb\jaxb-core\4.0.6\jaxb-core-4.0.6.jar;C:\Users\Om\.m2\repository\org\glassfish\jaxb\txw2\4.0.6\txw2-4.0.6.jar;C:\Users\Om\.m2\repository\com\sun\istack\istack-commons-runtime\4.1.2\istack-commons-runtime-4.1.2.jar;C:\Users\Om\.m2\repository\jakarta\inject\jakarta.inject-api\2.0.1\jakarta.inject-api-2.0.1.jar;C:\Users\Om\.m2\repository\org\springframework\spring-orm\7.0.6\spring-orm-7.0.6.jar;C:\Users\Om\.m2\repository\org\springframework\data\spring-data-jpa\4.0.4\spring-data-jpa-4.0.4.jar;C:\Users\Om\.m2\repository\org\antlr\antlr4-runtime\4.13.2\antlr4-runtime-4.13.2.jar;C:\Users\Om\.m2\repository\org\springframework\spring-aspects\7.0.6\spring-aspects-7.0.6.jar;C:\Users\Om\.m2\repository\org\aspectj\aspectjweaver\1.9.25.1\aspectjweaver-1.9.25.1.jar;C:\Users\Om\.m2\repository\org\mapstruct\mapstruct\1.5.5.Final\mapstruct-1.5.5.Final.jar;C:\Users\Om\.m2\repository\org\mapstruct\mapstruct-processor\1.5.5.Final\mapstruct-processor-1.5.5.Final.jar;C:\Users\Om\.m2\repository\org\springframework\boot\spring-boot-starter-flyway\4.0.5\spring-boot-starter-flyway-4.0.5.jar;C:\Users\Om\.m2\repository\org\springframework\boot\spring-boot-flyway\4.0.5\spring-boot-flyway-4.0.5.jar;C:\Users\Om\.m2\repository\org\springframework\boot\spring-boot-starter-security\4.0.5\spring-boot-starter-security-4.0.5.jar;C:\Users\Om\.m2\repository\org\springframework\boot\spring-boot-security\4.0.5\spring-boot-security-4.0.5.jar;C:\Users\Om\.m2\repository\org\springframework\security\spring-security-config\7.0.4\spring-security-config-7.0.4.jar;C:\Users\Om\.m2\repository\org\springframework\security\spring-security-core\7.0.4\spring-security-core-7.0.4.jar;C:\Users\Om\.m2\repository\org\springframework\security\spring-security-crypto\7.0.4\spring-security-crypto-7.0.4.jar;C:\Users\Om\.m2\repository\org\springframework\security\spring-security-web\7.0.4\spring-security-web-7.0.4.jar;C:\Users\Om\.m2\repository\org\springframework\boot\spring-boot-starter-thymeleaf\4.0.5\spring-boot-starter-thymeleaf-4.0.5.jar;C:\Users\Om\.m2\repository\org\springframework\boot\spring-boot-thymeleaf\4.0.5\spring-boot-thymeleaf-4.0.5.jar;C:\Users\Om\.m2\repository\org\springframework\spring-web\7.0.6\spring-web-7.0.6.jar;C:\Users\Om\.m2\repository\org\springframework\boot\spring-boot-starter-validation\4.0.5\spring-boot-starter-validation-4.0.5.jar;C:\Users\Om\.m2\repository\org\springframework\boot\spring-boot-validation\4.0.5\spring-boot-validation-4.0.5.jar;C:\Users\Om\.m2\repository\org\apache\tomcat\embed\tomcat-embed-el\11.0.20\tomcat-embed-el-11.0.20.jar;C:\Users\Om\.m2\repository\org\hibernate\validator\hibernate-validator\9.0.1.Final\hibernate-validator-9.0.1.Final.jar;C:\Users\Om\.m2\repository\jakarta\validation\jakarta.validation-api\3.1.1\jakarta.validation-api-3.1.1.jar;C:\Users\Om\.m2\repository\org\jboss\logging\jboss-logging\3.6.3.Final\jboss-logging-3.6.3.Final.jar;C:\Users\Om\.m2\repository\com\fasterxml\classmate\1.7.3\classmate-1.7.3.jar;C:\Users\Om\.m2\repository\org\springframework\boot\spring-boot-starter-webmvc\4.0.5\spring-boot-starter-webmvc-4.0.5.jar;C:\Users\Om\.m2\repository\org\springframework\boot\spring-boot-starter-jackson\4.0.5\spring-boot-starter-jackson-4.0.5.jar;C:\Users\Om\.m2\repository\org\springframework\boot\spring-boot-starter-tomcat\4.0.5\spring-boot-starter-tomcat-4.0.5.jar;C:\Users\Om\.m2\repository\org\springframework\boot\spring-boot-starter-tomcat-runtime\4.0.5\spring-boot-starter-tomcat-runtime-4.0.5.jar;C:\Users\Om\.m2\repository\org\apache\tomcat\embed\tomcat-embed-core\11.0.20\tomcat-embed-core-11.0.20.jar;C:\Users\Om\.m2\repository\org\apache\tomcat\embed\tomcat-embed-websocket\11.0.20\tomcat-embed-websocket-11.0.20.jar;C:\Users\Om\.m2\repository\org\springframework\boot\spring-boot-tomcat\4.0.5\spring-boot-tomcat-4.0.5.jar;C:\Users\Om\.m2\repository\org\springframework\boot\spring-boot-http-converter\4.0.5\spring-boot-http-converter-4.0.5.jar;C:\Users\Om\.m2\repository\org\springframework\boot\spring-boot-webmvc\4.0.5\spring-boot-webmvc-4.0.5.jar;C:\Users\Om\.m2\repository\org\springframework\boot\spring-boot-servlet\4.0.5\spring-boot-servlet-4.0.5.jar;C:\Users\Om\.m2\repository\org\springframework\spring-webmvc\7.0.6\spring-webmvc-7.0.6.jar;C:\Users\Om\.m2\repository\com\cloudinary\cloudinary-http5\2.0.0\cloudinary-http5-2.0.0.jar;C:\Users\Om\.m2\repository\com\cloudinary\cloudinary-core\2.0.0\cloudinary-core-2.0.0.jar;C:\Users\Om\.m2\repository\org\apache\httpcomponents\client5\httpclient5\5.5.2\httpclient5-5.5.2.jar;C:\Users\Om\.m2\repository\org\apache\httpcomponents\core5\httpcore5-h2\5.3.6\httpcore5-h2-5.3.6.jar;C:\Users\Om\.m2\repository\org\apache\httpcomponents\core5\httpcore5\5.3.6\httpcore5-5.3.6.jar;C:\Users\Om\.m2\repository\org\flywaydb\flyway-database-postgresql\11.14.1\flyway-database-postgresql-11.14.1.jar;C:\Users\Om\.m2\repository\org\flywaydb\flyway-core\11.14.1\flyway-core-11.14.1.jar;C:\Users\Om\.m2\repository\org\thymeleaf\extras\thymeleaf-extras-springsecurity6\3.1.3.RELEASE\thymeleaf-extras-springsecurity6-3.1.3.RELEASE.jar;C:\Users\Om\.m2\repository\org\thymeleaf\thymeleaf-spring6\3.1.3.RELEASE\thymeleaf-spring6-3.1.3.RELEASE.jar;C:\Users\Om\.m2\repository\org\thymeleaf\thymeleaf\3.1.3.RELEASE\thymeleaf-3.1.3.RELEASE.jar;C:\Users\Om\.m2\repository\org\attoparser\attoparser\2.0.7.RELEASE\attoparser-2.0.7.RELEASE.jar;C:\Users\Om\.m2\repository\org\unbescape\unbescape\1.1.6.RELEASE\unbescape-1.1.6.RELEASE.jar;C:\Users\Om\.m2\repository\com\github\f4b6a3\uuid-creator\6.1.1\uuid-creator-6.1.1.jar;C:\Users\Om\.m2\repository\io\jsonwebtoken\jjwt-api\0.11.5\jjwt-api-0.11.5.jar;C:\Users\Om\.m2\repository\io\jsonwebtoken\jjwt-impl\0.11.5\jjwt-impl-0.11.5.jar;C:\Users\Om\.m2\repository\io\jsonwebtoken\jjwt-jackson\0.11.5\jjwt-jackson-0.11.5.jar;C:\Users\Om\.m2\repository\org\springframework\boot\spring-boot-devtools\4.0.5\spring-boot-devtools-4.0.5.jar;C:\Users\Om\.m2\repository\org\springframework\boot\spring-boot\4.0.5\spring-boot-4.0.5.jar;C:\Users\Om\.m2\repository\org\springframework\boot\spring-boot-autoconfigure\4.0.5\spring-boot-autoconfigure-4.0.5.jar;C:\Users\Om\.m2\repository\org\postgresql\postgresql\42.7.10\postgresql-42.7.10.jar;C:\Users\Om\.m2\repository\org\checkerframework\checker-qual\3.52.0\checker-qual-3.52.0.jar;C:\Users\Om\.m2\repository\org\projectlombok\lombok\1.18.44\lombok-1.18.44.jar;C:\Users\Om\.m2\repository\jakarta\xml\bind\jakarta.xml.bind-api\4.0.4\jakarta.xml.bind-api-4.0.4.jar;C:\Users\Om\.m2\repository\net\bytebuddy\byte-buddy\1.17.8\byte-buddy-1.17.8.jar;C:\Users\Om\.m2\repository\org\springframework\boot\spring-boot-web-server\4.0.5\spring-boot-web-server-4.0.5.jar
Launcher Type: SUN_STANDARD

[Global flags]
     intx CICompilerCount                          = 4                                         {product} {ergonomic}
     uint ConcGCThreads                            = 3                                         {product} {ergonomic}
     uint G1ConcRefinementThreads                  = 10                                        {product} {ergonomic}
   size_t G1HeapRegionSize                         = 1048576                                   {product} {ergonomic}
    uintx GCDrainStackTargetSize                   = 64                                        {product} {ergonomic}
   size_t InitialHeapSize                          = 130023424                                 {product} {ergonomic}
     bool ManagementServer                         = true                                      {product} {command line}
   size_t MarkStackSize                            = 4194304                                   {product} {ergonomic}
   size_t MaxHeapSize                              = 536870912                                 {product} {command line}
   size_t MaxNewSize                               = 321912832                                 {product} {ergonomic}
   size_t MinHeapDeltaBytes                        = 1048576                                   {product} {ergonomic}
   size_t MinHeapSize                              = 8388608                                   {product} {ergonomic}
    uintx NonNMethodCodeHeapSize                   = 4096                                   {pd product} {ergonomic}
    uintx NonProfiledCodeHeapSize                  = 0                                      {pd product} {ergonomic}
     bool ProfileInterpreter                       = false                                  {pd product} {command line}
    uintx ProfiledCodeHeapSize                     = 0                                      {pd product} {ergonomic}
   size_t SoftMaxHeapSize                          = 536870912                              {manageable} {ergonomic}
     intx TieredStopAtLevel                        = 1                                         {product} {command line}
     bool UseCompressedOops                        = true                           {product lp64_product} {ergonomic}
     bool UseG1GC                                  = true                                      {product} {ergonomic}
     bool UseLargePagesIndividualAllocation        = false                                  {pd product} {ergonomic}

Logging:
Log output configuration:
 #0: stdout all=warning uptime,level,tags foldmultilines=false
 #1: stderr all=off uptime,level,tags foldmultilines=false

Release file:
IMPLEMENTOR="Amazon.com Inc." 
IMPLEMENTOR_VERSION="Corretto-21.0.10.7.1" 
JAVA_RUNTIME_VERSION="21.0.10+7-LTS" 
JAVA_VERSION="21.0.10" 
JAVA_VERSION_DATE="2026-01-20" 
LIBC="default" 
MODULES="java.base java.compiler java.datatransfer java.xml java.prefs java.desktop java.instrument java.logging java.management java.security.sasl java.naming java.rmi java.management.rmi java.net.http java.scripting java.security.jgss java.transaction.xa java.sql java.sql.rowset java.xml.crypto java.se java.smartcardio jdk.accessibility jdk.internal.jvmstat jdk.attach jdk.charsets jdk.internal.opt jdk.zipfs jdk.compiler jdk.crypto.ec jdk.crypto.cryptoki jdk.crypto.mscapi jdk.dynalink jdk.internal.ed jdk.editpad jdk.hotspot.agent jdk.httpserver jdk.incubator.vector jdk.internal.le jdk.internal.vm.ci jdk.internal.vm.compiler jdk.internal.vm.compiler.management jdk.jartool jdk.javadoc jdk.jcmd jdk.management jdk.management.agent jdk.jconsole jdk.jdeps jdk.jdwp.agent jdk.jdi jdk.jfr jdk.jlink jdk.jpackage jdk.jshell jdk.jsobject jdk.jstatd jdk.localedata jdk.management.jfr jdk.naming.dns jdk.naming.rmi jdk.net jdk.nio.mapmode jdk.random jdk.sctp jdk.security.auth jdk.security.jgss jdk.unsupported jdk.unsupported.desktop jdk.xml.dom" 
OS_ARCH="x86_64" 
OS_NAME="Windows" 
SOURCE="" 

Environment Variables:
JAVA_HOME=C:\Program Files\Java\jdk-21
PATH=C:\Scripts\;C:\;D:\app\oracle\product\11.2.0\server\bin;C:\Program Files\Common Files\Oracle\Java\javapath;C:\Program Files (x86)\Common Files\Oracle\Java\java8path;C:\Program Files (x86)\Common Files\Oracle\Java\javapath;C:\windows\system32;C:\windows;C:\windows\System32\Wbem;C:\windows\System32\WindowsPowerShell\v1.0\;C:\windows\System32\OpenSSH\;C:\Program Files (x86)\NVIDIA Corporation\PhysX\Common;C:\Program Files\NVIDIA Corporation\NVIDIA NvDLISR;C:\MinGW\bin;C:\Program Files\Java\jdk-21\bin;C:\Program Files\Git\cmd;C:\Program Files\Docker\Docker\resources\bin;C:\Program Files\MongoDB\Server\7.0\bin;C:\Program Files\MongoDB\mongosh-2.3.0-win32-x64\bin;C:\Users\Om\Downloads\stripe_1.22.0_windows_i386.zip;C:\Program Files\nodejs\;C:\ProgramData\chocolatey\bin;C:\WINDOWS\system32;C:\WINDOWS;C:\WINDOWS\System32\Wbem;C:\WINDOWS\System32\WindowsPowerShell\v1.0\;C:\WINDOWS\System32\OpenSSH\;C:\Program Files\MySQL\MySQL Server 8.0\bin;C:\Program Files\MySQL\MySQL Shell 8.0\bin\;C:\Users\Om\AppData\Local\Microsoft\WindowsApps;C:\Users\Om\AppData\Local\Programs\Microsoft VS Code\bin;C:\Program Files\JetBrains\IntelliJ IDEA Community Edition 2023.2\bin;;C:\Scripts;C:\;C:\Users\Om\AppData\Roaming\npm;C:\Program Files\JetBrains\IntelliJ IDEA 2026.1\bin
USERNAME=Om
OS=Windows_NT
PROCESSOR_IDENTIFIER=Intel64 Family 6 Model 154 Stepping 3, GenuineIntel
TMP=C:\Users\Om\AppData\Local\Temp
TEMP=C:\Users\Om\AppData\Local\Temp




Periodic native trim disabled

---------------  S Y S T E M  ---------------

OS:
 Windows 11 , 64 bit Build 26100 (10.0.26100.8246)
OS uptime: 0 days 4:34 hours
Hyper-V role detected

CPU: total 12 (initial active 12) (6 cores per cpu, 2 threads per core) family 6 model 154 stepping 3 microcode 0x437, cx8, cmov, fxsr, ht, mmx, 3dnowpref, sse, sse2, sse3, ssse3, sse4.1, sse4.2, popcnt, lzcnt, tsc, tscinvbit, avx, avx2, aes, erms, clmul, bmi1, bmi2, adx, sha, fma, vzeroupper, clflush, clflushopt, clwb, hv, serialize, rdtscp, rdpid, fsrm, f16c, cet_ibt, cet_ss
Processor Information for processor 0
  Max Mhz: 2000, Current Mhz: 2000, Mhz Limit: 2000
Processor Information for processor 1
  Max Mhz: 2000, Current Mhz: 1520, Mhz Limit: 2000
Processor Information for processor 2
  Max Mhz: 2000, Current Mhz: 2000, Mhz Limit: 2000
Processor Information for processor 3
  Max Mhz: 2000, Current Mhz: 1520, Mhz Limit: 2000
Processor Information for processor 4
  Max Mhz: 2000, Current Mhz: 1520, Mhz Limit: 2000
Processor Information for processor 5
  Max Mhz: 2000, Current Mhz: 1520, Mhz Limit: 2000
Processor Information for processor 6
  Max Mhz: 2000, Current Mhz: 2000, Mhz Limit: 2000
Processor Information for processor 7
  Max Mhz: 2000, Current Mhz: 1520, Mhz Limit: 2000
Processor Information for processor 8
  Max Mhz: 2000, Current Mhz: 2000, Mhz Limit: 2000
Processor Information for processor 9
  Max Mhz: 2000, Current Mhz: 2000, Mhz Limit: 2000
Processor Information for processor 10
  Max Mhz: 2000, Current Mhz: 2000, Mhz Limit: 2000
Processor Information for processor 11
  Max Mhz: 2000, Current Mhz: 1466, Mhz Limit: 2000

Memory: 4k page, system-wide physical 7860M (782M free)
TotalPageFile size 32436M (AvailPageFile size 8M)
current process WorkingSet (physical memory assigned to process): 260M, peak: 260M
current process commit charge ("private bytes"): 312M, peak: 360M

vm_info: OpenJDK 64-Bit Server VM (21.0.10+7-LTS) for windows-amd64 JRE (21.0.10+7-LTS), built on 2026-01-15T22:13:46Z by "Administrator" with MS VC++ 17.14 (VS2022)

END.
