#
# There is insufficient memory for the Java Runtime Environment to continue.
# Native memory allocation (mmap) failed to map 17825792 bytes. Error detail: G1 virtual space
# Possible reasons:
#   The system is out of physical RAM or swap space
#   This process is running with CompressedOops enabled, and the Java Heap may be blocking the growth of the native heap
# Possible solutions:
#   Reduce memory load on the system
#   Increase physical memory or swap space
#   Check if swap backing store is full
#   Decrease Java heap size (-Xmx/-Xms)
#   Decrease number of Java threads
#   Decrease Java thread stack sizes (-Xss)
#   Set larger code cache with -XX:ReservedCodeCacheSize=
#   JVM is running with Unscaled Compressed Oops mode in which the Java heap is
#     placed in the first 4GB address space. The Java Heap base address is the
#     maximum limit for the native heap growth. Please use -XX:HeapBaseMinAddress
#     to set the Java Heap base and to place the Java Heap above 4GB virtual address.
# This output file may be truncated or incomplete.
#
#  Out of Memory Error (os_windows.cpp:3714), pid=15072, tid=2524
#
# JRE version: OpenJDK Runtime Environment Corretto-21.0.10.7.1 (21.0.10+7) (build 21.0.10+7-LTS)
# Java VM: OpenJDK 64-Bit Server VM Corretto-21.0.10.7.1 (21.0.10+7-LTS, mixed mode, emulated-client, sharing, tiered, compressed oops, compressed class ptrs, g1 gc, windows-amd64)
# No core dump will be written. Minidumps are not enabled by default on client versions of Windows
#

---------------  S U M M A R Y ------------

Command Line: -XX:TieredStopAtLevel=1 -Dspring.output.ansi.enabled=always -Dcom.sun.management.jmxremote -Dspring.jmx.enabled=true -Dspring.liveBeansView.mbeanDomain -Dspring.application.admin.enabled=true -Dmanagement.endpoints.jmx.exposure.include=* -javaagent:C:\Program Files\JetBrains\IntelliJ IDEA 2026.1\lib\idea_rt.jar=65065 -Dfile.encoding=UTF-8 -Dsun.stdout.encoding=UTF-8 -Dsun.stderr.encoding=UTF-8 com.app.aml.AmlApplication

Host: 12th Gen Intel(R) Core(TM) i5-12450H, 12 cores, 7G,  Windows 11 , 64 bit Build 26100 (10.0.26100.8246)
Time: Sun Apr 26 17:45:15 2026 India Standard Time elapsed time: 8.901416 seconds (0d 0h 0m 8s)

---------------  T H R E A D  ---------------

Current thread (0x000002c554f05560):  VMThread "VM Thread"          [id=2524, stack(0x000000dd0f600000,0x000000dd0f700000) (1024K)]

Stack: [0x000000dd0f600000,0x000000dd0f700000]
Native frames: (J=compiled Java code, j=interpreted, Vv=VM code, C=native code)
V  [jvm.dll+0x6df2b9]
V  [jvm.dll+0x8bbdeb]
V  [jvm.dll+0x8be37a]
V  [jvm.dll+0x8bea53]
V  [jvm.dll+0x28a7a6]
V  [jvm.dll+0x6dbc15]
V  [jvm.dll+0x6cfbca]
V  [jvm.dll+0x364f6e]
V  [jvm.dll+0x36ce3b]
V  [jvm.dll+0x3be8d9]
V  [jvm.dll+0x3beb7b]
V  [jvm.dll+0x339137]
V  [jvm.dll+0x3391c7]
V  [jvm.dll+0x37d6ac]
V  [jvm.dll+0x37be8e]
V  [jvm.dll+0x338891]
V  [jvm.dll+0x37b4fa]
V  [jvm.dll+0x8c47af]
V  [jvm.dll+0x8c5c93]
V  [jvm.dll+0x8c6204]
V  [jvm.dll+0x8c6303]
V  [jvm.dll+0x866b5d]
V  [jvm.dll+0x6ddabd]
C  [ucrtbase.dll+0x37b0]
C  [KERNEL32.DLL+0x2e8d7]
C  [ntdll.dll+0x8c3fc]

VM_Operation (0x000000dd111f6a00): G1CollectForAllocation, mode: safepoint, requested by thread 0x000002c55a3ed880


---------------  P R O C E S S  ---------------

Threads class SMR info:
_java_thread_list=0x000002c55c607bc0, length=24, elements={
0x000002c544161250, 0x000002c554f1ec00, 0x000002c554f221e0, 0x000002c554f2a0c0,
0x000002c554f2ab20, 0x000002c554f2d400, 0x000002c554f31d60, 0x000002c554f36780,
0x000002c554ef40b0, 0x000002c559172810, 0x000002c5598586e0, 0x000002c559858f20,
0x000002c55991b8b0, 0x000002c55991ff70, 0x000002c5599d1100, 0x000002c55a315b20,
0x000002c55a308930, 0x000002c55a2b6890, 0x000002c55a35eb40, 0x000002c55a3f0670,
0x000002c55a3ed880, 0x000002c55a3edf10, 0x000002c55a3eec30, 0x000002c55a3ef2c0
}

Java Threads: ( => current thread )
  0x000002c544161250 JavaThread "main"                              [_thread_blocked, id=19748, stack(0x000000dd0ef00000,0x000000dd0f000000) (1024K)]
  0x000002c554f1ec00 JavaThread "Reference Handler"          daemon [_thread_blocked, id=7004, stack(0x000000dd0f700000,0x000000dd0f800000) (1024K)]
  0x000002c554f221e0 JavaThread "Finalizer"                  daemon [_thread_blocked, id=15928, stack(0x000000dd0f800000,0x000000dd0f900000) (1024K)]
  0x000002c554f2a0c0 JavaThread "Signal Dispatcher"          daemon [_thread_blocked, id=18112, stack(0x000000dd0f900000,0x000000dd0fa00000) (1024K)]
  0x000002c554f2ab20 JavaThread "Attach Listener"            daemon [_thread_blocked, id=5312, stack(0x000000dd0fa00000,0x000000dd0fb00000) (1024K)]
  0x000002c554f2d400 JavaThread "Service Thread"             daemon [_thread_blocked, id=11092, stack(0x000000dd0fb00000,0x000000dd0fc00000) (1024K)]
  0x000002c554f31d60 JavaThread "Monitor Deflation Thread"   daemon [_thread_blocked, id=20396, stack(0x000000dd0fc00000,0x000000dd0fd00000) (1024K)]
  0x000002c554f36780 JavaThread "C1 CompilerThread0"         daemon [_thread_blocked, id=16084, stack(0x000000dd0fd00000,0x000000dd0fe00000) (1024K)]
  0x000002c554ef40b0 JavaThread "C1 CompilerThread1"         daemon [_thread_blocked, id=14260, stack(0x000000dd0fe00000,0x000000dd0ff00000) (1024K)]
  0x000002c559172810 JavaThread "Common-Cleaner"             daemon [_thread_blocked, id=15608, stack(0x000000dd0ff00000,0x000000dd10000000) (1024K)]
  0x000002c5598586e0 JavaThread "Monitor Ctrl-Break"         daemon [_thread_in_native, id=21240, stack(0x000000dd10000000,0x000000dd10100000) (1024K)]
  0x000002c559858f20 JavaThread "Notification Thread"        daemon [_thread_blocked, id=21056, stack(0x000000dd10100000,0x000000dd10200000) (1024K)]
  0x000002c55991b8b0 JavaThread "C1 CompilerThread2"         daemon [_thread_blocked, id=21072, stack(0x000000dd10200000,0x000000dd10300000) (1024K)]
  0x000002c55991ff70 JavaThread "C1 CompilerThread3"         daemon [_thread_blocked, id=20856, stack(0x000000dd10300000,0x000000dd10400000) (1024K)]
  0x000002c5599d1100 JavaThread "RMI TCP Accept-0"           daemon [_thread_in_native, id=21292, stack(0x000000dd10400000,0x000000dd10500000) (1024K)]
  0x000002c55a315b20 JavaThread "RMI TCP Connection(1)-192.168.1.9" daemon [_thread_blocked, id=19004, stack(0x000000dd10c00000,0x000000dd10d00000) (1024K)]
  0x000002c55a308930 JavaThread "RMI Scheduler(0)"           daemon [_thread_blocked, id=5360, stack(0x000000dd10d00000,0x000000dd10e00000) (1024K)]
  0x000002c55a2b6890 JavaThread "JMX server connection timeout 33" daemon [_thread_blocked, id=21972, stack(0x000000dd10e00000,0x000000dd10f00000) (1024K)]
  0x000002c55a35eb40 JavaThread "RMI TCP Connection(2)-192.168.1.9" daemon [_thread_blocked, id=18380, stack(0x000000dd10f00000,0x000000dd11000000) (1024K)]
  0x000002c55a3f0670 JavaThread "Thread-0"                          [_thread_blocked, id=8240, stack(0x000000dd11000000,0x000000dd11100000) (1024K)]
  0x000002c55a3ed880 JavaThread "restartedMain"                     [_thread_blocked, id=13588, stack(0x000000dd11100000,0x000000dd11200000) (1024K)]
  0x000002c55a3edf10 JavaThread "Cleaner-0"                  daemon [_thread_blocked, id=16236, stack(0x000000dd11700000,0x000000dd11800000) (1024K)]
  0x000002c55a3eec30 JavaThread "HikariPool-1:housekeeper"   daemon [_thread_blocked, id=2900, stack(0x000000dd11800000,0x000000dd11900000) (1024K)]
  0x000002c55a3ef2c0 JavaThread "HikariPool-1:connection-adder" daemon [_thread_blocked, id=1756, stack(0x000000dd11900000,0x000000dd11a00000) (1024K)]
Total: 24

Other Threads:
=>0x000002c554f05560 VMThread "VM Thread"                           [id=2524, stack(0x000000dd0f600000,0x000000dd0f700000) (1024K)]
  0x000002c554ef3390 WatcherThread "VM Periodic Task Thread"        [id=19644, stack(0x000000dd0f500000,0x000000dd0f600000) (1024K)]
  0x000002c5441b84c0 WorkerThread "GC Thread#0"                     [id=20620, stack(0x000000dd0f000000,0x000000dd0f100000) (1024K)]
  0x000002c559ade670 WorkerThread "GC Thread#1"                     [id=13360, stack(0x000000dd10500000,0x000000dd10600000) (1024K)]
  0x000002c559b41850 WorkerThread "GC Thread#2"                     [id=19236, stack(0x000000dd10600000,0x000000dd10700000) (1024K)]
  0x000002c559b41c00 WorkerThread "GC Thread#3"                     [id=20012, stack(0x000000dd10700000,0x000000dd10800000) (1024K)]
  0x000002c559b41fb0 WorkerThread "GC Thread#4"                     [id=14748, stack(0x000000dd10800000,0x000000dd10900000) (1024K)]
  0x000002c559b42360 WorkerThread "GC Thread#5"                     [id=17008, stack(0x000000dd10900000,0x000000dd10a00000) (1024K)]
  0x000002c559b42710 WorkerThread "GC Thread#6"                     [id=7024, stack(0x000000dd10a00000,0x000000dd10b00000) (1024K)]
  0x000002c559b4cef0 WorkerThread "GC Thread#7"                     [id=2144, stack(0x000000dd10b00000,0x000000dd10c00000) (1024K)]
  0x000002c55a4cb270 WorkerThread "GC Thread#8"                     [id=21536, stack(0x000000dd11200000,0x000000dd11300000) (1024K)]
  0x000002c55a4c9c50 WorkerThread "GC Thread#9"                     [id=13624, stack(0x000000dd11300000,0x000000dd11400000) (1024K)]
  0x000002c5441c9800 ConcurrentGCThread "G1 Main Marker"            [id=15332, stack(0x000000dd0f100000,0x000000dd0f200000) (1024K)]
  0x000002c5441ce8e0 WorkerThread "G1 Conc#0"                       [id=5676, stack(0x000000dd0f200000,0x000000dd0f300000) (1024K)]
  0x000002c55a4ca3b0 WorkerThread "G1 Conc#1"                       [id=11356, stack(0x000000dd11500000,0x000000dd11600000) (1024K)]
  0x000002c55ae3f990 WorkerThread "G1 Conc#2"                       [id=19052, stack(0x000000dd11600000,0x000000dd11700000) (1024K)]
  0x000002c554dc5a00 ConcurrentGCThread "G1 Refine#0"               [id=16108, stack(0x000000dd0f300000,0x000000dd0f400000) (1024K)]
  0x000002c554dc7240 ConcurrentGCThread "G1 Service"                [id=17096, stack(0x000000dd0f400000,0x000000dd0f500000) (1024K)]
Total: 18

Threads with active compile tasks:
Total: 0

VM state: at safepoint (normal execution)

VM Mutex/Monitor currently owned by a thread:  ([mutex/lock_event])
[0x00007fff31c865b0] Threads_lock - owner thread: 0x000002c554f05560
[0x00007fff31c866b0] Heap_lock - owner thread: 0x000002c55a3ed880

Heap address: 0x0000000085200000, size: 1966 MB, Compressed Oops mode: 32-bit

CDS archive(s) mapped at: [0x000002c500000000-0x000002c500c80000-0x000002c500c80000), size 13107200, SharedBaseAddress: 0x000002c500000000, ArchiveRelocationMode: 1.
Compressed class space mapped at: 0x000002c501000000-0x000002c541000000, reserved size: 1073741824
Narrow klass base: 0x000002c500000000, Narrow klass shift: 0, Narrow klass range: 0x100000000

GC Precious Log:
 CardTable entry size: 512
 Card Set container configuration: InlinePtr #cards 5 size 8 Array Of Cards #cards 12 size 40 Howl #buckets 4 coarsen threshold 1843 Howl Bitmap #cards 512 size 80 coarsen threshold 460 Card regions per heap region 1 cards per card region 2048
 CPUs: 12 total, 12 available
 Memory: 7860M
 Large Page Support: Disabled
 NUMA Support: Disabled
 Compressed Oops: Enabled (32-bit)
 Heap Region Size: 1M
 Heap Min Capacity: 8M
 Heap Initial Capacity: 124M
 Heap Max Capacity: 1966M
 Pre-touch: Disabled
 Parallel Workers: 10
 Concurrent Workers: 3
 Concurrent Refinement Workers: 10
 Periodic GC: Disabled

Heap:
 garbage-first heap   total 82944K, used 44687K [0x0000000085200000, 0x0000000100000000)
  region size 1024K, 3 young (3072K), 3 survivors (3072K)
 Metaspace       used 77685K, committed 78528K, reserved 1179648K
  class space    used 11334K, committed 11712K, reserved 1048576K

Heap Regions: E=young(eden), S=young(survivor), O=old, HS=humongous(starts), HC=humongous(continues), CS=collection set, F=free, TAMS=top-at-mark-start, PB=parsable bottom
|   0|0x0000000085200000, 0x0000000085300000, 0x0000000085300000|100%|HS|  |TAMS 0x0000000085200000| PB 0x0000000085200000| Complete 
|   1|0x0000000085300000, 0x0000000085400000, 0x0000000085400000|100%|HS|  |TAMS 0x0000000085300000| PB 0x0000000085300000| Complete 
|   2|0x0000000085400000, 0x0000000085500000, 0x0000000085500000|100%| O|  |TAMS 0x0000000085400000| PB 0x0000000085400000| Untracked 
|   3|0x0000000085500000, 0x0000000085600000, 0x0000000085600000|100%| O|  |TAMS 0x0000000085500000| PB 0x0000000085500000| Untracked 
|   4|0x0000000085600000, 0x0000000085700000, 0x0000000085700000|100%| O|  |TAMS 0x0000000085600000| PB 0x0000000085600000| Untracked 
|   5|0x0000000085700000, 0x0000000085800000, 0x0000000085800000|100%| O|  |TAMS 0x0000000085700000| PB 0x0000000085700000| Untracked 
|   6|0x0000000085800000, 0x0000000085900000, 0x0000000085900000|100%| O|  |TAMS 0x0000000085800000| PB 0x0000000085800000| Untracked 
|   7|0x0000000085900000, 0x0000000085a00000, 0x0000000085a00000|100%| O|  |TAMS 0x0000000085900000| PB 0x0000000085900000| Untracked 
|   8|0x0000000085a00000, 0x0000000085b00000, 0x0000000085b00000|100%| O|  |TAMS 0x0000000085a00000| PB 0x0000000085a00000| Untracked 
|   9|0x0000000085b00000, 0x0000000085c00000, 0x0000000085c00000|100%| O|  |TAMS 0x0000000085b00000| PB 0x0000000085b00000| Untracked 
|  10|0x0000000085c00000, 0x0000000085d00000, 0x0000000085d00000|100%| O|  |TAMS 0x0000000085c00000| PB 0x0000000085c00000| Untracked 
|  11|0x0000000085d00000, 0x0000000085e00000, 0x0000000085e00000|100%| O|  |TAMS 0x0000000085d00000| PB 0x0000000085d00000| Untracked 
|  12|0x0000000085e00000, 0x0000000085f00000, 0x0000000085f00000|100%| O|  |TAMS 0x0000000085e00000| PB 0x0000000085e00000| Untracked 
|  13|0x0000000085f00000, 0x0000000086000000, 0x0000000086000000|100%| O|  |TAMS 0x0000000085f00000| PB 0x0000000085f00000| Untracked 
|  14|0x0000000086000000, 0x0000000086100000, 0x0000000086100000|100%| O|  |TAMS 0x0000000086000000| PB 0x0000000086000000| Untracked 
|  15|0x0000000086100000, 0x0000000086200000, 0x0000000086200000|100%| O|  |TAMS 0x0000000086100000| PB 0x0000000086100000| Untracked 
|  16|0x0000000086200000, 0x0000000086300000, 0x0000000086300000|100%| O|  |TAMS 0x0000000086200000| PB 0x0000000086200000| Untracked 
|  17|0x0000000086300000, 0x0000000086400000, 0x0000000086400000|100%| O|  |TAMS 0x0000000086300000| PB 0x0000000086300000| Untracked 
|  18|0x0000000086400000, 0x0000000086500000, 0x0000000086500000|100%| O|  |TAMS 0x0000000086400000| PB 0x0000000086400000| Untracked 
|  19|0x0000000086500000, 0x0000000086600000, 0x0000000086600000|100%| O|  |TAMS 0x0000000086500000| PB 0x0000000086500000| Untracked 
|  20|0x0000000086600000, 0x0000000086700000, 0x0000000086700000|100%| O|  |TAMS 0x0000000086600000| PB 0x0000000086600000| Untracked 
|  21|0x0000000086700000, 0x0000000086800000, 0x0000000086800000|100%| O|  |TAMS 0x0000000086700000| PB 0x0000000086700000| Untracked 
|  22|0x0000000086800000, 0x0000000086900000, 0x0000000086900000|100%| O|  |TAMS 0x0000000086800000| PB 0x0000000086800000| Untracked 
|  23|0x0000000086900000, 0x0000000086a00000, 0x0000000086a00000|100%| O|  |TAMS 0x0000000086900000| PB 0x0000000086900000| Untracked 
|  24|0x0000000086a00000, 0x0000000086b00000, 0x0000000086b00000|100%| O|  |TAMS 0x0000000086a00000| PB 0x0000000086a00000| Untracked 
|  25|0x0000000086b00000, 0x0000000086c00000, 0x0000000086c00000|100%| O|  |TAMS 0x0000000086b00000| PB 0x0000000086b00000| Untracked 
|  26|0x0000000086c00000, 0x0000000086d00000, 0x0000000086d00000|100%| O|  |TAMS 0x0000000086c00000| PB 0x0000000086c00000| Untracked 
|  27|0x0000000086d00000, 0x0000000086e00000, 0x0000000086e00000|100%| O|  |TAMS 0x0000000086d00000| PB 0x0000000086d00000| Untracked 
|  28|0x0000000086e00000, 0x0000000086f00000, 0x0000000086f00000|100%| O|  |TAMS 0x0000000086e00000| PB 0x0000000086e00000| Untracked 
|  29|0x0000000086f00000, 0x0000000087000000, 0x0000000087000000|100%| O|  |TAMS 0x0000000086f00000| PB 0x0000000086f00000| Untracked 
|  30|0x0000000087000000, 0x0000000087100000, 0x0000000087100000|100%| O|Cm|TAMS 0x0000000087000000| PB 0x0000000087000000| Complete 
|  31|0x0000000087100000, 0x0000000087200000, 0x0000000087200000|100%| O|  |TAMS 0x0000000087100000| PB 0x0000000087100000| Untracked 
|  32|0x0000000087200000, 0x0000000087300000, 0x0000000087300000|100%| O|  |TAMS 0x0000000087200000| PB 0x0000000087200000| Untracked 
|  33|0x0000000087300000, 0x0000000087400000, 0x0000000087400000|100%| O|  |TAMS 0x0000000087300000| PB 0x0000000087300000| Untracked 
|  34|0x0000000087400000, 0x0000000087500000, 0x0000000087500000|100%| O|  |TAMS 0x0000000087400000| PB 0x0000000087400000| Untracked 
|  35|0x0000000087500000, 0x0000000087600000, 0x0000000087600000|100%| O|  |TAMS 0x0000000087500000| PB 0x0000000087500000| Untracked 
|  36|0x0000000087600000, 0x000000008761ce70, 0x0000000087700000| 11%| O|  |TAMS 0x0000000087600000| PB 0x0000000087600000| Untracked 
|  37|0x0000000087700000, 0x0000000087700000, 0x0000000087800000|  0%| F|  |TAMS 0x0000000087700000| PB 0x0000000087700000| Untracked 
|  38|0x0000000087800000, 0x0000000087900000, 0x0000000087900000|100%| O|  |TAMS 0x0000000087800000| PB 0x0000000087800000| Untracked 
|  39|0x0000000087900000, 0x0000000087a00000, 0x0000000087a00000|100%| O|  |TAMS 0x0000000087900000| PB 0x0000000087900000| Untracked 
|  40|0x0000000087a00000, 0x0000000087b00000, 0x0000000087b00000|100%| O|  |TAMS 0x0000000087a00000| PB 0x0000000087a00000| Untracked 
|  41|0x0000000087b00000, 0x0000000087b00000, 0x0000000087c00000|  0%| F|  |TAMS 0x0000000087b00000| PB 0x0000000087b00000| Untracked 
|  42|0x0000000087c00000, 0x0000000087c86fd8, 0x0000000087d00000| 52%| S|CS|TAMS 0x0000000087c00000| PB 0x0000000087c00000| Complete 
|  43|0x0000000087d00000, 0x0000000087d00000, 0x0000000087e00000|  0%| F|  |TAMS 0x0000000087d00000| PB 0x0000000087d00000| Untracked 
|  44|0x0000000087e00000, 0x0000000087e00000, 0x0000000087f00000|  0%| F|  |TAMS 0x0000000087e00000| PB 0x0000000087e00000| Untracked 
|  45|0x0000000087f00000, 0x0000000088000000, 0x0000000088000000|100%| S|CS|TAMS 0x0000000087f00000| PB 0x0000000087f00000| Complete 
|  46|0x0000000088000000, 0x0000000088100000, 0x0000000088100000|100%| S|CS|TAMS 0x0000000088000000| PB 0x0000000088000000| Complete 
|  47|0x0000000088100000, 0x0000000088100000, 0x0000000088200000|  0%| F|  |TAMS 0x0000000088100000| PB 0x0000000088100000| Untracked 
|  48|0x0000000088200000, 0x0000000088200000, 0x0000000088300000|  0%| F|  |TAMS 0x0000000088200000| PB 0x0000000088200000| Untracked 
|  49|0x0000000088300000, 0x0000000088300000, 0x0000000088400000|  0%| F|  |TAMS 0x0000000088300000| PB 0x0000000088300000| Untracked 
|  50|0x0000000088400000, 0x0000000088400000, 0x0000000088500000|  0%| F|  |TAMS 0x0000000088400000| PB 0x0000000088400000| Untracked 
|  51|0x0000000088500000, 0x0000000088500000, 0x0000000088600000|  0%| F|  |TAMS 0x0000000088500000| PB 0x0000000088500000| Untracked 
|  52|0x0000000088600000, 0x0000000088600000, 0x0000000088700000|  0%| F|  |TAMS 0x0000000088600000| PB 0x0000000088600000| Untracked 
|  53|0x0000000088700000, 0x0000000088700000, 0x0000000088800000|  0%| F|  |TAMS 0x0000000088700000| PB 0x0000000088700000| Untracked 
|  54|0x0000000088800000, 0x0000000088800000, 0x0000000088900000|  0%| F|  |TAMS 0x0000000088800000| PB 0x0000000088800000| Untracked 
|  55|0x0000000088900000, 0x0000000088900000, 0x0000000088a00000|  0%| F|  |TAMS 0x0000000088900000| PB 0x0000000088900000| Untracked 
|  56|0x0000000088a00000, 0x0000000088a00000, 0x0000000088b00000|  0%| F|  |TAMS 0x0000000088a00000| PB 0x0000000088a00000| Untracked 
|  57|0x0000000088b00000, 0x0000000088b00000, 0x0000000088c00000|  0%| F|  |TAMS 0x0000000088b00000| PB 0x0000000088b00000| Untracked 
|  58|0x0000000088c00000, 0x0000000088c00000, 0x0000000088d00000|  0%| F|  |TAMS 0x0000000088c00000| PB 0x0000000088c00000| Untracked 
|  59|0x0000000088d00000, 0x0000000088d00000, 0x0000000088e00000|  0%| F|  |TAMS 0x0000000088d00000| PB 0x0000000088d00000| Untracked 
|  60|0x0000000088e00000, 0x0000000088e00000, 0x0000000088f00000|  0%| F|  |TAMS 0x0000000088e00000| PB 0x0000000088e00000| Untracked 
|  61|0x0000000088f00000, 0x0000000088f00000, 0x0000000089000000|  0%| F|  |TAMS 0x0000000088f00000| PB 0x0000000088f00000| Untracked 
|  62|0x0000000089000000, 0x0000000089000000, 0x0000000089100000|  0%| F|  |TAMS 0x0000000089000000| PB 0x0000000089000000| Untracked 
|  63|0x0000000089100000, 0x0000000089100000, 0x0000000089200000|  0%| F|  |TAMS 0x0000000089100000| PB 0x0000000089100000| Untracked 
|  64|0x0000000089200000, 0x0000000089200000, 0x0000000089300000|  0%| F|  |TAMS 0x0000000089200000| PB 0x0000000089200000| Untracked 
|  65|0x0000000089300000, 0x0000000089300000, 0x0000000089400000|  0%| F|  |TAMS 0x0000000089300000| PB 0x0000000089300000| Untracked 
|  66|0x0000000089400000, 0x0000000089400000, 0x0000000089500000|  0%| F|  |TAMS 0x0000000089400000| PB 0x0000000089400000| Untracked 
|  67|0x0000000089500000, 0x0000000089500000, 0x0000000089600000|  0%| F|  |TAMS 0x0000000089500000| PB 0x0000000089500000| Untracked 
|  68|0x0000000089600000, 0x0000000089600000, 0x0000000089700000|  0%| F|  |TAMS 0x0000000089600000| PB 0x0000000089600000| Untracked 
|  69|0x0000000089700000, 0x0000000089700000, 0x0000000089800000|  0%| F|  |TAMS 0x0000000089700000| PB 0x0000000089700000| Untracked 
|  70|0x0000000089800000, 0x0000000089800000, 0x0000000089900000|  0%| F|  |TAMS 0x0000000089800000| PB 0x0000000089800000| Untracked 
|  71|0x0000000089900000, 0x0000000089900000, 0x0000000089a00000|  0%| F|  |TAMS 0x0000000089900000| PB 0x0000000089900000| Untracked 
|  72|0x0000000089a00000, 0x0000000089a00000, 0x0000000089b00000|  0%| F|  |TAMS 0x0000000089a00000| PB 0x0000000089a00000| Untracked 
|  73|0x0000000089b00000, 0x0000000089b00000, 0x0000000089c00000|  0%| F|  |TAMS 0x0000000089b00000| PB 0x0000000089b00000| Untracked 
|  74|0x0000000089c00000, 0x0000000089c00000, 0x0000000089d00000|  0%| F|  |TAMS 0x0000000089c00000| PB 0x0000000089c00000| Untracked 
|  75|0x0000000089d00000, 0x0000000089d00000, 0x0000000089e00000|  0%| F|  |TAMS 0x0000000089d00000| PB 0x0000000089d00000| Untracked 
|  76|0x0000000089e00000, 0x0000000089e00000, 0x0000000089f00000|  0%| F|  |TAMS 0x0000000089e00000| PB 0x0000000089e00000| Untracked 
|  77|0x0000000089f00000, 0x0000000089f00000, 0x000000008a000000|  0%| F|  |TAMS 0x0000000089f00000| PB 0x0000000089f00000| Untracked 
| 123|0x000000008cd00000, 0x000000008cd00000, 0x000000008ce00000|  0%| F|  |TAMS 0x000000008cd00000| PB 0x000000008cd00000| Untracked 
|1964|0x00000000ffe00000, 0x00000000fff00000, 0x00000000fff00000|100%| O|  |TAMS 0x00000000ffe00000| PB 0x00000000ffe00000| Untracked 
|1965|0x00000000fff00000, 0x0000000100000000, 0x0000000100000000|100%| O|  |TAMS 0x00000000fff00000| PB 0x00000000fff00000| Untracked 

Card table byte_map: [0x000002c54ff90000,0x000002c550370000] _byte_map_base: 0x000002c54fb67000

Marking Bits: (CMBitMap*) 0x000002c5441b8ae0
 Bits: [0x000002c550370000, 0x000002c552228000)

Polling page: 0x000002c543910000

Metaspace:

Usage:
  Non-class:     64.80 MB used.
      Class:     11.07 MB used.
       Both:     75.86 MB used.

Virtual space:
  Non-class space:      128.00 MB reserved,      65.25 MB ( 51%) committed,  2 nodes.
      Class space:        1.00 GB reserved,      11.44 MB (  1%) committed,  1 nodes.
             Both:        1.12 GB reserved,      76.69 MB (  7%) committed. 

Chunk freelists:
   Non-Class:  14.09 MB
       Class:  4.61 MB
        Both:  18.70 MB

MaxMetaspaceSize: unlimited
CompressedClassSpaceSize: 1.00 GB
Initial GC threshold: 21.00 MB
Current GC threshold: 127.81 MB
CDS: on
 - commit_granule_bytes: 65536.
 - commit_granule_words: 8192.
 - virtual_space_node_default_size: 8388608.
 - enlarge_chunks_in_place: 1.
 - use_allocation_guard: 0.


Internal statistics:

num_allocs_failed_limit: 9.
num_arena_births: 1104.
num_arena_deaths: 2.
num_vsnodes_births: 3.
num_vsnodes_deaths: 0.
num_space_committed: 1227.
num_space_uncommitted: 0.
num_chunks_returned_to_freelist: 12.
num_chunks_taken_from_freelist: 3903.
num_chunk_merges: 9.
num_chunk_splits: 2893.
num_chunks_enlarged: 2277.
num_inconsistent_stats: 0.

CodeCache: size=49152Kb used=14955Kb max_used=15750Kb free=34196Kb
 bounds [0x000002c54c870000, 0x000002c54d7e0000, 0x000002c54f870000]
 total_blobs=8437, nmethods=7718, adapters=639, full_count=0
Compilation: enabled, stopped_count=0, restarted_count=0

Compilation events (20 events):
Event: 7.789 Thread 0x000002c55991b8b0 nmethod 8438 0x000002c54d7d0290 code [0x000002c54d7d0440, 0x000002c54d7d05a0]
Event: 7.789 Thread 0x000002c554ef40b0 8440       1       org.antlr.v4.runtime.atn.SingletonPredictionContext::getParent (23 bytes)
Event: 7.789 Thread 0x000002c55991ff70 nmethod 8439 0x000002c54d7d0690 code [0x000002c54d7d0820, 0x000002c54d7d0900]
Event: 7.789 Thread 0x000002c554ef40b0 nmethod 8440 0x000002c54d7d0990 code [0x000002c54d7d0b20, 0x000002c54d7d0be8]
Event: 7.789 Thread 0x000002c55991b8b0 8441       1       org.antlr.v4.runtime.atn.LexerATNConfig::getLexerActionExecutor (5 bytes)
Event: 7.789 Thread 0x000002c55991b8b0 nmethod 8441 0x000002c54d7d0c90 code [0x000002c54d7d0e20, 0x000002c54d7d0ee8]
Event: 7.791 Thread 0x000002c55991ff70 8442       1       java.util.Arrays::equals (43 bytes)
Event: 7.791 Thread 0x000002c55991b8b0 8443       1       jdk.internal.util.ArraysSupport::mismatch (72 bytes)
Event: 7.791 Thread 0x000002c55991ff70 nmethod 8442 0x000002c54d7d0f90 code [0x000002c54d7d1140, 0x000002c54d7d12d0]
Event: 7.791 Thread 0x000002c55991b8b0 nmethod 8443 0x000002c54d7d1390 code [0x000002c54d7d1560, 0x000002c54d7d17d8]
Event: 7.808 Thread 0x000002c55991ff70 8444       1       org.antlr.v4.runtime.atn.ActionTransition::isEpsilon (2 bytes)
Event: 7.808 Thread 0x000002c55991ff70 nmethod 8444 0x000002c54c97a510 code [0x000002c54c97a6a0, 0x000002c54c97a768]
Event: 7.809 Thread 0x000002c55991b8b0 8445       1       org.antlr.v4.runtime.atn.ActionTransition::getSerializationType (3 bytes)
Event: 7.809 Thread 0x000002c55991b8b0 nmethod 8445 0x000002c54c981410 code [0x000002c54c9815a0, 0x000002c54c981668]
Event: 7.821 Thread 0x000002c55991b8b0 8446       1       org.antlr.v4.runtime.atn.ParserATNSimulator::actionTransition (60 bytes)
Event: 7.822 Thread 0x000002c55991b8b0 nmethod 8446 0x000002c54cc97010 code [0x000002c54cc97240, 0x000002c54cc97618]
Event: 7.830 Thread 0x000002c55991b8b0 8447       1       org.antlr.v4.runtime.atn.ArrayPredictionContext::getParent (7 bytes)
Event: 7.830 Thread 0x000002c55991b8b0 nmethod 8447 0x000002c54c974210 code [0x000002c54c9743a0, 0x000002c54c974490]
Event: 7.833 Thread 0x000002c55991b8b0 8448       1       org.antlr.v4.runtime.atn.StarLoopbackState::getStateType (3 bytes)
Event: 7.833 Thread 0x000002c55991b8b0 nmethod 8448 0x000002c54c98c010 code [0x000002c54c98c1a0, 0x000002c54c98c268]

GC Heap History (20 events):
Event: 3.702 GC heap after
{Heap after GC invocations=9 (full 0):
 garbage-first heap   total 66560K, used 25659K [0x0000000085200000, 0x0000000100000000)
  region size 1024K, 4 young (4096K), 4 survivors (4096K)
 Metaspace       used 32483K, committed 33088K, reserved 1114112K
  class space    used 4526K, committed 4800K, reserved 1048576K
}
Event: 3.868 GC heap before
{Heap before GC invocations=9 (full 0):
 garbage-first heap   total 66560K, used 39995K [0x0000000085200000, 0x0000000100000000)
  region size 1024K, 19 young (19456K), 4 survivors (4096K)
 Metaspace       used 35404K, committed 35968K, reserved 1114112K
  class space    used 4856K, committed 5120K, reserved 1048576K
}
Event: 3.873 GC heap after
{Heap after GC invocations=10 (full 0):
 garbage-first heap   total 66560K, used 26748K [0x0000000085200000, 0x0000000100000000)
  region size 1024K, 4 young (4096K), 4 survivors (4096K)
 Metaspace       used 35404K, committed 35968K, reserved 1114112K
  class space    used 4856K, committed 5120K, reserved 1048576K
}
Event: 4.868 GC heap before
{Heap before GC invocations=11 (full 0):
 garbage-first heap   total 66560K, used 56444K [0x0000000085200000, 0x0000000100000000)
  region size 1024K, 33 young (33792K), 4 survivors (4096K)
 Metaspace       used 42290K, committed 42944K, reserved 1114112K
  class space    used 5730K, committed 6016K, reserved 1048576K
}
Event: 4.873 GC heap after
{Heap after GC invocations=12 (full 0):
 garbage-first heap   total 79872K, used 27754K [0x0000000085200000, 0x0000000100000000)
  region size 1024K, 3 young (3072K), 3 survivors (3072K)
 Metaspace       used 42290K, committed 42944K, reserved 1114112K
  class space    used 5730K, committed 6016K, reserved 1048576K
}
Event: 5.450 GC heap before
{Heap before GC invocations=12 (full 0):
 garbage-first heap   total 79872K, used 69738K [0x0000000085200000, 0x0000000100000000)
  region size 1024K, 44 young (45056K), 3 survivors (3072K)
 Metaspace       used 49162K, committed 49856K, reserved 1114112K
  class space    used 6893K, committed 7232K, reserved 1048576K
}
Event: 5.455 GC heap after
{Heap after GC invocations=13 (full 0):
 garbage-first heap   total 79872K, used 30144K [0x0000000085200000, 0x0000000100000000)
  region size 1024K, 5 young (5120K), 5 survivors (5120K)
 Metaspace       used 49162K, committed 49856K, reserved 1114112K
  class space    used 6893K, committed 7232K, reserved 1048576K
}
Event: 6.038 GC heap before
{Heap before GC invocations=13 (full 0):
 garbage-first heap   total 79872K, used 70080K [0x0000000085200000, 0x0000000100000000)
  region size 1024K, 44 young (45056K), 5 survivors (5120K)
 Metaspace       used 56486K, committed 57152K, reserved 1114112K
  class space    used 7972K, committed 8256K, reserved 1048576K
}
Event: 6.044 GC heap after
{Heap after GC invocations=14 (full 0):
 garbage-first heap   total 79872K, used 33287K [0x0000000085200000, 0x0000000100000000)
  region size 1024K, 6 young (6144K), 6 survivors (6144K)
 Metaspace       used 56486K, committed 57152K, reserved 1114112K
  class space    used 7972K, committed 8256K, reserved 1048576K
}
Event: 6.281 GC heap before
{Heap before GC invocations=14 (full 0):
 garbage-first heap   total 79872K, used 58887K [0x0000000085200000, 0x0000000100000000)
  region size 1024K, 32 young (32768K), 6 survivors (6144K)
 Metaspace       used 59601K, committed 60288K, reserved 1114112K
  class space    used 8407K, committed 8704K, reserved 1048576K
}
Event: 6.287 GC heap after
{Heap after GC invocations=15 (full 0):
 garbage-first heap   total 79872K, used 34487K [0x0000000085200000, 0x0000000100000000)
  region size 1024K, 5 young (5120K), 5 survivors (5120K)
 Metaspace       used 59601K, committed 60288K, reserved 1114112K
  class space    used 8407K, committed 8704K, reserved 1048576K
}
Event: 6.703 GC heap before
{Heap before GC invocations=16 (full 0):
 garbage-first heap   total 79872K, used 71351K [0x0000000085200000, 0x0000000100000000)
  region size 1024K, 41 young (41984K), 5 survivors (5120K)
 Metaspace       used 65383K, committed 66048K, reserved 1114112K
  class space    used 9429K, committed 9728K, reserved 1048576K
}
Event: 6.707 GC heap after
{Heap after GC invocations=17 (full 0):
 garbage-first heap   total 79872K, used 35544K [0x0000000085200000, 0x0000000100000000)
  region size 1024K, 3 young (3072K), 3 survivors (3072K)
 Metaspace       used 65383K, committed 66048K, reserved 1114112K
  class space    used 9429K, committed 9728K, reserved 1048576K
}
Event: 6.888 GC heap before
{Heap before GC invocations=17 (full 0):
 garbage-first heap   total 79872K, used 72408K [0x0000000085200000, 0x0000000100000000)
  region size 1024K, 39 young (39936K), 3 survivors (3072K)
 Metaspace       used 66827K, committed 67584K, reserved 1114112K
  class space    used 9651K, committed 9984K, reserved 1048576K
}
Event: 6.892 GC heap after
{Heap after GC invocations=18 (full 0):
 garbage-first heap   total 79872K, used 36438K [0x0000000085200000, 0x0000000100000000)
  region size 1024K, 4 young (4096K), 4 survivors (4096K)
 Metaspace       used 66827K, committed 67584K, reserved 1114112K
  class space    used 9651K, committed 9984K, reserved 1048576K
}
Event: 7.376 GC heap before
{Heap before GC invocations=18 (full 0):
 garbage-first heap   total 79872K, used 72278K [0x0000000085200000, 0x0000000100000000)
  region size 1024K, 39 young (39936K), 4 survivors (4096K)
 Metaspace       used 72108K, committed 72832K, reserved 1114112K
  class space    used 10409K, committed 10688K, reserved 1048576K
}
Event: 7.380 GC heap after
{Heap after GC invocations=19 (full 0):
 garbage-first heap   total 79872K, used 39201K [0x0000000085200000, 0x0000000100000000)
  region size 1024K, 5 young (5120K), 5 survivors (5120K)
 Metaspace       used 72108K, committed 72832K, reserved 1114112K
  class space    used 10409K, committed 10688K, reserved 1048576K
}
Event: 7.782 GC heap before
{Heap before GC invocations=19 (full 0):
 garbage-first heap   total 79872K, used 72993K [0x0000000085200000, 0x0000000100000000)
  region size 1024K, 38 young (38912K), 5 survivors (5120K)
 Metaspace       used 77685K, committed 78528K, reserved 1179648K
  class space    used 11334K, committed 11712K, reserved 1048576K
}
Event: 7.787 GC heap after
{Heap after GC invocations=20 (full 0):
 garbage-first heap   total 82944K, used 42383K [0x0000000085200000, 0x0000000100000000)
  region size 1024K, 4 young (4096K), 4 survivors (4096K)
 Metaspace       used 77685K, committed 78528K, reserved 1179648K
  class space    used 11334K, committed 11712K, reserved 1048576K
}
Event: 7.839 GC heap before
{Heap before GC invocations=21 (full 0):
 garbage-first heap   total 82944K, used 74127K [0x0000000085200000, 0x0000000100000000)
  region size 1024K, 35 young (35840K), 4 survivors (4096K)
 Metaspace       used 77685K, committed 78528K, reserved 1179648K
  class space    used 11334K, committed 11712K, reserved 1048576K
}

Dll operation events (11 events):
Event: 0.014 Loaded shared library C:\Users\Om\.jdks\corretto-21.0.10\bin\java.dll
Event: 0.312 Loaded shared library C:\Users\Om\.jdks\corretto-21.0.10\bin\zip.dll
Event: 0.317 Loaded shared library C:\Users\Om\.jdks\corretto-21.0.10\bin\instrument.dll
Event: 0.325 Loaded shared library C:\Users\Om\.jdks\corretto-21.0.10\bin\net.dll
Event: 0.329 Loaded shared library C:\Users\Om\.jdks\corretto-21.0.10\bin\nio.dll
Event: 0.334 Loaded shared library C:\Users\Om\.jdks\corretto-21.0.10\bin\zip.dll
Event: 0.349 Loaded shared library C:\Users\Om\.jdks\corretto-21.0.10\bin\jimage.dll
Event: 0.609 Loaded shared library C:\Users\Om\.jdks\corretto-21.0.10\bin\extnet.dll
Event: 0.614 Loaded shared library C:\Users\Om\.jdks\corretto-21.0.10\bin\management.dll
Event: 0.623 Loaded shared library C:\Users\Om\.jdks\corretto-21.0.10\bin\management_ext.dll
Event: 2.321 Loaded shared library C:\Users\Om\.jdks\corretto-21.0.10\bin\sunmscapi.dll

Deoptimization events (4 events):
Event: 2.332 Thread 0x000002c55a3ed880 DEOPT PACKING pc=0x000002c54cf8550c sp=0x000000dd111fe150
Event: 2.332 Thread 0x000002c55a3ed880 DEOPT UNPACKING pc=0x000002c54c8c4bc2 sp=0x000000dd111fd5e8 mode 0
Event: 4.373 Thread 0x000002c55a3ed880 DEOPT PACKING pc=0x000002c54cdc4de4 sp=0x000000dd111f8f70
Event: 4.373 Thread 0x000002c55a3ed880 DEOPT UNPACKING pc=0x000002c54c8c4bc2 sp=0x000000dd111f8438 mode 0

Classes loaded (20 events):
Event: 7.448 Loading class sun/reflect/generics/reflectiveObjects/GenericArrayTypeImpl
Event: 7.448 Loading class sun/reflect/generics/reflectiveObjects/GenericArrayTypeImpl done
Event: 7.508 Loading class java/util/WeakHashMap$KeyIterator
Event: 7.508 Loading class java/util/WeakHashMap$KeyIterator done
Event: 7.533 Loading class java/lang/Package$1PackageInfoProxy
Event: 7.533 Loading class java/lang/Package$1PackageInfoProxy done
Event: 7.613 Loading class java/util/regex/Pattern$Neg
Event: 7.613 Loading class java/util/regex/Pattern$Neg done
Event: 7.617 Loading class java/util/regex/Pattern$Bound
Event: 7.617 Loading class java/util/regex/Pattern$Bound done
Event: 7.618 Loading class java/util/regex/Pattern$LookBehindEndNode
Event: 7.618 Loading class java/util/regex/Pattern$LookBehindEndNode done
Event: 7.618 Loading class java/util/regex/Pattern$NotBehind
Event: 7.618 Loading class java/util/regex/Pattern$NotBehind done
Event: 7.619 Loading class java/util/regex/Pattern$Behind
Event: 7.619 Loading class java/util/regex/Pattern$Behind done
Event: 7.632 Loading class java/util/EmptyStackException
Event: 7.632 Loading class java/util/EmptyStackException done
Event: 7.726 Loading class java/io/InvalidClassException
Event: 7.726 Loading class java/io/InvalidClassException done

Classes unloaded (1 events):
Event: 6.301 Thread 0x000002c554f05560 Unloading class 0x000002c5014dc800 'jdk/internal/reflect/GeneratedSerializationConstructorAccessor26'

Classes redefined (0 events):
No events

Internal exceptions (20 events):
Event: 7.160 Thread 0x000002c55a3ed880 Exception <a 'java/lang/IncompatibleClassChangeError'{0x0000000088bc3358}: Found class java.lang.Object, but interface was expected> (0x0000000088bc3358) 
thrown [s\src\hotspot\share\interpreter\linkResolver.cpp, line 840]
Event: 7.160 Thread 0x000002c55a3ed880 Exception <a 'java/lang/IncompatibleClassChangeError'{0x0000000088bc8c28}: Found class java.lang.Object, but interface was expected> (0x0000000088bc8c28) 
thrown [s\src\hotspot\share\interpreter\linkResolver.cpp, line 840]
Event: 7.160 Thread 0x000002c55a3ed880 Exception <a 'java/lang/IncompatibleClassChangeError'{0x0000000088bce9a8}: Found class java.lang.Object, but interface was expected> (0x0000000088bce9a8) 
thrown [s\src\hotspot\share\interpreter\linkResolver.cpp, line 840]
Event: 7.161 Thread 0x000002c55a3ed880 Exception <a 'java/lang/IncompatibleClassChangeError'{0x0000000088bd4960}: Found class java.lang.Object, but interface was expected> (0x0000000088bd4960) 
thrown [s\src\hotspot\share\interpreter\linkResolver.cpp, line 840]
Event: 7.161 Thread 0x000002c55a3ed880 Exception <a 'java/lang/IncompatibleClassChangeError'{0x0000000088be0670}: Found class java.lang.Object, but interface was expected> (0x0000000088be0670) 
thrown [s\src\hotspot\share\interpreter\linkResolver.cpp, line 840]
Event: 7.161 Thread 0x000002c55a3ed880 Exception <a 'java/lang/IncompatibleClassChangeError'{0x0000000088bf6c00}: Found class java.lang.Object, but interface was expected> (0x0000000088bf6c00) 
thrown [s\src\hotspot\share\interpreter\linkResolver.cpp, line 840]
Event: 7.161 Thread 0x000002c55a3ed880 Exception <a 'java/lang/IncompatibleClassChangeError'{0x0000000088bfbca0}: Found class java.lang.Object, but interface was expected> (0x0000000088bfbca0) 
thrown [s\src\hotspot\share\interpreter\linkResolver.cpp, line 840]
Event: 7.162 Thread 0x000002c55a3ed880 Exception <a 'java/lang/NoSuchMethodError'{0x0000000088a09ff8}: 'int java.lang.invoke.DirectMethodHandle$Holder.invokeSpecialIFC(java.lang.Object, java.lang.Object, java.lang.Object)'> (0x0000000088a09ff8) 
thrown [s\src\hotspot\share\interpreter\linkResolver.cpp, line 773]
Event: 7.162 Thread 0x000002c55a3ed880 Exception <a 'java/lang/IncompatibleClassChangeError'{0x0000000088a0f530}: Found class java.lang.Object, but interface was expected> (0x0000000088a0f530) 
thrown [s\src\hotspot\share\interpreter\linkResolver.cpp, line 840]
Event: 7.162 Thread 0x000002c55a3ed880 Exception <a 'java/lang/IncompatibleClassChangeError'{0x0000000088a153d8}: Found class java.lang.Object, but interface was expected> (0x0000000088a153d8) 
thrown [s\src\hotspot\share\interpreter\linkResolver.cpp, line 840]
Event: 7.163 Thread 0x000002c55a3ed880 Exception <a 'java/lang/IncompatibleClassChangeError'{0x0000000088a1ead8}: Found class java.lang.Object, but interface was expected> (0x0000000088a1ead8) 
thrown [s\src\hotspot\share\interpreter\linkResolver.cpp, line 840]
Event: 7.171 Thread 0x000002c55a3ed880 Exception <a 'java/lang/NoSuchMethodError'{0x0000000088abefb0}: 'void java.lang.invoke.DirectMethodHandle$Holder.invokeStatic(java.lang.Object, int, java.lang.Object)'> (0x0000000088abefb0) 
thrown [s\src\hotspot\share\interpreter\linkResolver.cpp, line 773]
Event: 7.369 Thread 0x000002c55a3ed880 Exception <a 'java/lang/NoSuchMethodError'{0x0000000087d6d570}: 'int java.lang.invoke.DirectMethodHandle$Holder.invokeVirtual(java.lang.Object, java.lang.Object, java.lang.Object, java.lang.Object)'> (0x0000000087d6d570) 
thrown [s\src\hotspot\share\interpreter\linkResolver.cpp, line 773]
Event: 7.369 Thread 0x000002c55a3ed880 Exception <a 'java/lang/NoSuchMethodError'{0x0000000087d70e40}: 'int java.lang.invoke.DelegatingMethodHandle$Holder.reinvoke_L(java.lang.Object, java.lang.Object, java.lang.Object, java.lang.Object)'> (0x0000000087d70e40) 
thrown [s\src\hotspot\share\interpreter\linkResolver.cpp, line 773]
Event: 7.394 Thread 0x000002c55a3ed880 Exception <a 'java/io/FileNotFoundException'{0x000000008cdce050}> (0x000000008cdce050) 
thrown [s\src\hotspot\share\prims\jni.cpp, line 520]
Event: 7.422 Thread 0x000002c55a3ed880 Exception <a 'java/lang/NoSuchMethodError'{0x0000000089c53398}: 'int java.lang.invoke.DirectMethodHandle$Holder.invokeInterface(java.lang.Object, java.lang.Object, java.lang.Object, java.lang.Object)'> (0x0000000089c53398) 
thrown [s\src\hotspot\share\interpreter\linkResolver.cpp, line 773]
Event: 7.437 Thread 0x000002c55a3ed880 Exception <a 'java/lang/NoSuchMethodError'{0x0000000089bc15e8}: 'void java.lang.invoke.DelegatingMethodHandle$Holder.reinvoke_L(java.lang.Object, java.lang.Object, long)'> (0x0000000089bc15e8) 
thrown [s\src\hotspot\share\interpreter\linkResolver.cpp, line 773]
Event: 7.457 Thread 0x000002c55a3ed880 Exception <a 'java/lang/IncompatibleClassChangeError'{0x0000000089844688}: Found class java.lang.Object, but interface was expected> (0x0000000089844688) 
thrown [s\src\hotspot\share\interpreter\linkResolver.cpp, line 840]
Event: 7.481 Thread 0x000002c55a3ed880 Exception <a 'java/lang/IncompatibleClassChangeError'{0x000000008963f598}: Found class java.lang.Object, but interface was expected> (0x000000008963f598) 
thrown [s\src\hotspot\share\interpreter\linkResolver.cpp, line 840]
Event: 7.619 Thread 0x000002c55a3ed880 Exception <a 'java/lang/IncompatibleClassChangeError'{0x0000000088ce1220}: Found class java.lang.Object, but interface was expected> (0x0000000088ce1220) 
thrown [s\src\hotspot\share\interpreter\linkResolver.cpp, line 840]

ZGC Phase Switch (0 events):
No events

VM Operations (20 events):
Event: 7.178 Executing safepoint VM operation: ICBufferFull done
Event: 7.346 Executing non-safepoint VM operation: HandshakeAllThreads (Deoptimize)
Event: 7.346 Executing non-safepoint VM operation: HandshakeAllThreads (Deoptimize) done
Event: 7.376 Executing safepoint VM operation: G1CollectForAllocation (G1 Evacuation Pause)
Event: 7.380 Executing safepoint VM operation: G1CollectForAllocation (G1 Evacuation Pause) done
Event: 7.477 Executing non-safepoint VM operation: HandshakeAllThreads (Deoptimize)
Event: 7.477 Executing non-safepoint VM operation: HandshakeAllThreads (Deoptimize) done
Event: 7.536 Executing non-safepoint VM operation: HandshakeAllThreads (Deoptimize)
Event: 7.536 Executing non-safepoint VM operation: HandshakeAllThreads (Deoptimize) done
Event: 7.537 Executing non-safepoint VM operation: HandshakeAllThreads (Deoptimize)
Event: 7.537 Executing non-safepoint VM operation: HandshakeAllThreads (Deoptimize) done
Event: 7.737 Executing non-safepoint VM operation: HandshakeAllThreads (Deoptimize)
Event: 7.737 Executing non-safepoint VM operation: HandshakeAllThreads (Deoptimize) done
Event: 7.782 Executing safepoint VM operation: G1CollectForAllocation (G1 Evacuation Pause)
Event: 7.787 Executing safepoint VM operation: G1CollectForAllocation (G1 Evacuation Pause) done
Event: 7.799 Executing safepoint VM operation: G1PauseRemark
Event: 7.805 Executing safepoint VM operation: G1PauseRemark done
Event: 7.814 Executing safepoint VM operation: G1PauseCleanup
Event: 7.814 Executing safepoint VM operation: G1PauseCleanup done
Event: 7.839 Executing safepoint VM operation: G1CollectForAllocation (G1 Evacuation Pause)

Memory protections (0 events):
No events

Nmethod flushes (20 events):
Event: 7.804 Thread 0x000002c554f05560 flushing  nmethod 0x000002c54ce75190
Event: 7.804 Thread 0x000002c554f05560 flushing  nmethod 0x000002c54ce91e10
Event: 7.804 Thread 0x000002c554f05560 flushing  nmethod 0x000002c54ce92e90
Event: 7.804 Thread 0x000002c554f05560 flushing  nmethod 0x000002c54ce96210
Event: 7.804 Thread 0x000002c554f05560 flushing  nmethod 0x000002c54ceb9510
Event: 7.804 Thread 0x000002c554f05560 flushing  nmethod 0x000002c54cee5690
Event: 7.804 Thread 0x000002c554f05560 flushing  nmethod 0x000002c54cee5a10
Event: 7.804 Thread 0x000002c554f05560 flushing  nmethod 0x000002c54cee5d90
Event: 7.804 Thread 0x000002c554f05560 flushing  nmethod 0x000002c54cee6090
Event: 7.804 Thread 0x000002c554f05560 flushing  nmethod 0x000002c54cee6a10
Event: 7.804 Thread 0x000002c554f05560 flushing osr nmethod 0x000002c54ceea090
Event: 7.804 Thread 0x000002c554f05560 flushing  nmethod 0x000002c54ceeed10
Event: 7.804 Thread 0x000002c554f05560 flushing  nmethod 0x000002c54cf40d10
Event: 7.804 Thread 0x000002c554f05560 flushing  nmethod 0x000002c54cf41710
Event: 7.804 Thread 0x000002c554f05560 flushing  nmethod 0x000002c54cf66990
Event: 7.804 Thread 0x000002c554f05560 flushing  nmethod 0x000002c54cf68f10
Event: 7.804 Thread 0x000002c554f05560 flushing  nmethod 0x000002c54cf6b510
Event: 7.804 Thread 0x000002c554f05560 flushing  nmethod 0x000002c54d48be90
Event: 7.804 Thread 0x000002c554f05560 flushing  nmethod 0x000002c54d49c190
Event: 7.804 Thread 0x000002c554f05560 flushing  nmethod 0x000002c54d4a8d10

Events (20 events):
Event: 3.328 Thread 0x000002c55a3ef950 Thread exited: 0x000002c55a3ef950
Event: 3.831 Thread 0x000002c55a315b20 Thread added: 0x000002c55a3ed1f0
Event: 3.835 Thread 0x000002c55a3ed1f0 Thread exited: 0x000002c55a3ed1f0
Event: 4.337 Thread 0x000002c55a315b20 Thread added: 0x000002c55a3ef2c0
Event: 4.342 Thread 0x000002c55a3ef2c0 Thread exited: 0x000002c55a3ef2c0
Event: 4.443 Thread 0x000002c55a3ed880 Thread added: 0x000002c55a3edf10
Event: 4.454 Thread 0x000002c55a3ed880 Thread added: 0x000002c55a3eec30
Event: 4.565 Thread 0x000002c55a3ed880 Thread added: 0x000002c55a3ef2c0
Event: 4.844 Thread 0x000002c55a315b20 Thread added: 0x000002c55a3ee5a0
Event: 4.848 Thread 0x000002c55a3ee5a0 Thread exited: 0x000002c55a3ee5a0
Event: 5.351 Thread 0x000002c55a315b20 Thread added: 0x000002c55a3ee5a0
Event: 5.355 Thread 0x000002c55a3ee5a0 Thread exited: 0x000002c55a3ee5a0
Event: 5.858 Thread 0x000002c55a315b20 Thread added: 0x000002c55a3ef950
Event: 5.865 Thread 0x000002c55a3ef950 Thread exited: 0x000002c55a3ef950
Event: 6.368 Thread 0x000002c55a315b20 Thread added: 0x000002c55a3ee5a0
Event: 6.372 Thread 0x000002c55a3ee5a0 Thread exited: 0x000002c55a3ee5a0
Event: 6.874 Thread 0x000002c55a315b20 Thread added: 0x000002c55a3ef950
Event: 6.878 Thread 0x000002c55a3ef950 Thread exited: 0x000002c55a3ef950
Event: 7.381 Thread 0x000002c55a315b20 Thread added: 0x000002c55a3effe0
Event: 7.385 Thread 0x000002c55a3effe0 Thread exited: 0x000002c55a3effe0


Dynamic libraries:
0x00007ff788a50000 - 0x00007ff788a5e000 	C:\Users\Om\.jdks\corretto-21.0.10\bin\java.exe
0x00007fffc1a60000 - 0x00007fffc1cc7000 	C:\WINDOWS\SYSTEM32\ntdll.dll
0x00007fffbfdf0000 - 0x00007fffbfeb9000 	C:\WINDOWS\System32\KERNEL32.DLL
0x00007fffbf2c0000 - 0x00007fffbf6b4000 	C:\WINDOWS\System32\KERNELBASE.dll
0x00007fffbef10000 - 0x00007fffbf05b000 	C:\WINDOWS\System32\ucrtbase.dll
0x00007fffb9590000 - 0x00007fffb95ae000 	C:\Users\Om\.jdks\corretto-21.0.10\bin\VCRUNTIME140.dll
0x00007fffb9570000 - 0x00007fffb9588000 	C:\Users\Om\.jdks\corretto-21.0.10\bin\jli.dll
0x00007fffc1070000 - 0x00007fffc1235000 	C:\WINDOWS\System32\USER32.dll
0x00007fffbf290000 - 0x00007fffbf2b7000 	C:\WINDOWS\System32\win32u.dll
0x00007fffc0bb0000 - 0x00007fffc0bdb000 	C:\WINDOWS\System32\GDI32.dll
0x00007fff9d770000 - 0x00007fff9da03000 	C:\WINDOWS\WinSxS\amd64_microsoft.windows.common-controls_6595b64144ccf1df_6.0.26100.8115_none_3e075c82e3354f9c\COMCTL32.dll
0x00007fffbf6c0000 - 0x00007fffbf7eb000 	C:\WINDOWS\System32\gdi32full.dll
0x00007fffbe330000 - 0x00007fffbe3d3000 	C:\WINDOWS\System32\msvcp_win.dll
0x00007fffc06e0000 - 0x00007fffc0789000 	C:\WINDOWS\System32\msvcrt.dll
0x00007fffc0e30000 - 0x00007fffc0e62000 	C:\WINDOWS\System32\IMM32.DLL
0x00007fffbb3f0000 - 0x00007fffbb3fc000 	C:\Users\Om\.jdks\corretto-21.0.10\bin\vcruntime140_1.dll
0x00007fffb94e0000 - 0x00007fffb9569000 	C:\Users\Om\.jdks\corretto-21.0.10\bin\msvcp140.dll
0x00007fff30fc0000 - 0x00007fff31d68000 	C:\Users\Om\.jdks\corretto-21.0.10\bin\server\jvm.dll
0x00007fffbfd30000 - 0x00007fffbfde6000 	C:\WINDOWS\System32\ADVAPI32.dll
0x00007fffc0630000 - 0x00007fffc06d7000 	C:\WINDOWS\System32\sechost.dll
0x00007fffc0cc0000 - 0x00007fffc0dd8000 	C:\WINDOWS\System32\RPCRT4.dll
0x00007fffc1800000 - 0x00007fffc1880000 	C:\WINDOWS\System32\WS2_32.dll
0x00007fffbd190000 - 0x00007fffbd1ee000 	C:\WINDOWS\SYSTEM32\POWRPROF.dll
0x00007fffb28f0000 - 0x00007fffb2926000 	C:\WINDOWS\SYSTEM32\WINMM.dll
0x00007fffb3c50000 - 0x00007fffb3c5b000 	C:\WINDOWS\SYSTEM32\VERSION.dll
0x00007fffbd150000 - 0x00007fffbd164000 	C:\WINDOWS\SYSTEM32\UMPDC.dll
0x00007fffbd170000 - 0x00007fffbd18b000 	C:\WINDOWS\SYSTEM32\kernel.appcore.dll
0x00007fffbb320000 - 0x00007fffbb32a000 	C:\Users\Om\.jdks\corretto-21.0.10\bin\jimage.dll
0x00007fffbc130000 - 0x00007fffbc372000 	C:\WINDOWS\SYSTEM32\DBGHELP.DLL
0x00007fffc1240000 - 0x00007fffc15c2000 	C:\WINDOWS\System32\combase.dll
0x00007fffc0be0000 - 0x00007fffc0cb8000 	C:\WINDOWS\System32\OLEAUT32.dll
0x00007fff92cd0000 - 0x00007fff92d0b000 	C:\WINDOWS\SYSTEM32\dbgcore.DLL
0x00007fffbf060000 - 0x00007fffbf105000 	C:\WINDOWS\System32\bcryptPrimitives.dll
0x00007fffb94d0000 - 0x00007fffb94e0000 	C:\Users\Om\.jdks\corretto-21.0.10\bin\instrument.dll
0x00007fffb94a0000 - 0x00007fffb94c1000 	C:\Users\Om\.jdks\corretto-21.0.10\bin\java.dll
0x00007fffbfec0000 - 0x00007fffc0627000 	C:\WINDOWS\System32\SHELL32.dll
0x00007fffbeda0000 - 0x00007fffbef0a000 	C:\WINDOWS\System32\wintypes.dll
0x00007fffbe530000 - 0x00007fffbed98000 	C:\WINDOWS\System32\windows.storage.dll
0x00007fffc1890000 - 0x00007fffc1988000 	C:\WINDOWS\System32\SHCORE.dll
0x00007fffc09d0000 - 0x00007fffc0a36000 	C:\WINDOWS\System32\shlwapi.dll
0x00007fffbe250000 - 0x00007fffbe279000 	C:\WINDOWS\SYSTEM32\profapi.dll
0x00007fffa1040000 - 0x00007fffa1058000 	C:\Users\Om\.jdks\corretto-21.0.10\bin\zip.dll
0x00007fffb9480000 - 0x00007fffb9491000 	C:\Users\Om\.jdks\corretto-21.0.10\bin\net.dll
0x00007fffb5ef0000 - 0x00007fffb601d000 	C:\WINDOWS\SYSTEM32\WINHTTP.dll
0x00007fffbd750000 - 0x00007fffbd7bc000 	C:\WINDOWS\system32\mswsock.dll
0x00007fffb9460000 - 0x00007fffb9476000 	C:\Users\Om\.jdks\corretto-21.0.10\bin\nio.dll
0x00007fffbcac0000 - 0x00007fffbcbf2000 	C:\WINDOWS\SYSTEM32\DNSAPI.dll
0x00007fffbca80000 - 0x00007fffbcab2000 	C:\WINDOWS\SYSTEM32\IPHLPAPI.DLL
0x00007fffc0ba0000 - 0x00007fffc0baa000 	C:\WINDOWS\System32\NSI.dll
0x00007fffb5310000 - 0x00007fffb531b000 	C:\Windows\System32\rasadhlp.dll
0x00007fffb8fc0000 - 0x00007fffb9046000 	C:\WINDOWS\System32\fwpuclnt.dll
0x00007fffb9450000 - 0x00007fffb9459000 	C:\Users\Om\.jdks\corretto-21.0.10\bin\extnet.dll
0x00007fffb52a0000 - 0x00007fffb52aa000 	C:\Users\Om\.jdks\corretto-21.0.10\bin\management.dll
0x00007fffb2510000 - 0x00007fffb251c000 	C:\Users\Om\.jdks\corretto-21.0.10\bin\management_ext.dll
0x00007fffc1060000 - 0x00007fffc1068000 	C:\WINDOWS\System32\PSAPI.DLL
0x00007fffbda30000 - 0x00007fffbda4b000 	C:\WINDOWS\SYSTEM32\CRYPTSP.dll
0x00007fffbd090000 - 0x00007fffbd0c9000 	C:\WINDOWS\system32\rsaenh.dll
0x00007fffbd800000 - 0x00007fffbd833000 	C:\WINDOWS\SYSTEM32\USERENV.dll
0x00007fffbe220000 - 0x00007fffbe24a000 	C:\WINDOWS\SYSTEM32\bcrypt.dll
0x00007fffbda50000 - 0x00007fffbda5c000 	C:\WINDOWS\SYSTEM32\CRYPTBASE.dll
0x00007fff975c0000 - 0x00007fff975d8000 	C:\WINDOWS\system32\napinsp.dll
0x00007fff97b10000 - 0x00007fff97b23000 	C:\WINDOWS\System32\winrnr.dll
0x00007fff97ae0000 - 0x00007fff97b02000 	C:\WINDOWS\system32\nlansp_c.dll
0x00007fff950e0000 - 0x00007fff950f6000 	C:\WINDOWS\system32\wshbth.dll
0x00007fff9c4b0000 - 0x00007fff9c506000 	C:\WINDOWS\SYSTEM32\pdh.dll
0x00007fff92cb0000 - 0x00007fff92cc2000 	C:\WINDOWS\System32\perfproc.dll
0x00007fff92b20000 - 0x00007fff92b31000 	C:\WINDOWS\System32\perfos.dll
0x00007fffbc720000 - 0x00007fffbc732000 	C:\WINDOWS\SYSTEM32\pfclient.dll
0x00007fffa1030000 - 0x00007fffa103e000 	C:\Users\Om\.jdks\corretto-21.0.10\bin\sunmscapi.dll
0x00007fffbf110000 - 0x00007fffbf287000 	C:\WINDOWS\System32\CRYPT32.dll
0x00007fffbdc50000 - 0x00007fffbdc80000 	C:\WINDOWS\SYSTEM32\ncrypt.dll
0x00007fffbdc00000 - 0x00007fffbdc3f000 	C:\WINDOWS\SYSTEM32\NTASN1.dll

JVMTI agents:
C:\Program Files\JetBrains\IntelliJ IDEA 2026.1\lib\idea_rt.jar path:C:\Users\Om\.jdks\corretto-21.0.10\bin\instrument.dll, loaded, initialized, instrumentlib options:65065

dbghelp: loaded successfully - version: 4.0.5 - missing functions: none
symbol engine: initialized successfully - sym options: 0x614 - pdb path: .;C:\Users\Om\.jdks\corretto-21.0.10\bin;C:\WINDOWS\SYSTEM32;C:\WINDOWS\WinSxS\amd64_microsoft.windows.common-controls_6595b64144ccf1df_6.0.26100.8115_none_3e075c82e3354f9c;C:\Users\Om\.jdks\corretto-21.0.10\bin\server

VM Arguments:
jvm_args: -XX:TieredStopAtLevel=1 -Dspring.output.ansi.enabled=always -Dcom.sun.management.jmxremote -Dspring.jmx.enabled=true -Dspring.liveBeansView.mbeanDomain -Dspring.application.admin.enabled=true -Dmanagement.endpoints.jmx.exposure.include=* -javaagent:C:\Program Files\JetBrains\IntelliJ IDEA 2026.1\lib\idea_rt.jar=65065 -Dfile.encoding=UTF-8 -Dsun.stdout.encoding=UTF-8 -Dsun.stderr.encoding=UTF-8 
java_command: com.app.aml.AmlApplication
java_class_path (initial): C:\Users\Om\OneDrive\Documents\AML Backend\AML\target\classes;C:\Users\Om\.m2\repository\org\springframework\boot\spring-boot-starter-batch\3.2.5\spring-boot-starter-batch-3.2.5.jar;C:\Users\Om\.m2\repository\org\springframework\boot\spring-boot-starter\4.0.5\spring-boot-starter-4.0.5.jar;C:\Users\Om\.m2\repository\org\springframework\boot\spring-boot-starter-logging\4.0.5\spring-boot-starter-logging-4.0.5.jar;C:\Users\Om\.m2\repository\ch\qos\logback\logback-classic\1.5.32\logback-classic-1.5.32.jar;C:\Users\Om\.m2\repository\ch\qos\logback\logback-core\1.5.32\logback-core-1.5.32.jar;C:\Users\Om\.m2\repository\org\apache\logging\log4j\log4j-to-slf4j\2.25.3\log4j-to-slf4j-2.25.3.jar;C:\Users\Om\.m2\repository\org\apache\logging\log4j\log4j-api\2.25.3\log4j-api-2.25.3.jar;C:\Users\Om\.m2\repository\org\slf4j\jul-to-slf4j\2.0.17\jul-to-slf4j-2.0.17.jar;C:\Users\Om\.m2\repository\jakarta\annotation\jakarta.annotation-api\3.0.0\jakarta.annotation-api-3.0.0.jar;C:\Users\Om\.m2\repository\org\yaml\snakeyaml\2.5\snakeyaml-2.5.jar;C:\Users\Om\.m2\repository\org\springframework\batch\spring-batch-core\5.1.1\spring-batch-core-5.1.1.jar;C:\Users\Om\.m2\repository\org\springframework\spring-aop\7.0.6\spring-aop-7.0.6.jar;C:\Users\Om\.m2\repository\org\springframework\spring-beans\7.0.6\spring-beans-7.0.6.jar;C:\Users\Om\.m2\repository\org\springframework\spring-context\7.0.6\spring-context-7.0.6.jar;C:\Users\Om\.m2\repository\org\springframework\spring-expression\7.0.6\spring-expression-7.0.6.jar;C:\Users\Om\.m2\repository\org\springframework\spring-tx\7.0.6\spring-tx-7.0.6.jar;C:\Users\Om\.m2\repository\org\springframework\spring-jdbc\7.0.6\spring-jdbc-7.0.6.jar;C:\Users\Om\.m2\repository\io\micrometer\micrometer-core\1.16.4\micrometer-core-1.16.4.jar;C:\Users\Om\.m2\repository\org\jspecify\jspecify\1.0.0\jspecify-1.0.0.jar;C:\Users\Om\.m2\repository\io\micrometer\micrometer-commons\1.16.4\micrometer-commons-1.16.4.jar;C:\Users\Om\.m2\repository\org\hdrhistogram\HdrHistogram\2.2.2\HdrHistogram-2.2.2.jar;C:\Users\Om\.m2\repository\org\latencyutils\LatencyUtils\2.0.3\LatencyUtils-2.0.3.jar;C:\Users\Om\.m2\repository\io\micrometer\micrometer-observation\1.16.4\micrometer-observation-1.16.4.jar;C:\Users\Om\.m2\repository\org\xhtmlrenderer\flying-saucer-pdf\9.4.0\flying-saucer-pdf-9.4.0.jar;C:\Users\Om\.m2\repository\org\xhtmlrenderer\flying-saucer-core\9.4.0\flying-saucer-core-9.4.0.jar;C:\Users\Om\.m2\repository\org\slf4j\slf4j-api\2.0.17\slf4j-api-2.0.17.jar;C:\Users\Om\.m2\repository\com\github\librepdf\openpdf\1.3.39\openpdf-1.3.39.jar;C:\Users\Om\.m2\repository\com\github\javafaker\javafaker\1.0.2\javafaker-1.0.2.jar;C:\Users\Om\.m2\repository\org\apache\commons\commons-lang3\3.19.0\commons-lang3-3.19.0.jar;C:\Users\Om\.m2\repository\org\yaml\snakeyaml\1.23\snakeyaml-1.23-android.jar;C:\Users\Om\.m2\repository\com\github\mifmif\generex\1.0.2\generex-1.0.2.jar;C:\Users\Om\.m2\repository\dk\brics\automaton\automaton\1.11-8\automaton-1.11-8.jar;C:\Users\Om\.m2\repository\org\springframework\batch\spring-batch-infrastructure\5.1.1\spring-batch-infrastructure-5.1.1.jar;C:\Users\Om\.m2\repository\org\springframework\spring-core\7.0.6\spring-core-7.0.6.jar;C:\Users\Om\.m2\repository\commons-logging\commons-logging\1.3.6\commons-logging-1.3.6.jar;C:\Users\Om\.m2\repository\org\springframework\retry\spring-retry\2.0.5\spring-retry-2.0.5.jar;C:\Users\Om\.m2\repository\org\springframework\boot\spring-boot-starter-json\4.0.5\spring-boot-starter-json-4.0.5.jar;C:\Users\Om\.m2\repository\org\springframework\boot\spring-boot-jackson\4.0.5\spring-boot-jackson-4.0.5.jar;C:\Users\Om\.m2\repository\tools\jackson\core\jackson-databind\3.1.0\jackson-databind-3.1.0.jar;C:\Users\Om\.m2\repository\tools\jackson\core\jackson-core\3.1.0\jackson-core-3.1.0.jar;C:\Users\Om\.m2\repository\org\springframework\boot\spring-boot-starter-jdbc\4.0.5\spring-boot-starter-jdbc-4.0.5.jar;C:\Users\Om\.m2\repository\org\springframework\boot\spring-boot-jdbc\4.0.5\spring-boot-jdbc-4.0.5.jar;C:\Users\Om\.m2\repository\org\springframework\boot\spring-boot-sql\4.0.5\spring-boot-sql-4.0.5.jar;C:\Users\Om\.m2\repository\org\springframework\boot\spring-boot-transaction\4.0.5\spring-boot-transaction-4.0.5.jar;C:\Users\Om\.m2\repository\org\springframework\boot\spring-boot-persistence\4.0.5\spring-boot-persistence-4.0.5.jar;C:\Users\Om\.m2\repository\com\zaxxer\HikariCP\7.0.2\HikariCP-7.0.2.jar;C:\Users\Om\.m2\repository\com\fasterxml\jackson\datatype\jackson-datatype-jsr310\2.21.2\jackson-datatype-jsr310-2.21.2.jar;C:\Users\Om\.m2\repository\com\fasterxml\jackson\core\jackson-annotations\2.21\jackson-annotations-2.21.jar;C:\Users\Om\.m2\repository\com\fasterxml\jackson\core\jackson-core\2.21.2\jackson-core-2.21.2.jar;C:\Users\Om\.m2\repository\com\fasterxml\jackson\core\jackson-databind\2.21.2\jackson-databind-2.21.2.jar;C:\Users\Om\.m2\repository\org\springframework\boot\spring-boot-starter-mail\4.1.0-M4\spring-boot-starter-mail-4.1.0-M4.jar;C:\Users\Om\.m2\repository\org\springframework\boot\spring-boot-mail\4.0.5\spring-boot-mail-4.0.5.jar;C:\Users\Om\.m2\repository\org\springframework\spring-context-support\7.0.6\spring-context-support-7.0.6.jar;C:\Users\Om\.m2\repository\jakarta\mail\jakarta.mail-api\2.1.5\jakarta.mail-api-2.1.5.jar;C:\Users\Om\.m2\repository\jakarta\activation\jakarta.activation-api\2.1.4\jakarta.activation-api-2.1.4.jar;C:\Users\Om\.m2\repository\org\eclipse\angus\angus-mail\2.0.5\angus-mail-2.0.5.jar;C:\Users\Om\.m2\repository\org\eclipse\angus\angus-activation\2.0.3\angus-activation-2.0.3.jar;C:\Users\Om\.m2\repository\io\github\cdimascio\dotenv-java\3.0.0\dotenv-java-3.0.0.jar;C:\Users\Om\.m2\repository\org\springframework\boot\spring-boot-starter-data-jpa\4.0.5\spring-boot-starter-data-jpa-4.0.5.jar;C:\Users\Om\.m2\repository\org\springframework\boot\spring-boot-data-jpa\4.0.5\spring-boot-data-jpa-4.0.5.jar;C:\Users\Om\.m2\repository\org\springframework\boot\spring-boot-data-commons\4.0.5\spring-boot-data-commons-4.0.5.jar;C:\Users\Om\.m2\repository\org\springframework\data\spring-data-commons\4.0.4\spring-data-commons-4.0.4.jar;C:\Users\Om\.m2\repository\org\springframework\boot\spring-boot-hibernate\4.0.5\spring-boot-hibernate-4.0.5.jar;C:\Users\Om\.m2\repository\org\springframework\boot\spring-boot-jpa\4.0.5\spring-boot-jpa-4.0.5.jar;C:\Users\Om\.m2\repository\jakarta\persistence\jakarta.persistence-api\3.2.0\jakarta.persistence-api-3.2.0.jar;C:\Users\Om\.m2\repository\org\hibernate\orm\hibernate-core\7.2.7.Final\hibernate-core-7.2.7.Final.jar;C:\Users\Om\.m2\repository\jakarta\transaction\jakarta.transaction-api\2.0.1\jakarta.transaction-api-2.0.1.jar;C:\Users\Om\.m2\repository\org\hibernate\models\hibernate-models\1.0.1\hibernate-models-1.0.1.jar;C:\Users\Om\.m2\repository\org\glassfish\jaxb\jaxb-runtime\4.0.6\jaxb-runtime-4.0.6.jar;C:\Users\Om\.m2\repository\org\glassfish\jaxb\jaxb-core\4.0.6\jaxb-core-4.0.6.jar;C:\Users\Om\.m2\repository\org\glassfish\jaxb\txw2\4.0.6\txw2-4.0.6.jar;C:\Users\Om\.m2\repository\com\sun\istack\istack-commons-runtime\4.1.2\istack-commons-runtime-4.1.2.jar;C:\Users\Om\.m2\repository\jakarta\inject\jakarta.inject-api\2.0.1\jakarta.inject-api-2.0.1.jar;C:\Users\Om\.m2\repository\org\springframework\spring-orm\7.0.6\spring-orm-7.0.6.jar;C:\Users\Om\.m2\repository\org\springframework\data\spring-data-jpa\4.0.4\spring-data-jpa-4.0.4.jar;C:\Users\Om\.m2\repository\org\antlr\antlr4-runtime\4.13.2\antlr4-runtime-4.13.2.jar;C:\Users\Om\.m2\repository\org\springframework\spring-aspects\7.0.6\spring-aspects-7.0.6.jar;C:\Users\Om\.m2\repository\org\aspectj\aspectjweaver\1.9.25.1\aspectjweaver-1.9.25.1.jar;C:\Users\Om\.m2\repository\org\mapstruct\mapstruct\1.5.5.Final\mapstruct-1.5.5.Final.jar;C:\Users\Om\.m2\repository\org\mapstruct\mapstruct-processor\1.5.5.Final\mapstruct-processor-1.5.5.Final.jar;C:\Users\Om\.m2\repository\org\springframework\boot\spring-boot-starter-flyway\4.0.5\spring-boot-starter-flyway-4.0.5.jar;C:\Users\Om\.m2\repository\org\springframework\boot\spring-boot-flyway\4.0.5\spring-boot-flyway-4.0.5.jar;C:\Users\Om\.m2\repository\org\springframework\boot\spring-boot-starter-security\4.0.5\spring-boot-starter-security-4.0.5.jar;C:\Users\Om\.m2\repository\org\springframework\boot\spring-boot-security\4.0.5\spring-boot-security-4.0.5.jar;C:\Users\Om\.m2\repository\org\springframework\security\spring-security-config\7.0.4\spring-security-config-7.0.4.jar;C:\Users\Om\.m2\repository\org\springframework\security\spring-security-core\7.0.4\spring-security-core-7.0.4.jar;C:\Users\Om\.m2\repository\org\springframework\security\spring-security-crypto\7.0.4\spring-security-crypto-7.0.4.jar;C:\Users\Om\.m2\repository\org\springframework\security\spring-security-web\7.0.4\spring-security-web-7.0.4.jar;C:\Users\Om\.m2\repository\org\springframework\boot\spring-boot-starter-thymeleaf\4.0.5\spring-boot-starter-thymeleaf-4.0.5.jar;C:\Users\Om\.m2\repository\org\springframework\boot\spring-boot-thymeleaf\4.0.5\spring-boot-thymeleaf-4.0.5.jar;C:\Users\Om\.m2\repository\org\springframework\spring-web\7.0.6\spring-web-7.0.6.jar;C:\Users\Om\.m2\repository\org\springframework\boot\spring-boot-starter-validation\4.0.5\spring-boot-starter-validation-4.0.5.jar;C:\Users\Om\.m2\repository\org\springframework\boot\spring-boot-validation\4.0.5\spring-boot-validation-4.0.5.jar;C:\Users\Om\.m2\repository\org\apache\tomcat\embed\tomcat-embed-el\11.0.20\tomcat-embed-el-11.0.20.jar;C:\Users\Om\.m2\repository\org\hibernate\validator\hibernate-validator\9.0.1.Final\hibernate-validator-9.0.1.Final.jar;C:\Users\Om\.m2\repository\jakarta\validation\jakarta.validation-api\3.1.1\jakarta.validation-api-3.1.1.jar;C:\Users\Om\.m2\repository\org\jboss\logging\jboss-logging\3.6.3.Final\jboss-logging-3.6.3.Final.jar;C:\Users\Om\.m2\repository\com\fasterxml\classmate\1.7.3\classmate-1.7.3.jar;C:\Users\Om\.m2\repository\org\springframework\boot\spring-boot-starter-webmvc\4.0.5\spring-boot-starter-webmvc-4.0.5.jar;C:\Users\Om\.m2\repository\org\springframework\boot\spring-boot-starter-jackson\4.0.5\spring-boot-starter-jackson-4.0.5.jar;C:\Users\Om\.m2\repository\org\springframework\boot\spring-boot-starter-tomcat\4.0.5\spring-boot-starter-tomcat-4.0.5.jar;C:\Users\Om\.m2\repository\org\springframework\boot\spring-boot-starter-tomcat-runtime\4.0.5\spring-boot-starter-tomcat-runtime-4.0.5.jar;C:\Users\Om\.m2\repository\org\apache\tomcat\embed\tomcat-embed-core\11.0.20\tomcat-embed-core-11.0.20.jar;C:\Users\Om\.m2\repository\org\apache\tomcat\embed\tomcat-embed-websocket\11.0.20\tomcat-embed-websocket-11.0.20.jar;C:\Users\Om\.m2\repository\org\springframework\boot\spring-boot-tomcat\4.0.5\spring-boot-tomcat-4.0.5.jar;C:\Users\Om\.m2\repository\org\springframework\boot\spring-boot-http-converter\4.0.5\spring-boot-http-converter-4.0.5.jar;C:\Users\Om\.m2\repository\org\springframework\boot\spring-boot-webmvc\4.0.5\spring-boot-webmvc-4.0.5.jar;C:\Users\Om\.m2\repository\org\springframework\boot\spring-boot-servlet\4.0.5\spring-boot-servlet-4.0.5.jar;C:\Users\Om\.m2\repository\org\springframework\spring-webmvc\7.0.6\spring-webmvc-7.0.6.jar;C:\Users\Om\.m2\repository\com\cloudinary\cloudinary-http5\2.0.0\cloudinary-http5-2.0.0.jar;C:\Users\Om\.m2\repository\com\cloudinary\cloudinary-core\2.0.0\cloudinary-core-2.0.0.jar;C:\Users\Om\.m2\repository\org\apache\httpcomponents\client5\httpclient5\5.5.2\httpclient5-5.5.2.jar;C:\Users\Om\.m2\repository\org\apache\httpcomponents\core5\httpcore5-h2\5.3.6\httpcore5-h2-5.3.6.jar;C:\Users\Om\.m2\repository\org\apache\httpcomponents\core5\httpcore5\5.3.6\httpcore5-5.3.6.jar;C:\Users\Om\.m2\repository\org\flywaydb\flyway-database-postgresql\11.14.1\flyway-database-postgresql-11.14.1.jar;C:\Users\Om\.m2\repository\org\flywaydb\flyway-core\11.14.1\flyway-core-11.14.1.jar;C:\Users\Om\.m2\repository\org\thymeleaf\extras\thymeleaf-extras-springsecurity6\3.1.3.RELEASE\thymeleaf-extras-springsecurity6-3.1.3.RELEASE.jar;C:\Users\Om\.m2\repository\org\thymeleaf\thymeleaf-spring6\3.1.3.RELEASE\thymeleaf-spring6-3.1.3.RELEASE.jar;C:\Users\Om\.m2\repository\org\thymeleaf\thymeleaf\3.1.3.RELEASE\thymeleaf-3.1.3.RELEASE.jar;C:\Users\Om\.m2\repository\org\attoparser\attoparser\2.0.7.RELEASE\attoparser-2.0.7.RELEASE.jar;C:\Users\Om\.m2\repository\org\unbescape\unbescape\1.1.6.RELEASE\unbescape-1.1.6.RELEASE.jar;C:\Users\Om\.m2\repository\com\github\f4b6a3\uuid-creator\6.1.1\uuid-creator-6.1.1.jar;C:\Users\Om\.m2\repository\io\jsonwebtoken\jjwt-api\0.11.5\jjwt-api-0.11.5.jar;C:\Users\Om\.m2\repository\io\jsonwebtoken\jjwt-impl\0.11.5\jjwt-impl-0.11.5.jar;C:\Users\Om\.m2\repository\io\jsonwebtoken\jjwt-jackson\0.11.5\jjwt-jackson-0.11.5.jar;C:\Users\Om\.m2\repository\org\springframework\boot\spring-boot-devtools\4.0.5\spring-boot-devtools-4.0.5.jar;C:\Users\Om\.m2\repository\org\springframework\boot\spring-boot\4.0.5\spring-boot-4.0.5.jar;C:\Users\Om\.m2\repository\org\springframework\boot\spring-boot-autoconfigure\4.0.5\spring-boot-autoconfigure-4.0.5.jar;C:\Users\Om\.m2\repository\org\postgresql\postgresql\42.7.10\postgresql-42.7.10.jar;C:\Users\Om\.m2\repository\org\checkerframework\checker-qual\3.52.0\checker-qual-3.52.0.jar;C:\Users\Om\.m2\repository\org\projectlombok\lombok\1.18.44\lombok-1.18.44.jar;C:\Users\Om\.m2\repository\jakarta\xml\bind\jakarta.xml.bind-api\4.0.4\jakarta.xml.bind-api-4.0.4.jar;C:\Users\Om\.m2\repository\net\bytebuddy\byte-buddy\1.17.8\byte-buddy-1.17.8.jar;C:\Users\Om\.m2\repository\org\springframework\boot\spring-boot-web-server\4.0.5\spring-boot-web-server-4.0.5.jar
Launcher Type: SUN_STANDARD

[Global flags]
     intx CICompilerCount                          = 4                                         {product} {ergonomic}
     uint ConcGCThreads                            = 3                                         {product} {ergonomic}
     uint G1ConcRefinementThreads                  = 10                                        {product} {ergonomic}
   size_t G1HeapRegionSize                         = 1048576                                   {product} {ergonomic}
    uintx GCDrainStackTargetSize                   = 64                                        {product} {ergonomic}
   size_t InitialHeapSize                          = 130023424                                 {product} {ergonomic}
     bool ManagementServer                         = true                                      {product} {command line}
   size_t MarkStackSize                            = 4194304                                   {product} {ergonomic}
   size_t MaxHeapSize                              = 2061500416                                {product} {ergonomic}
   size_t MaxNewSize                               = 1236271104                                {product} {ergonomic}
   size_t MinHeapDeltaBytes                        = 1048576                                   {product} {ergonomic}
   size_t MinHeapSize                              = 8388608                                   {product} {ergonomic}
    uintx NonNMethodCodeHeapSize                   = 4096                                   {pd product} {ergonomic}
    uintx NonProfiledCodeHeapSize                  = 0                                      {pd product} {ergonomic}
     bool ProfileInterpreter                       = false                                  {pd product} {command line}
    uintx ProfiledCodeHeapSize                     = 0                                      {pd product} {ergonomic}
   size_t SoftMaxHeapSize                          = 2061500416                             {manageable} {ergonomic}
     intx TieredStopAtLevel                        = 1                                         {product} {command line}
     bool UseCompressedOops                        = true                           {product lp64_product} {ergonomic}
     bool UseG1GC                                  = true                                      {product} {ergonomic}
     bool UseLargePagesIndividualAllocation        = false                                  {pd product} {ergonomic}

Logging:
Log output configuration:
 #0: stdout all=warning uptime,level,tags foldmultilines=false
 #1: stderr all=off uptime,level,tags foldmultilines=false

Release file:
IMPLEMENTOR="Amazon.com Inc." 
IMPLEMENTOR_VERSION="Corretto-21.0.10.7.1" 
JAVA_RUNTIME_VERSION="21.0.10+7-LTS" 
JAVA_VERSION="21.0.10" 
JAVA_VERSION_DATE="2026-01-20" 
LIBC="default" 
MODULES="java.base java.compiler java.datatransfer java.xml java.prefs java.desktop java.instrument java.logging java.management java.security.sasl java.naming java.rmi java.management.rmi java.net.http java.scripting java.security.jgss java.transaction.xa java.sql java.sql.rowset java.xml.crypto java.se java.smartcardio jdk.accessibility jdk.internal.jvmstat jdk.attach jdk.charsets jdk.internal.opt jdk.zipfs jdk.compiler jdk.crypto.ec jdk.crypto.cryptoki jdk.crypto.mscapi jdk.dynalink jdk.internal.ed jdk.editpad jdk.hotspot.agent jdk.httpserver jdk.incubator.vector jdk.internal.le jdk.internal.vm.ci jdk.internal.vm.compiler jdk.internal.vm.compiler.management jdk.jartool jdk.javadoc jdk.jcmd jdk.management jdk.management.agent jdk.jconsole jdk.jdeps jdk.jdwp.agent jdk.jdi jdk.jfr jdk.jlink jdk.jpackage jdk.jshell jdk.jsobject jdk.jstatd jdk.localedata jdk.management.jfr jdk.naming.dns jdk.naming.rmi jdk.net jdk.nio.mapmode jdk.random jdk.sctp jdk.security.auth jdk.security.jgss jdk.unsupported jdk.unsupported.desktop jdk.xml.dom" 
OS_ARCH="x86_64" 
OS_NAME="Windows" 
SOURCE="" 

Environment Variables:
JAVA_HOME=C:\Program Files\Java\jdk-21
PATH=C:\Scripts\;C:\;D:\app\oracle\product\11.2.0\server\bin;C:\Program Files\Common Files\Oracle\Java\javapath;C:\Program Files (x86)\Common Files\Oracle\Java\java8path;C:\Program Files (x86)\Common Files\Oracle\Java\javapath;C:\windows\system32;C:\windows;C:\windows\System32\Wbem;C:\windows\System32\WindowsPowerShell\v1.0\;C:\windows\System32\OpenSSH\;C:\Program Files (x86)\NVIDIA Corporation\PhysX\Common;C:\Program Files\NVIDIA Corporation\NVIDIA NvDLISR;C:\MinGW\bin;C:\Program Files\Java\jdk-21\bin;C:\Program Files\Git\cmd;C:\Program Files\Docker\Docker\resources\bin;C:\Program Files\MongoDB\Server\7.0\bin;C:\Program Files\MongoDB\mongosh-2.3.0-win32-x64\bin;C:\Users\Om\Downloads\stripe_1.22.0_windows_i386.zip;C:\Program Files\nodejs\;C:\ProgramData\chocolatey\bin;C:\WINDOWS\system32;C:\WINDOWS;C:\WINDOWS\System32\Wbem;C:\WINDOWS\System32\WindowsPowerShell\v1.0\;C:\WINDOWS\System32\OpenSSH\;C:\Program Files\MySQL\MySQL Server 8.0\bin;C:\Program Files\MySQL\MySQL Shell 8.0\bin\;C:\Users\Om\AppData\Local\Microsoft\WindowsApps;C:\Users\Om\AppData\Local\Programs\Microsoft VS Code\bin;C:\Program Files\JetBrains\IntelliJ IDEA Community Edition 2023.2\bin;;C:\Scripts;C:\;C:\Users\Om\AppData\Roaming\npm;C:\Program Files\JetBrains\IntelliJ IDEA 2026.1\bin
USERNAME=Om
OS=Windows_NT
PROCESSOR_IDENTIFIER=Intel64 Family 6 Model 154 Stepping 3, GenuineIntel
TMP=C:\Users\Om\AppData\Local\Temp
TEMP=C:\Users\Om\AppData\Local\Temp




Periodic native trim disabled

---------------  S Y S T E M  ---------------

OS:
 Windows 11 , 64 bit Build 26100 (10.0.26100.8246)
OS uptime: 0 days 4:30 hours
Hyper-V role detected

CPU: total 12 (initial active 12) (6 cores per cpu, 2 threads per core) family 6 model 154 stepping 3 microcode 0x437, cx8, cmov, fxsr, ht, mmx, 3dnowpref, sse, sse2, sse3, ssse3, sse4.1, sse4.2, popcnt, lzcnt, tsc, tscinvbit, avx, avx2, aes, erms, clmul, bmi1, bmi2, adx, sha, fma, vzeroupper, clflush, clflushopt, clwb, hv, serialize, rdtscp, rdpid, fsrm, f16c, cet_ibt, cet_ss
Processor Information for processor 0
  Max Mhz: 2000, Current Mhz: 2000, Mhz Limit: 2000
Processor Information for processor 1
  Max Mhz: 2000, Current Mhz: 2000, Mhz Limit: 2000
Processor Information for processor 2
  Max Mhz: 2000, Current Mhz: 2000, Mhz Limit: 2000
Processor Information for processor 3
  Max Mhz: 2000, Current Mhz: 1520, Mhz Limit: 2000
Processor Information for processor 4
  Max Mhz: 2000, Current Mhz: 1520, Mhz Limit: 2000
Processor Information for processor 5
  Max Mhz: 2000, Current Mhz: 1520, Mhz Limit: 2000
Processor Information for processor 6
  Max Mhz: 2000, Current Mhz: 2000, Mhz Limit: 2000
Processor Information for processor 7
  Max Mhz: 2000, Current Mhz: 1520, Mhz Limit: 2000
Processor Information for processor 8
  Max Mhz: 2000, Current Mhz: 2000, Mhz Limit: 2000
Processor Information for processor 9
  Max Mhz: 2000, Current Mhz: 2000, Mhz Limit: 2000
Processor Information for processor 10
  Max Mhz: 2000, Current Mhz: 2000, Mhz Limit: 2000
Processor Information for processor 11
  Max Mhz: 2000, Current Mhz: 2000, Mhz Limit: 2000

Memory: 4k page, system-wide physical 7860M (978M free)
TotalPageFile size 32436M (AvailPageFile size 14M)
current process WorkingSet (physical memory assigned to process): 268M, peak: 268M
current process commit charge ("private bytes"): 314M, peak: 331M

vm_info: OpenJDK 64-Bit Server VM (21.0.10+7-LTS) for windows-amd64 JRE (21.0.10+7-LTS), built on 2026-01-15T22:13:46Z by "Administrator" with MS VC++ 17.14 (VS2022)

END.
