#
# There is insufficient memory for the Java Runtime Environment to continue.
# Native memory allocation (malloc) failed to allocate 13227992 bytes. Error detail: Chunk::new
# Possible reasons:
#   The system is out of physical RAM or swap space
#   This process is running with CompressedOops enabled, and the Java Heap may be blocking the growth of the native heap
# Possible solutions:
#   Reduce memory load on the system
#   Increase physical memory or swap space
#   Check if swap backing store is full
#   Decrease Java heap size (-Xmx/-Xms)
#   Decrease number of Java threads
#   Decrease Java thread stack sizes (-Xss)
#   Set larger code cache with -XX:ReservedCodeCacheSize=
#   JVM is running with Unscaled Compressed Oops mode in which the Java heap is
#     placed in the first 4GB address space. The Java Heap base address is the
#     maximum limit for the native heap growth. Please use -XX:HeapBaseMinAddress
#     to set the Java Heap base and to place the Java Heap above 4GB virtual address.
# This output file may be truncated or incomplete.
#
#  Out of Memory Error (arena.cpp:186), pid=27572, tid=30132
#
# JRE version: OpenJDK Runtime Environment JBR-25.0.2+1-329.72-jcef (25.0.2+1) (build 25.0.2+1-b329.72)
# Java VM: OpenJDK 64-Bit Server VM JBR-25.0.2+1-329.72-jcef (25.0.2+1-b329.72, mixed mode, sharing, tiered, compressed oops, compressed class ptrs, g1 gc, windows-amd64)
# No core dump will be written. Minidumps are not enabled by default on client versions of Windows
#

---------------  S U M M A R Y ------------

Command Line: git4idea.http.GitAskPassApp Username for 'https://github.com': 

Host: 12th Gen Intel(R) Core(TM) i5-12450H, 12 cores, 7G,  Windows 11 , 64 bit Build 26100 (10.0.26100.8246)
Time: Thu Apr 23 17:57:31 2026 India Standard Time elapsed time: 0.630752 seconds (0d 0h 0m 0s)

---------------  T H R E A D  ---------------

Current thread (0x000001f393ddfab0):  JavaThread "C2 CompilerThread0" daemon [_thread_in_native, id=30132, stack(0x0000003506000000,0x0000003506100000) (1024K)]


Current CompileTask:
C2:630  971       4       sun.security.ec.ECOperations::setDouble (463 bytes)

Stack: [0x0000003506000000,0x0000003506100000]
Native frames: (J=compiled Java code, j=interpreted, Vv=VM code, C=native code)
V  [jvm.dll+0x7c0b19]  (no source info available)
V  [jvm.dll+0x78a2ed]  (no source info available)
V  [jvm.dll+0xa0e563]  (no source info available)
V  [jvm.dll+0xa10d5c]  (no source info available)
V  [jvm.dll+0xa11453]  (no source info available)
V  [jvm.dll+0x307b86]  (no source info available)
V  [jvm.dll+0x114676]  (no source info available)
V  [jvm.dll+0x1149a6]  (no source info available)
V  [jvm.dll+0x1a9144]  (no source info available)
V  [jvm.dll+0x3c1142]  (no source info available)
V  [jvm.dll+0x7c6488]  (no source info available)
V  [jvm.dll+0x2c9ce7]  (no source info available)
V  [jvm.dll+0x2c8c5b]  (no source info available)
V  [jvm.dll+0x240590]  (no source info available)
V  [jvm.dll+0x2d8ce4]  (no source info available)
V  [jvm.dll+0x2d6f0b]  (no source info available)
V  [jvm.dll+0x49dbb5]  (no source info available)
V  [jvm.dll+0x9ae45d]  (no source info available)
V  [jvm.dll+0x7bf035]  (no source info available)
C  [ucrtbase.dll+0x37b0]  (no source info available)
C  [KERNEL32.DLL+0x2e8d7]  (no source info available)
C  [ntdll.dll+0x8c3fc]  (no source info available)

Lock stack of current Java thread (top to bottom):


---------------  P R O C E S S  ---------------

Threads class SMR info:
_java_thread_list=0x000001f398d06a10, length=14, elements={
0x000001f3f8dc5c60, 0x000001f393dc21d0, 0x000001f393dc4990, 0x000001f393dc57f0,
0x000001f393dc97a0, 0x000001f393dca360, 0x000001f393dcbef0, 0x000001f393dd6770,
0x000001f393ddfab0, 0x000001f393de3240, 0x000001f39804b5f0, 0x000001f3989912c0,
0x000001f398d05780, 0x000001f398d25a30
}

Java Threads: ( => current thread )
  0x000001f3f8dc5c60 JavaThread "main"                              [_thread_blocked, id=27540, stack(0x0000003505100000,0x0000003505200000) (1024K)]
  0x000001f393dc21d0 JavaThread "Common-Cleaner"             daemon [_thread_blocked, id=22788, stack(0x0000003505900000,0x0000003505a00000) (1024K)]
  0x000001f393dc4990 JavaThread "Reference Handler"          daemon [_thread_blocked, id=22068, stack(0x0000003505a00000,0x0000003505b00000) (1024K)]
  0x000001f393dc57f0 JavaThread "Finalizer"                  daemon [_thread_blocked, id=29332, stack(0x0000003505b00000,0x0000003505c00000) (1024K)]
  0x000001f393dc97a0 JavaThread "Signal Dispatcher"          daemon [_thread_blocked, id=25144, stack(0x0000003505c00000,0x0000003505d00000) (1024K)]
  0x000001f393dca360 JavaThread "Attach Listener"            daemon [_thread_blocked, id=25288, stack(0x0000003505d00000,0x0000003505e00000) (1024K)]
  0x000001f393dcbef0 JavaThread "Service Thread"             daemon [_thread_blocked, id=13656, stack(0x0000003505e00000,0x0000003505f00000) (1024K)]
  0x000001f393dd6770 JavaThread "Monitor Deflation Thread"   daemon [_thread_blocked, id=24244, stack(0x0000003505f00000,0x0000003506000000) (1024K)]
=>0x000001f393ddfab0 JavaThread "C2 CompilerThread0"         daemon [_thread_in_native, id=30132, stack(0x0000003506000000,0x0000003506100000) (1024K)]
  0x000001f393de3240 JavaThread "C1 CompilerThread0"         daemon [_thread_blocked, id=19620, stack(0x0000003506100000,0x0000003506200000) (1024K)]
  0x000001f39804b5f0 JavaThread "Notification Thread"        daemon [_thread_blocked, id=5748, stack(0x0000003506200000,0x0000003506300000) (1024K)]
  0x000001f3989912c0 JavaThread "HttpClient-1-SelectorManager" daemon [_thread_in_native, id=23464, stack(0x0000003506300000,0x0000003506400000) (1024K)]
  0x000001f398d05780 JavaThread "HttpClient-1-Worker-0"      daemon [_thread_blocked, id=9780, stack(0x0000003506500000,0x0000003506600000) (1024K)]
  0x000001f398d25a30 JavaThread "HttpClient-1-Worker-1"      daemon [_thread_blocked, id=27216, stack(0x0000003506600000,0x0000003506700000) (1024K)]
Total: 14

Other Threads:
  0x000001f393daf440 VMThread "VM Thread"                           [id=11292, stack(0x0000003505800000,0x0000003505900000) (1024K)]
  0x000001f393d981a0 WatcherThread "VM Periodic Task Thread"        [id=20864, stack(0x0000003505700000,0x0000003505800000) (1024K)]
  0x000001f3fb207d80 WorkerThread "GC Thread#0"                     [id=25652, stack(0x0000003505200000,0x0000003505300000) (1024K)]
  0x000001f3fb221e00 ConcurrentGCThread "G1 Main Marker"            [id=19928, stack(0x0000003505300000,0x0000003505400000) (1024K)]
  0x000001f3fb2245a0 WorkerThread "G1 Conc#0"                       [id=10260, stack(0x0000003505400000,0x0000003505500000) (1024K)]
  0x000001f3fb26e950 ConcurrentGCThread "G1 Refine#0"               [id=7760, stack(0x0000003505500000,0x0000003505600000) (1024K)]
  0x000001f393c5e510 ConcurrentGCThread "G1 Service"                [id=30672, stack(0x0000003505600000,0x0000003505700000) (1024K)]
Total: 7

Threads with active compile tasks:
C2 CompilerThread0  674  971       4       sun.security.ec.ECOperations::setDouble (463 bytes)
Total: 1

VM state: not at safepoint (normal execution)

VM Mutex/Monitor currently owned by a thread: None

Heap address: 0x0000000085200000, size: 1966 MB, Compressed Oops mode: 32-bit

CDS archive(s) mapped at: [0x000000003a000000-0x000000003bcd0000-0x000000003bcd0000), size 30212096, SharedBaseAddress: 0x000000003a000000, ArchiveRelocationMode: 1.
Compressed class space mapped at: 0x000000003c000000-0x000000007c000000, reserved size: 1073741824
UseCompressedClassPointers 1, UseCompactObjectHeaders 0
Narrow klass pointer bits 32, Max shift 3
Narrow klass base: 0x000000003a000000, Narrow klass shift: 0
Encoding Range: [0x000000003a000000 - 0x000000013a000000), (4294967296 bytes)
Klass Range:    [0x000000003a010000 - 0x000000007c000000), (1107230720 bytes)
Klass ID Range:  [65536 - 1107296249) (1107230713)
Protection zone: [0x000000003a000000 - 0x000000003a010000), (65536 bytes)

GC Precious Log:
 CardTable entry size: 512
 Card Set container configuration: InlinePtr #cards 5 size 8 Array Of Cards #cards 10 size 36 Howl #buckets 4 coarsen threshold 1843 Howl Bitmap #cards 512 size 80 coarsen threshold 460 Card regions per heap region 1 cards per card region 2048
 CPUs: 12 total, 12 available
 Memory: 7860M
 Large Page Support: Disabled
 NUMA Support: Disabled
 Compressed Oops: Enabled (32-bit)
 Heap Region Size: 1M
 Heap Min Capacity: 8M
 Heap Initial Capacity: 124M
 Heap Max Capacity: 1966M
 Pre-touch: Disabled
 Parallel Workers: 10
 Concurrent Workers: 3
 Concurrent Refinement Workers: 10
 Periodic GC: Disabled

Heap:
 garbage-first heap   total reserved 2013184K, committed 130048K, used 16644K [0x0000000085200000, 0x0000000100000000)
  region size 1024K, 15 young (15360K), 0 survivors (0K)

Heap Regions: E=young(eden), S=young(survivor), O=old, HS=humongous(starts), HC=humongous(continues), CS=collection set, F=free, TAMS=top-at-mark-start, PB=parsable bottom
|   0|0x0000000085200000, 0x0000000085200000, 0x0000000085300000|  0%| F|  |TAMS 0x0000000085200000| PB 0x0000000085200000| Untracked |  0
|   1|0x0000000085300000, 0x0000000085300000, 0x0000000085400000|  0%| F|  |TAMS 0x0000000085300000| PB 0x0000000085300000| Untracked |  0
|   2|0x0000000085400000, 0x0000000085400000, 0x0000000085500000|  0%| F|  |TAMS 0x0000000085400000| PB 0x0000000085400000| Untracked |  0
|   3|0x0000000085500000, 0x0000000085500000, 0x0000000085600000|  0%| F|  |TAMS 0x0000000085500000| PB 0x0000000085500000| Untracked |  0
|   4|0x0000000085600000, 0x0000000085600000, 0x0000000085700000|  0%| F|  |TAMS 0x0000000085600000| PB 0x0000000085600000| Untracked |  0
|   5|0x0000000085700000, 0x0000000085700000, 0x0000000085800000|  0%| F|  |TAMS 0x0000000085700000| PB 0x0000000085700000| Untracked |  0
|   6|0x0000000085800000, 0x0000000085800000, 0x0000000085900000|  0%| F|  |TAMS 0x0000000085800000| PB 0x0000000085800000| Untracked |  0
|   7|0x0000000085900000, 0x0000000085900000, 0x0000000085a00000|  0%| F|  |TAMS 0x0000000085900000| PB 0x0000000085900000| Untracked |  0
|   8|0x0000000085a00000, 0x0000000085a00000, 0x0000000085b00000|  0%| F|  |TAMS 0x0000000085a00000| PB 0x0000000085a00000| Untracked |  0
|   9|0x0000000085b00000, 0x0000000085b00000, 0x0000000085c00000|  0%| F|  |TAMS 0x0000000085b00000| PB 0x0000000085b00000| Untracked |  0
|  10|0x0000000085c00000, 0x0000000085c00000, 0x0000000085d00000|  0%| F|  |TAMS 0x0000000085c00000| PB 0x0000000085c00000| Untracked |  0
|  11|0x0000000085d00000, 0x0000000085d00000, 0x0000000085e00000|  0%| F|  |TAMS 0x0000000085d00000| PB 0x0000000085d00000| Untracked |  0
|  12|0x0000000085e00000, 0x0000000085e00000, 0x0000000085f00000|  0%| F|  |TAMS 0x0000000085e00000| PB 0x0000000085e00000| Untracked |  0
|  13|0x0000000085f00000, 0x0000000085f00000, 0x0000000086000000|  0%| F|  |TAMS 0x0000000085f00000| PB 0x0000000085f00000| Untracked |  0
|  14|0x0000000086000000, 0x0000000086000000, 0x0000000086100000|  0%| F|  |TAMS 0x0000000086000000| PB 0x0000000086000000| Untracked |  0
|  15|0x0000000086100000, 0x0000000086100000, 0x0000000086200000|  0%| F|  |TAMS 0x0000000086100000| PB 0x0000000086100000| Untracked |  0
|  16|0x0000000086200000, 0x0000000086200000, 0x0000000086300000|  0%| F|  |TAMS 0x0000000086200000| PB 0x0000000086200000| Untracked |  0
|  17|0x0000000086300000, 0x0000000086300000, 0x0000000086400000|  0%| F|  |TAMS 0x0000000086300000| PB 0x0000000086300000| Untracked |  0
|  18|0x0000000086400000, 0x0000000086400000, 0x0000000086500000|  0%| F|  |TAMS 0x0000000086400000| PB 0x0000000086400000| Untracked |  0
|  19|0x0000000086500000, 0x0000000086500000, 0x0000000086600000|  0%| F|  |TAMS 0x0000000086500000| PB 0x0000000086500000| Untracked |  0
|  20|0x0000000086600000, 0x0000000086600000, 0x0000000086700000|  0%| F|  |TAMS 0x0000000086600000| PB 0x0000000086600000| Untracked |  0
|  21|0x0000000086700000, 0x0000000086700000, 0x0000000086800000|  0%| F|  |TAMS 0x0000000086700000| PB 0x0000000086700000| Untracked |  0
|  22|0x0000000086800000, 0x0000000086800000, 0x0000000086900000|  0%| F|  |TAMS 0x0000000086800000| PB 0x0000000086800000| Untracked |  0
|  23|0x0000000086900000, 0x0000000086900000, 0x0000000086a00000|  0%| F|  |TAMS 0x0000000086900000| PB 0x0000000086900000| Untracked |  0
|  24|0x0000000086a00000, 0x0000000086a00000, 0x0000000086b00000|  0%| F|  |TAMS 0x0000000086a00000| PB 0x0000000086a00000| Untracked |  0
|  25|0x0000000086b00000, 0x0000000086b00000, 0x0000000086c00000|  0%| F|  |TAMS 0x0000000086b00000| PB 0x0000000086b00000| Untracked |  0
|  26|0x0000000086c00000, 0x0000000086c00000, 0x0000000086d00000|  0%| F|  |TAMS 0x0000000086c00000| PB 0x0000000086c00000| Untracked |  0
|  27|0x0000000086d00000, 0x0000000086d00000, 0x0000000086e00000|  0%| F|  |TAMS 0x0000000086d00000| PB 0x0000000086d00000| Untracked |  0
|  28|0x0000000086e00000, 0x0000000086e00000, 0x0000000086f00000|  0%| F|  |TAMS 0x0000000086e00000| PB 0x0000000086e00000| Untracked |  0
|  29|0x0000000086f00000, 0x0000000086f00000, 0x0000000087000000|  0%| F|  |TAMS 0x0000000086f00000| PB 0x0000000086f00000| Untracked |  0
|  30|0x0000000087000000, 0x0000000087000000, 0x0000000087100000|  0%| F|  |TAMS 0x0000000087000000| PB 0x0000000087000000| Untracked |  0
|  31|0x0000000087100000, 0x0000000087100000, 0x0000000087200000|  0%| F|  |TAMS 0x0000000087100000| PB 0x0000000087100000| Untracked |  0
|  32|0x0000000087200000, 0x0000000087200000, 0x0000000087300000|  0%| F|  |TAMS 0x0000000087200000| PB 0x0000000087200000| Untracked |  0
|  33|0x0000000087300000, 0x0000000087300000, 0x0000000087400000|  0%| F|  |TAMS 0x0000000087300000| PB 0x0000000087300000| Untracked |  0
|  34|0x0000000087400000, 0x0000000087400000, 0x0000000087500000|  0%| F|  |TAMS 0x0000000087400000| PB 0x0000000087400000| Untracked |  0
|  35|0x0000000087500000, 0x0000000087500000, 0x0000000087600000|  0%| F|  |TAMS 0x0000000087500000| PB 0x0000000087500000| Untracked |  0
|  36|0x0000000087600000, 0x0000000087600000, 0x0000000087700000|  0%| F|  |TAMS 0x0000000087600000| PB 0x0000000087600000| Untracked |  0
|  37|0x0000000087700000, 0x0000000087700000, 0x0000000087800000|  0%| F|  |TAMS 0x0000000087700000| PB 0x0000000087700000| Untracked |  0
|  38|0x0000000087800000, 0x0000000087800000, 0x0000000087900000|  0%| F|  |TAMS 0x0000000087800000| PB 0x0000000087800000| Untracked |  0
|  39|0x0000000087900000, 0x0000000087900000, 0x0000000087a00000|  0%| F|  |TAMS 0x0000000087900000| PB 0x0000000087900000| Untracked |  0
|  40|0x0000000087a00000, 0x0000000087a00000, 0x0000000087b00000|  0%| F|  |TAMS 0x0000000087a00000| PB 0x0000000087a00000| Untracked |  0
|  41|0x0000000087b00000, 0x0000000087b00000, 0x0000000087c00000|  0%| F|  |TAMS 0x0000000087b00000| PB 0x0000000087b00000| Untracked |  0
|  42|0x0000000087c00000, 0x0000000087c00000, 0x0000000087d00000|  0%| F|  |TAMS 0x0000000087c00000| PB 0x0000000087c00000| Untracked |  0
|  43|0x0000000087d00000, 0x0000000087d00000, 0x0000000087e00000|  0%| F|  |TAMS 0x0000000087d00000| PB 0x0000000087d00000| Untracked |  0
|  44|0x0000000087e00000, 0x0000000087e00000, 0x0000000087f00000|  0%| F|  |TAMS 0x0000000087e00000| PB 0x0000000087e00000| Untracked |  0
|  45|0x0000000087f00000, 0x0000000087f00000, 0x0000000088000000|  0%| F|  |TAMS 0x0000000087f00000| PB 0x0000000087f00000| Untracked |  0
|  46|0x0000000088000000, 0x0000000088000000, 0x0000000088100000|  0%| F|  |TAMS 0x0000000088000000| PB 0x0000000088000000| Untracked |  0
|  47|0x0000000088100000, 0x0000000088100000, 0x0000000088200000|  0%| F|  |TAMS 0x0000000088100000| PB 0x0000000088100000| Untracked |  0
|  48|0x0000000088200000, 0x0000000088200000, 0x0000000088300000|  0%| F|  |TAMS 0x0000000088200000| PB 0x0000000088200000| Untracked |  0
|  49|0x0000000088300000, 0x0000000088300000, 0x0000000088400000|  0%| F|  |TAMS 0x0000000088300000| PB 0x0000000088300000| Untracked |  0
|  50|0x0000000088400000, 0x0000000088400000, 0x0000000088500000|  0%| F|  |TAMS 0x0000000088400000| PB 0x0000000088400000| Untracked |  0
|  51|0x0000000088500000, 0x0000000088500000, 0x0000000088600000|  0%| F|  |TAMS 0x0000000088500000| PB 0x0000000088500000| Untracked |  0
|  52|0x0000000088600000, 0x0000000088600000, 0x0000000088700000|  0%| F|  |TAMS 0x0000000088600000| PB 0x0000000088600000| Untracked |  0
|  53|0x0000000088700000, 0x0000000088700000, 0x0000000088800000|  0%| F|  |TAMS 0x0000000088700000| PB 0x0000000088700000| Untracked |  0
|  54|0x0000000088800000, 0x0000000088800000, 0x0000000088900000|  0%| F|  |TAMS 0x0000000088800000| PB 0x0000000088800000| Untracked |  0
|  55|0x0000000088900000, 0x0000000088900000, 0x0000000088a00000|  0%| F|  |TAMS 0x0000000088900000| PB 0x0000000088900000| Untracked |  0
|  56|0x0000000088a00000, 0x0000000088a00000, 0x0000000088b00000|  0%| F|  |TAMS 0x0000000088a00000| PB 0x0000000088a00000| Untracked |  0
|  57|0x0000000088b00000, 0x0000000088b00000, 0x0000000088c00000|  0%| F|  |TAMS 0x0000000088b00000| PB 0x0000000088b00000| Untracked |  0
|  58|0x0000000088c00000, 0x0000000088c00000, 0x0000000088d00000|  0%| F|  |TAMS 0x0000000088c00000| PB 0x0000000088c00000| Untracked |  0
|  59|0x0000000088d00000, 0x0000000088d00000, 0x0000000088e00000|  0%| F|  |TAMS 0x0000000088d00000| PB 0x0000000088d00000| Untracked |  0
|  60|0x0000000088e00000, 0x0000000088e00000, 0x0000000088f00000|  0%| F|  |TAMS 0x0000000088e00000| PB 0x0000000088e00000| Untracked |  0
|  61|0x0000000088f00000, 0x0000000088f00000, 0x0000000089000000|  0%| F|  |TAMS 0x0000000088f00000| PB 0x0000000088f00000| Untracked |  0
|  62|0x0000000089000000, 0x0000000089000000, 0x0000000089100000|  0%| F|  |TAMS 0x0000000089000000| PB 0x0000000089000000| Untracked |  0
|  63|0x0000000089100000, 0x0000000089100000, 0x0000000089200000|  0%| F|  |TAMS 0x0000000089100000| PB 0x0000000089100000| Untracked |  0
|  64|0x0000000089200000, 0x0000000089200000, 0x0000000089300000|  0%| F|  |TAMS 0x0000000089200000| PB 0x0000000089200000| Untracked |  0
|  65|0x0000000089300000, 0x0000000089300000, 0x0000000089400000|  0%| F|  |TAMS 0x0000000089300000| PB 0x0000000089300000| Untracked |  0
|  66|0x0000000089400000, 0x0000000089400000, 0x0000000089500000|  0%| F|  |TAMS 0x0000000089400000| PB 0x0000000089400000| Untracked |  0
|  67|0x0000000089500000, 0x0000000089500000, 0x0000000089600000|  0%| F|  |TAMS 0x0000000089500000| PB 0x0000000089500000| Untracked |  0
|  68|0x0000000089600000, 0x0000000089600000, 0x0000000089700000|  0%| F|  |TAMS 0x0000000089600000| PB 0x0000000089600000| Untracked |  0
|  69|0x0000000089700000, 0x0000000089700000, 0x0000000089800000|  0%| F|  |TAMS 0x0000000089700000| PB 0x0000000089700000| Untracked |  0
|  70|0x0000000089800000, 0x0000000089800000, 0x0000000089900000|  0%| F|  |TAMS 0x0000000089800000| PB 0x0000000089800000| Untracked |  0
|  71|0x0000000089900000, 0x0000000089900000, 0x0000000089a00000|  0%| F|  |TAMS 0x0000000089900000| PB 0x0000000089900000| Untracked |  0
|  72|0x0000000089a00000, 0x0000000089a00000, 0x0000000089b00000|  0%| F|  |TAMS 0x0000000089a00000| PB 0x0000000089a00000| Untracked |  0
|  73|0x0000000089b00000, 0x0000000089b00000, 0x0000000089c00000|  0%| F|  |TAMS 0x0000000089b00000| PB 0x0000000089b00000| Untracked |  0
|  74|0x0000000089c00000, 0x0000000089c00000, 0x0000000089d00000|  0%| F|  |TAMS 0x0000000089c00000| PB 0x0000000089c00000| Untracked |  0
|  75|0x0000000089d00000, 0x0000000089d00000, 0x0000000089e00000|  0%| F|  |TAMS 0x0000000089d00000| PB 0x0000000089d00000| Untracked |  0
|  76|0x0000000089e00000, 0x0000000089e00000, 0x0000000089f00000|  0%| F|  |TAMS 0x0000000089e00000| PB 0x0000000089e00000| Untracked |  0
|  77|0x0000000089f00000, 0x0000000089f00000, 0x000000008a000000|  0%| F|  |TAMS 0x0000000089f00000| PB 0x0000000089f00000| Untracked |  0
|  78|0x000000008a000000, 0x000000008a000000, 0x000000008a100000|  0%| F|  |TAMS 0x000000008a000000| PB 0x000000008a000000| Untracked |  0
|  79|0x000000008a100000, 0x000000008a100000, 0x000000008a200000|  0%| F|  |TAMS 0x000000008a100000| PB 0x000000008a100000| Untracked |  0
|  80|0x000000008a200000, 0x000000008a200000, 0x000000008a300000|  0%| F|  |TAMS 0x000000008a200000| PB 0x000000008a200000| Untracked |  0
|  81|0x000000008a300000, 0x000000008a300000, 0x000000008a400000|  0%| F|  |TAMS 0x000000008a300000| PB 0x000000008a300000| Untracked |  0
|  82|0x000000008a400000, 0x000000008a400000, 0x000000008a500000|  0%| F|  |TAMS 0x000000008a400000| PB 0x000000008a400000| Untracked |  0
|  83|0x000000008a500000, 0x000000008a500000, 0x000000008a600000|  0%| F|  |TAMS 0x000000008a500000| PB 0x000000008a500000| Untracked |  0
|  84|0x000000008a600000, 0x000000008a600000, 0x000000008a700000|  0%| F|  |TAMS 0x000000008a600000| PB 0x000000008a600000| Untracked |  0
|  85|0x000000008a700000, 0x000000008a700000, 0x000000008a800000|  0%| F|  |TAMS 0x000000008a700000| PB 0x000000008a700000| Untracked |  0
|  86|0x000000008a800000, 0x000000008a800000, 0x000000008a900000|  0%| F|  |TAMS 0x000000008a800000| PB 0x000000008a800000| Untracked |  0
|  87|0x000000008a900000, 0x000000008a900000, 0x000000008aa00000|  0%| F|  |TAMS 0x000000008a900000| PB 0x000000008a900000| Untracked |  0
|  88|0x000000008aa00000, 0x000000008aa00000, 0x000000008ab00000|  0%| F|  |TAMS 0x000000008aa00000| PB 0x000000008aa00000| Untracked |  0
|  89|0x000000008ab00000, 0x000000008ab00000, 0x000000008ac00000|  0%| F|  |TAMS 0x000000008ab00000| PB 0x000000008ab00000| Untracked |  0
|  90|0x000000008ac00000, 0x000000008ac00000, 0x000000008ad00000|  0%| F|  |TAMS 0x000000008ac00000| PB 0x000000008ac00000| Untracked |  0
|  91|0x000000008ad00000, 0x000000008ad00000, 0x000000008ae00000|  0%| F|  |TAMS 0x000000008ad00000| PB 0x000000008ad00000| Untracked |  0
|  92|0x000000008ae00000, 0x000000008ae00000, 0x000000008af00000|  0%| F|  |TAMS 0x000000008ae00000| PB 0x000000008ae00000| Untracked |  0
|  93|0x000000008af00000, 0x000000008af00000, 0x000000008b000000|  0%| F|  |TAMS 0x000000008af00000| PB 0x000000008af00000| Untracked |  0
|  94|0x000000008b000000, 0x000000008b000000, 0x000000008b100000|  0%| F|  |TAMS 0x000000008b000000| PB 0x000000008b000000| Untracked |  0
|  95|0x000000008b100000, 0x000000008b100000, 0x000000008b200000|  0%| F|  |TAMS 0x000000008b100000| PB 0x000000008b100000| Untracked |  0
|  96|0x000000008b200000, 0x000000008b200000, 0x000000008b300000|  0%| F|  |TAMS 0x000000008b200000| PB 0x000000008b200000| Untracked |  0
|  97|0x000000008b300000, 0x000000008b300000, 0x000000008b400000|  0%| F|  |TAMS 0x000000008b300000| PB 0x000000008b300000| Untracked |  0
|  98|0x000000008b400000, 0x000000008b400000, 0x000000008b500000|  0%| F|  |TAMS 0x000000008b400000| PB 0x000000008b400000| Untracked |  0
|  99|0x000000008b500000, 0x000000008b500000, 0x000000008b600000|  0%| F|  |TAMS 0x000000008b500000| PB 0x000000008b500000| Untracked |  0
| 100|0x000000008b600000, 0x000000008b600000, 0x000000008b700000|  0%| F|  |TAMS 0x000000008b600000| PB 0x000000008b600000| Untracked |  0
| 101|0x000000008b700000, 0x000000008b700000, 0x000000008b800000|  0%| F|  |TAMS 0x000000008b700000| PB 0x000000008b700000| Untracked |  0
| 102|0x000000008b800000, 0x000000008b800000, 0x000000008b900000|  0%| F|  |TAMS 0x000000008b800000| PB 0x000000008b800000| Untracked |  0
| 103|0x000000008b900000, 0x000000008b900000, 0x000000008ba00000|  0%| F|  |TAMS 0x000000008b900000| PB 0x000000008b900000| Untracked |  0
| 104|0x000000008ba00000, 0x000000008ba00000, 0x000000008bb00000|  0%| F|  |TAMS 0x000000008ba00000| PB 0x000000008ba00000| Untracked |  0
| 105|0x000000008bb00000, 0x000000008bb00000, 0x000000008bc00000|  0%| F|  |TAMS 0x000000008bb00000| PB 0x000000008bb00000| Untracked |  0
| 106|0x000000008bc00000, 0x000000008bc00000, 0x000000008bd00000|  0%| F|  |TAMS 0x000000008bc00000| PB 0x000000008bc00000| Untracked |  0
| 107|0x000000008bd00000, 0x000000008bd00000, 0x000000008be00000|  0%| F|  |TAMS 0x000000008bd00000| PB 0x000000008bd00000| Untracked |  0
| 108|0x000000008be00000, 0x000000008be00000, 0x000000008bf00000|  0%| F|  |TAMS 0x000000008be00000| PB 0x000000008be00000| Untracked |  0
| 109|0x000000008bf00000, 0x000000008bf80000, 0x000000008c000000| 50%| E|  |TAMS 0x000000008bf00000| PB 0x000000008bf00000| Complete |  0
| 110|0x000000008c000000, 0x000000008c100000, 0x000000008c100000|100%| E|CS|TAMS 0x000000008c000000| PB 0x000000008c000000| Complete |  0
| 111|0x000000008c100000, 0x000000008c200000, 0x000000008c200000|100%| E|CS|TAMS 0x000000008c100000| PB 0x000000008c100000| Complete |  0
| 112|0x000000008c200000, 0x000000008c300000, 0x000000008c300000|100%| E|CS|TAMS 0x000000008c200000| PB 0x000000008c200000| Complete |  0
| 113|0x000000008c300000, 0x000000008c400000, 0x000000008c400000|100%| E|CS|TAMS 0x000000008c300000| PB 0x000000008c300000| Complete |  0
| 114|0x000000008c400000, 0x000000008c500000, 0x000000008c500000|100%| E|CS|TAMS 0x000000008c400000| PB 0x000000008c400000| Complete |  0
| 115|0x000000008c500000, 0x000000008c600000, 0x000000008c600000|100%| E|CS|TAMS 0x000000008c500000| PB 0x000000008c500000| Complete |  0
| 116|0x000000008c600000, 0x000000008c700000, 0x000000008c700000|100%| E|CS|TAMS 0x000000008c600000| PB 0x000000008c600000| Complete |  0
| 117|0x000000008c700000, 0x000000008c800000, 0x000000008c800000|100%| E|CS|TAMS 0x000000008c700000| PB 0x000000008c700000| Complete |  0
| 118|0x000000008c800000, 0x000000008c900000, 0x000000008c900000|100%| E|CS|TAMS 0x000000008c800000| PB 0x000000008c800000| Complete |  0
| 119|0x000000008c900000, 0x000000008ca00000, 0x000000008ca00000|100%| E|CS|TAMS 0x000000008c900000| PB 0x000000008c900000| Complete |  0
| 120|0x000000008ca00000, 0x000000008cb00000, 0x000000008cb00000|100%| E|CS|TAMS 0x000000008ca00000| PB 0x000000008ca00000| Complete |  0
| 121|0x000000008cb00000, 0x000000008cc00000, 0x000000008cc00000|100%| E|CS|TAMS 0x000000008cb00000| PB 0x000000008cb00000| Complete |  0
| 122|0x000000008cc00000, 0x000000008cd00000, 0x000000008cd00000|100%| E|CS|TAMS 0x000000008cc00000| PB 0x000000008cc00000| Complete |  0
| 123|0x000000008cd00000, 0x000000008ce00000, 0x000000008ce00000|100%| E|CS|TAMS 0x000000008cd00000| PB 0x000000008cd00000| Complete |  0
|1963|0x00000000ffd00000, 0x00000000ffe00000, 0x00000000ffe00000|100%| O|  |TAMS 0x00000000ffd00000| PB 0x00000000ffd00000| Untracked |  0
|1964|0x00000000ffe00000, 0x00000000fff00000, 0x00000000fff00000|100%| O|  |TAMS 0x00000000ffe00000| PB 0x00000000ffe00000| Untracked |  0
|1965|0x00000000fff00000, 0x00000000fff41038, 0x0000000100000000| 25%| O|  |TAMS 0x00000000fff00000| PB 0x00000000fff00000| Untracked |  0

Card table byte_map: [0x000001f38f000000,0x000001f38f3e0000] _byte_map_base: 0x000001f38ebd7000

Marking Bits: (CMBitMap*) 0x000001f3fb20a420
 Bits: [0x000001f38f3e0000, 0x000001f391298000)

Polling page: 0x000001f3f8d80000

Metaspace:
Metaspace        used 3256K, committed 3520K, reserved 1114112K
 class space     used 387K, committed 512K, reserved 1048576K

Usage:
  Non-class:      2.80 MB used.
      Class:    387.54 KB used.
       Both:      3.18 MB used.

Virtual space:
  Non-class space:       64.00 MB reserved,       2.94 MB (  5%) committed,  1 nodes.
      Class space:        1.00 GB reserved,     512.00 KB ( <1%) committed,  1 nodes.
             Both:        1.06 GB reserved,       3.44 MB ( <1%) committed. 

Chunk freelists:
   Non-Class:  10.55 MB
       Class:  15.48 MB
        Both:  26.03 MB

MaxMetaspaceSize: unlimited
CompressedClassSpaceSize: 1.00 GB
Initial GC threshold: 21.00 MB
Current GC threshold: 21.00 MB
CDS: on
 - commit_granule_bytes: 65536.
 - commit_granule_words: 8192.
 - virtual_space_node_default_size: 8388608.
 - enlarge_chunks_in_place: 1.
UseCompressedClassPointers 1, UseCompactObjectHeaders 0
Narrow klass pointer bits 32, Max shift 3
Narrow klass base: 0x000000003a000000, Narrow klass shift: 0
Encoding Range: [0x000000003a000000 - 0x000000013a000000), (4294967296 bytes)
Klass Range:    [0x000000003a010000 - 0x000000007c000000), (1107230720 bytes)
Klass ID Range:  [65536 - 1107296249) (1107230713)
Protection zone: [0x000000003a000000 - 0x000000003a010000), (65536 bytes)


Internal statistics:

num_allocs_failed_limit: 0.
num_arena_births: 94.
num_arena_deaths: 0.
num_vsnodes_births: 2.
num_vsnodes_deaths: 0.
num_space_committed: 55.
num_space_uncommitted: 0.
num_chunks_returned_to_freelist: 0.
num_chunks_taken_from_freelist: 204.
num_chunk_merges: 0.
num_chunk_splits: 126.
num_chunks_enlarged: 76.
num_inconsistent_stats: 0.

CodeHeap 'non-profiled nmethods': size=120064Kb used=315Kb max_used=315Kb free=119748Kb
 bounds [0x000001f387ac0000, 0x000001f387d30000, 0x000001f38f000000]
CodeHeap 'profiled nmethods': size=120000Kb used=1433Kb max_used=1433Kb free=118566Kb
 bounds [0x000001f380000000, 0x000001f380270000, 0x000001f387530000]
CodeHeap 'non-nmethods': size=5696Kb used=1411Kb max_used=1415Kb free=4284Kb
 bounds [0x000001f387530000, 0x000001f3877a0000, 0x000001f387ac0000]
CodeCache: size=245760Kb, used=3159Kb, max_used=3163Kb, free=242598Kb
 total_blobs=1636, nmethods=1108, adapters=431, full_count=0
Compilation: enabled, stopped_count=0, restarted_count=0

Compilation events (20 events):
Event: 0.515 Thread 0x000001f393de3240 1107       3       java.lang.invoke.MethodHandleNatives::findMethodHandleType (7 bytes)
Event: 0.515 Thread 0x000001f393de3240 nmethod 1107 0x000001f380163088 code [0x000001f380163180, 0x000001f380163298]
Event: 0.515 Thread 0x000001f393de3240 1105   !   3       jdk.internal.classfile.impl.DirectCodeBuilder$4::tryGenerateStackMaps (48 bytes)
Event: 0.515 Thread 0x000001f393de3240 nmethod 1105 0x000001f380163388 code [0x000001f380163480, 0x000001f380163870]
Event: 0.515 Thread 0x000001f393de3240 1106       3       jdk.internal.classfile.impl.DirectCodeBuilder$4::generateStackMaps (35 bytes)
Event: 0.515 Thread 0x000001f393de3240 nmethod 1106 0x000001f380163888 code [0x000001f380163980, 0x000001f380164338]
Event: 0.515 Thread 0x000001f393de3240 1099       3       java.lang.invoke.MemberName::hashCode (43 bytes)
Event: 0.516 Thread 0x000001f393de3240 nmethod 1099 0x000001f380164388 code [0x000001f380164480, 0x000001f380165318]
Event: 0.516 Thread 0x000001f393de3240 1100       3       java.lang.Byte::<init> (10 bytes)
Event: 0.516 Thread 0x000001f393de3240 nmethod 1100 0x000001f380165388 code [0x000001f380165480, 0x000001f380165648]
Event: 0.516 Thread 0x000001f393de3240 1109       3       java.lang.invoke.Invokers$Holder::linkToTargetMethod (8 bytes)
Event: 0.516 Thread 0x000001f393de3240 nmethod 1109 0x000001f380165688 code [0x000001f380165780, 0x000001f380165ac8]
Event: 0.516 Thread 0x000001f393de3240 1110       3       java.lang.invoke.LambdaForm$Holder::constant_L (8 bytes)
Event: 0.516 Thread 0x000001f393de3240 nmethod 1110 0x000001f380165b08 code [0x000001f380165c00, 0x000001f380165e28]
Event: 0.516 Thread 0x000001f393de3240 1111       1       java.util.concurrent.atomic.AtomicInteger::get (5 bytes)
Event: 0.516 Thread 0x000001f393de3240 nmethod 1111 0x000001f387b0eb88 code [0x000001f387b0ec80, 0x000001f387b0ed48]
Event: 0.516 Thread 0x000001f393de3240 1112       3       java.util.stream.AbstractPipeline::isParallel (8 bytes)
Event: 0.516 Thread 0x000001f393de3240 nmethod 1112 0x000001f380165e88 code [0x000001f380165f80, 0x000001f380166098]
Event: 0.517 Thread 0x000001f393de3240 1113       3       java.lang.invoke.MethodHandleNatives::refKindHasReceiver (33 bytes)
Event: 0.518 Thread 0x000001f393de3240 nmethod 1113 0x000001f380166188 code [0x000001f380166280, 0x000001f3801663c8]

GC Heap Usage History (0 events):
No events

Metaspace Usage History (0 events):
No events

Dll operation events (2 events):
Event: 0.007 Loaded shared library C:\Program Files\JetBrains\IntelliJ IDEA 2026.1\jbr\bin\java.dll
Event: 0.084 Loaded shared library C:\Program Files\JetBrains\IntelliJ IDEA 2026.1\jbr\bin\zip.dll

Deoptimization events (20 events):
Event: 0.486 Thread 0x000001f398d05780 Uncommon trap: trap_request=0xffffff5e fr.pc=0x000001f387b0ab00 relative=0x0000000000000200
Event: 0.486 Thread 0x000001f398d05780 Uncommon trap: reason=speculate_class_check action=maybe_recompile pc=0x000001f387b0ab00 method=sun.security.util.math.intpoly.IntegerPolynomial.multByInt([JJ)V @ 26 c2
Event: 0.486 Thread 0x000001f398d05780 DEOPT PACKING pc=0x000001f387b0ab00 sp=0x00000035065fe740
Event: 0.486 Thread 0x000001f398d05780 DEOPT UNPACKING pc=0x000001f387650002 sp=0x00000035065fe650 mode 2
Event: 0.486 Thread 0x000001f398d05780 Uncommon trap: trap_request=0xffffffde fr.pc=0x000001f387b03de4 relative=0x0000000000000164
Event: 0.486 Thread 0x000001f398d05780 Uncommon trap: reason=class_check action=maybe_recompile pc=0x000001f387b03de4 method=sun.security.util.math.intpoly.IntegerPolynomial.multByInt([JJ)V @ 26 c2
Event: 0.486 Thread 0x000001f398d05780 DEOPT PACKING pc=0x000001f387b03de4 sp=0x00000035065fe6b0
Event: 0.486 Thread 0x000001f398d05780 DEOPT UNPACKING pc=0x000001f387650002 sp=0x00000035065fe650 mode 2
Event: 0.486 Thread 0x000001f398d05780 Uncommon trap: trap_request=0xffffffde fr.pc=0x000001f387b03de4 relative=0x0000000000000164
Event: 0.486 Thread 0x000001f398d05780 Uncommon trap: reason=class_check action=maybe_recompile pc=0x000001f387b03de4 method=sun.security.util.math.intpoly.IntegerPolynomial.multByInt([JJ)V @ 26 c2
Event: 0.486 Thread 0x000001f398d05780 DEOPT PACKING pc=0x000001f387b03de4 sp=0x00000035065fe6b0
Event: 0.486 Thread 0x000001f398d05780 DEOPT UNPACKING pc=0x000001f387650002 sp=0x00000035065fe650 mode 2
Event: 0.486 Thread 0x000001f398d05780 Uncommon trap: trap_request=0xffffffde fr.pc=0x000001f387b03de4 relative=0x0000000000000164
Event: 0.486 Thread 0x000001f398d05780 Uncommon trap: reason=class_check action=maybe_recompile pc=0x000001f387b03de4 method=sun.security.util.math.intpoly.IntegerPolynomial.multByInt([JJ)V @ 26 c2
Event: 0.486 Thread 0x000001f398d05780 DEOPT PACKING pc=0x000001f387b03de4 sp=0x00000035065fe6b0
Event: 0.486 Thread 0x000001f398d05780 DEOPT UNPACKING pc=0x000001f387650002 sp=0x00000035065fe650 mode 2
Event: 0.486 Thread 0x000001f398d05780 Uncommon trap: trap_request=0xffffffde fr.pc=0x000001f387b03de4 relative=0x0000000000000164
Event: 0.486 Thread 0x000001f398d05780 Uncommon trap: reason=class_check action=maybe_recompile pc=0x000001f387b03de4 method=sun.security.util.math.intpoly.IntegerPolynomial.multByInt([JJ)V @ 26 c2
Event: 0.486 Thread 0x000001f398d05780 DEOPT PACKING pc=0x000001f387b03de4 sp=0x00000035065fe6b0
Event: 0.486 Thread 0x000001f398d05780 DEOPT UNPACKING pc=0x000001f387650002 sp=0x00000035065fe650 mode 2

Classes loaded (20 events):
Event: 0.487 Loading class com/sun/crypto/provider/HKDFKeyDerivation done
Event: 0.487 Loading class com/sun/crypto/provider/HKDFKeyDerivation$HKDFSHA256 done
Event: 0.487 Loading class com/sun/crypto/provider/HKDFKeyDerivation$SupportedHmac
Event: 0.487 Loading class com/sun/crypto/provider/HKDFKeyDerivation$SupportedHmac done
Event: 0.487 Loading class javax/crypto/KDF$Delegate
Event: 0.487 Loading class javax/crypto/KDF$Delegate done
Event: 0.487 Loading class javax/crypto/spec/HKDFParameterSpec
Event: 0.487 Loading class javax/crypto/spec/HKDFParameterSpec done
Event: 0.487 Loading class javax/crypto/spec/HKDFParameterSpec$Builder
Event: 0.488 Loading class javax/crypto/spec/HKDFParameterSpec$Builder done
Event: 0.488 Loading class javax/crypto/spec/HKDFParameterSpec$Extract
Event: 0.488 Loading class javax/crypto/spec/HKDFParameterSpec$Extract done
Event: 0.488 Loading class javax/crypto/spec/HKDFParameterSpec$Expand
Event: 0.488 Loading class javax/crypto/spec/HKDFParameterSpec$Expand done
Event: 0.490 Loading class com/sun/crypto/provider/AEADBufferedStream
Event: 0.490 Loading class com/sun/crypto/provider/AEADBufferedStream done
Event: 0.494 Loading class jdk/internal/event/X509CertificateEvent
Event: 0.494 Loading class jdk/internal/event/X509CertificateEvent done
Event: 0.498 Loading class jdk/internal/event/TLSHandshakeEvent
Event: 0.498 Loading class jdk/internal/event/TLSHandshakeEvent done

Classes unloaded (0 events):
No events

Classes redefined (0 events):
No events

Internal exceptions (19 events):
Event: 0.101 Thread 0x000001f3f8dc5c60 Exception <a 'sun/nio/fs/WindowsException'{0x000000008cbe8828}> (0x000000008cbe8828) 
thrown [s\src\hotspot\share\prims\jni.cpp, line 535]
Event: 0.167 Thread 0x000001f3f8dc5c60 Exception <a 'java/lang/NoSuchMethodError'{0x000000008cad2e58}: 'java.lang.Object java.lang.invoke.DirectMethodHandle$Holder.invokeStaticInit(java.lang.Object, java.lang.Object, int, int, int, int)'> (0x000000008cad2e58) 
thrown [s\src\hotspot\share\interpreter\linkResolver.cpp, line 815]
Event: 0.202 Thread 0x000001f3f8dc5c60 Exception <a 'java/lang/NoSuchMethodError'{0x000000008c961878}: 'int java.lang.invoke.DirectMethodHandle$Holder.invokeSpecialIFC(java.lang.Object, java.lang.Object, java.lang.Object)'> (0x000000008c961878) 
thrown [s\src\hotspot\share\interpreter\linkResolver.cpp, line 815]
Event: 0.237 Thread 0x000001f3f8dc5c60 Exception <a 'java/lang/NoSuchMethodError'{0x000000008c85c6d8}: 'long java.lang.invoke.DirectMethodHandle$Holder.invokeSpecial(java.lang.Object, java.lang.Object)'> (0x000000008c85c6d8) 
thrown [s\src\hotspot\share\interpreter\linkResolver.cpp, line 815]
Event: 0.241 Thread 0x000001f3f8dc5c60 Exception <a 'java/lang/NoSuchMethodError'{0x000000008c8735e8}: 'int java.lang.invoke.DirectMethodHandle$Holder.invokeStatic(java.lang.Object, java.lang.Object, java.lang.Object, java.lang.Object)'> (0x000000008c8735e8) 
thrown [s\src\hotspot\share\interpreter\linkResolver.cpp, line 815]
Event: 0.314 Thread 0x000001f3f8dc5c60 Exception <a 'java/lang/NoSuchMethodError'{0x000000008c7c0290}: 'java.lang.Object java.lang.invoke.DirectMethodHandle$Holder.newInvokeSpecial(java.lang.Object, java.lang.Object, java.lang.Object, java.lang.Object, java.lang.Object)'> (0x000000008c7c0290) 
thrown [s\src\hotspot\share\interpreter\linkResolver.cpp, line 815]
Event: 0.339 Thread 0x000001f3f8dc5c60 Exception <a 'java/lang/NoSuchMethodError'{0x000000008c524850}: 'java.lang.Object java.lang.invoke.DirectMethodHandle$Holder.invokeSpecial(java.lang.Object, java.lang.Object, java.lang.Object, java.lang.Object, java.lang.Object, int)'> (0x000000008c524850) 
thrown [s\src\hotspot\share\interpreter\linkResolver.cpp, line 815]
Event: 0.341 Thread 0x000001f3f8dc5c60 Exception <a 'java/lang/NoSuchMethodError'{0x000000008c535098}: 'java.lang.Object java.lang.invoke.Invokers$Holder.linkToTargetMethod(java.lang.Object, java.lang.Object, int, java.lang.Object)'> (0x000000008c535098) 
thrown [s\src\hotspot\share\interpreter\linkResolver.cpp, line 815]
Event: 0.346 Thread 0x000001f3f8dc5c60 Exception <a 'java/lang/NoSuchMethodError'{0x000000008c557078}: 'void java.lang.invoke.DirectMethodHandle$Holder.invokeSpecial(java.lang.Object, java.lang.Object, java.lang.Object)'> (0x000000008c557078) 
thrown [s\src\hotspot\share\interpreter\linkResolver.cpp, line 815]
Event: 0.376 Thread 0x000001f3989912c0 Exception <a 'java/lang/NoSuchMethodError'{0x000000008c6103d8}: 'int java.lang.invoke.DirectMethodHandle$Holder.invokeStatic(java.lang.Object, int, java.lang.Object)'> (0x000000008c6103d8) 
thrown [s\src\hotspot\share\interpreter\linkResolver.cpp, line 815]
Event: 0.378 Thread 0x000001f3989912c0 Exception <a 'java/lang/NoSuchMethodError'{0x000000008c6278e0}: 'void java.lang.invoke.DirectMethodHandle$Holder.invokeStatic(java.lang.Object, java.lang.Object, int)'> (0x000000008c6278e0) 
thrown [s\src\hotspot\share\interpreter\linkResolver.cpp, line 815]
Event: 0.379 Thread 0x000001f3989912c0 Exception <a 'java/lang/NoSuchMethodError'{0x000000008c636c00}: 'java.lang.Object java.lang.invoke.DirectMethodHandle$Holder.newInvokeSpecial(java.lang.Object, java.lang.Object, int)'> (0x000000008c636c00) 
thrown [s\src\hotspot\share\interpreter\linkResolver.cpp, line 815]
Event: 0.383 Thread 0x000001f3f8dc5c60 Exception <a 'java/lang/NoSuchMethodError'{0x000000008c41d360}: 'void java.lang.invoke.DirectMethodHandle$Holder.invokeSpecial(java.lang.Object, java.lang.Object, java.lang.Object, java.lang.Object, java.lang.Object)'> (0x000000008c41d360) 
thrown [s\src\hotspot\share\interpreter\linkResolver.cpp, line 815]
Event: 0.390 Thread 0x000001f398d05780 Exception <a 'java/lang/NoSuchMethodError'{0x000000008c491b18}: 'void java.lang.invoke.DirectMethodHandle$Holder.invokeInterface(java.lang.Object, java.lang.Object, java.lang.Object)'> (0x000000008c491b18) 
thrown [s\src\hotspot\share\interpreter\linkResolver.cpp, line 815]
Event: 0.406 Thread 0x000001f398d05780 Exception <a 'java/lang/NoSuchMethodError'{0x000000008c31e468}: 'long java.lang.invoke.DirectMethodHandle$Holder.invokeStatic(java.lang.Object, long, long)'> (0x000000008c31e468) 
thrown [s\src\hotspot\share\interpreter\linkResolver.cpp, line 815]
Event: 0.406 Thread 0x000001f3989912c0 Exception <a 'java/lang/NoSuchMethodError'{0x000000008c6748f0}: 'long java.lang.invoke.DirectMethodHandle$Holder.invokeStatic(java.lang.Object, long, long)'> (0x000000008c6748f0) 
thrown [s\src\hotspot\share\interpreter\linkResolver.cpp, line 815]
Event: 0.479 Thread 0x000001f398d05780 Exception <a 'java/lang/NoSuchMethodError'{0x000000008c2b4b88}: 'void java.lang.invoke.DirectMethodHandle$Holder.invokeInterface(java.lang.Object, java.lang.Object)'> (0x000000008c2b4b88) 
thrown [s\src\hotspot\share\interpreter\linkResolver.cpp, line 815]
Event: 0.482 Thread 0x000001f398d05780 Exception <a 'java/lang/NoSuchMethodError'{0x000000008c2f8470}: 'java.lang.Object java.lang.invoke.Invokers$Holder.invoke_MT(java.lang.Object, java.lang.Object, java.lang.Object, java.lang.Object, java.lang.Object, java.lang.Object)'> (0x000000008c2f8470) 
thrown [s\src\hotspot\share\interpreter\linkResolver.cpp, line 815]
Event: 0.499 Thread 0x000001f398d05780 Exception <a 'java/lang/NoSuchMethodError'{0x000000008c1ab6f8}: 'void java.lang.invoke.DirectMethodHandle$Holder.invokeStatic(java.lang.Object, java.lang.Object, java.lang.Object, java.lang.Object)'> (0x000000008c1ab6f8) 
thrown [s\src\hotspot\share\interpreter\linkResolver.cpp, line 815]

VM Operations (2 events):
Event: 0.149 Executing non-safepoint VM operation: HandshakeAllThreads (Deoptimize)
Event: 0.150 Executing non-safepoint VM operation: HandshakeAllThreads (Deoptimize) done

Memory protections (0 events):
No events

Nmethod flushes (0 events):
No events

Events (20 events):
Event: 0.035 Thread 0x000001f3f8dc5c60 Thread added: 0x000001f3f8dc5c60
Event: 0.042 Thread 0x000001f3f8dc5c60 Thread added: 0x000001f393dc21d0
Event: 0.043 Thread 0x000001f3f8dc5c60 Thread added: 0x000001f393dc4990
Event: 0.043 Thread 0x000001f3f8dc5c60 Thread added: 0x000001f393dc57f0
Event: 0.044 Thread 0x000001f3f8dc5c60 Thread added: 0x000001f393dc97a0
Event: 0.044 Thread 0x000001f3f8dc5c60 Thread added: 0x000001f393dca360
Event: 0.044 Thread 0x000001f3f8dc5c60 Thread added: 0x000001f393dcbef0
Event: 0.044 Thread 0x000001f3f8dc5c60 Thread added: 0x000001f393dd6770
Event: 0.045 Thread 0x000001f3f8dc5c60 Thread added: 0x000001f393ddfab0
Event: 0.045 Thread 0x000001f3f8dc5c60 Thread added: 0x000001f393de3240
Event: 0.049 Thread 0x000001f3f8dc5c60 Thread added: 0x000001f39804b5f0
Event: 0.051 Loaded shared library C:\Program Files\JetBrains\IntelliJ IDEA 2026.1\jbr\bin\net.dll
Event: 0.053 Loaded shared library C:\Program Files\JetBrains\IntelliJ IDEA 2026.1\jbr\bin\nio.dll
Event: 0.055 Loaded shared library C:\Program Files\JetBrains\IntelliJ IDEA 2026.1\jbr\bin\zip.dll
Event: 0.110 Loaded shared library C:\Program Files\JetBrains\IntelliJ IDEA 2026.1\jbr\bin\jimage.dll
Event: 0.279 Loaded shared library C:\Program Files\JetBrains\IntelliJ IDEA 2026.1\jbr\bin\sunmscapi.dll
Event: 0.300 Loaded shared library C:\Program Files\JetBrains\IntelliJ IDEA 2026.1\jbr\bin\extnet.dll
Event: 0.309 Thread 0x000001f3f8dc5c60 Thread added: 0x000001f3989912c0
Event: 0.386 Thread 0x000001f3989912c0 Thread added: 0x000001f398d05780
Event: 0.412 Thread 0x000001f3989912c0 Thread added: 0x000001f398d25a30


Dynamic libraries:
0x00007ff6253a0000 - 0x00007ff6253aa000 	C:\Program Files\JetBrains\IntelliJ IDEA 2026.1\jbr\bin\java.exe
0x00007ffabbee0000 - 0x00007ffabc147000 	C:\WINDOWS\SYSTEM32\ntdll.dll
0x00007ffabaca0000 - 0x00007ffabad69000 	C:\WINDOWS\System32\KERNEL32.DLL
0x00007ffab9870000 - 0x00007ffab9c64000 	C:\WINDOWS\System32\KERNELBASE.dll
0x00007ffab8ad0000 - 0x00007ffab8c1b000 	C:\WINDOWS\System32\ucrtbase.dll
0x00007ffaafff0000 - 0x00007ffab0007000 	C:\Program Files\JetBrains\IntelliJ IDEA 2026.1\jbr\bin\jli.dll
0x00007ffaae360000 - 0x00007ffaae37e000 	C:\Program Files\JetBrains\IntelliJ IDEA 2026.1\jbr\bin\VCRUNTIME140.dll
0x00007ffabad70000 - 0x00007ffabaf35000 	C:\WINDOWS\System32\USER32.dll
0x00007ffab8e60000 - 0x00007ffab8e87000 	C:\WINDOWS\System32\win32u.dll
0x00007ffaba3d0000 - 0x00007ffaba3fb000 	C:\WINDOWS\System32\GDI32.dll
0x00007ffab89a0000 - 0x00007ffab8acb000 	C:\WINDOWS\System32\gdi32full.dll
0x00007ffa93dc0000 - 0x00007ffa94053000 	C:\WINDOWS\WinSxS\amd64_microsoft.windows.common-controls_6595b64144ccf1df_6.0.26100.8115_none_3e075c82e3354f9c\COMCTL32.dll
0x00007ffab87b0000 - 0x00007ffab8853000 	C:\WINDOWS\System32\msvcp_win.dll
0x00007ffab9c70000 - 0x00007ffab9d19000 	C:\WINDOWS\System32\msvcrt.dll
0x00007ffabbdd0000 - 0x00007ffabbe02000 	C:\WINDOWS\System32\IMM32.DLL
0x00007ffab0310000 - 0x00007ffab031c000 	C:\Program Files\JetBrains\IntelliJ IDEA 2026.1\jbr\bin\vcruntime140_1.dll
0x00007ffa99fd0000 - 0x00007ffa9a059000 	C:\Program Files\JetBrains\IntelliJ IDEA 2026.1\jbr\bin\msvcp140.dll
0x00007ffa3d640000 - 0x00007ffa3e592000 	C:\Program Files\JetBrains\IntelliJ IDEA 2026.1\jbr\bin\server\jvm.dll
0x00007ffabb430000 - 0x00007ffabb4e6000 	C:\WINDOWS\System32\ADVAPI32.dll
0x00007ffaba070000 - 0x00007ffaba117000 	C:\WINDOWS\System32\sechost.dll
0x00007ffab9d20000 - 0x00007ffab9e38000 	C:\WINDOWS\System32\RPCRT4.dll
0x00007ffabbe10000 - 0x00007ffabbe90000 	C:\WINDOWS\System32\WS2_32.dll
0x00007ffab8610000 - 0x00007ffab866e000 	C:\WINDOWS\SYSTEM32\POWRPROF.dll
0x00007ffaabdf0000 - 0x00007ffaabdfb000 	C:\WINDOWS\SYSTEM32\VERSION.dll
0x00007ffaac5a0000 - 0x00007ffaac5d6000 	C:\WINDOWS\SYSTEM32\WINMM.dll
0x00007ffab85f0000 - 0x00007ffab8604000 	C:\WINDOWS\SYSTEM32\UMPDC.dll
0x00007ffab7540000 - 0x00007ffab755b000 	C:\WINDOWS\SYSTEM32\kernel.appcore.dll
0x00007ffaaf250000 - 0x00007ffaaf25a000 	C:\Program Files\JetBrains\IntelliJ IDEA 2026.1\jbr\bin\jimage.dll
0x00007ffab65d0000 - 0x00007ffab6812000 	C:\WINDOWS\SYSTEM32\DBGHELP.DLL
0x00007ffabb0a0000 - 0x00007ffabb422000 	C:\WINDOWS\System32\combase.dll
0x00007ffaba450000 - 0x00007ffaba528000 	C:\WINDOWS\System32\OLEAUT32.dll
0x00007ffa919e0000 - 0x00007ffa91a1b000 	C:\WINDOWS\SYSTEM32\dbgcore.DLL
0x00007ffab8860000 - 0x00007ffab8905000 	C:\WINDOWS\System32\bcryptPrimitives.dll
0x00007ffa9c4b0000 - 0x00007ffa9c4cf000 	C:\Program Files\JetBrains\IntelliJ IDEA 2026.1\jbr\bin\java.dll
0x00007ffab9e40000 - 0x00007ffab9fd7000 	C:\WINDOWS\System32\ole32.dll
0x00007ffaba530000 - 0x00007ffabac97000 	C:\WINDOWS\System32\SHELL32.dll
0x00007ffab8e90000 - 0x00007ffab8ffa000 	C:\WINDOWS\System32\wintypes.dll
0x00007ffab9000000 - 0x00007ffab9868000 	C:\WINDOWS\System32\windows.storage.dll
0x00007ffabb570000 - 0x00007ffabb668000 	C:\WINDOWS\System32\SHCORE.dll
0x00007ffabb670000 - 0x00007ffabb6d6000 	C:\WINDOWS\System32\shlwapi.dll
0x00007ffab86d0000 - 0x00007ffab86f9000 	C:\WINDOWS\SYSTEM32\profapi.dll
0x00007ffa9c400000 - 0x00007ffa9c412000 	C:\Program Files\JetBrains\IntelliJ IDEA 2026.1\jbr\bin\net.dll
0x00007ffab7ab0000 - 0x00007ffab7b1c000 	C:\WINDOWS\system32\mswsock.dll
0x00007ffa9c3e0000 - 0x00007ffa9c3f6000 	C:\Program Files\JetBrains\IntelliJ IDEA 2026.1\jbr\bin\nio.dll
0x00007ffa9c490000 - 0x00007ffa9c4a7000 	C:\Program Files\JetBrains\IntelliJ IDEA 2026.1\jbr\bin\zip.dll
0x00007ffab7d90000 - 0x00007ffab7dab000 	C:\WINDOWS\SYSTEM32\CRYPTSP.dll
0x00007ffab74a0000 - 0x00007ffab74d9000 	C:\WINDOWS\system32\rsaenh.dll
0x00007ffab7b60000 - 0x00007ffab7b93000 	C:\WINDOWS\SYSTEM32\USERENV.dll
0x00007ffab86a0000 - 0x00007ffab86ca000 	C:\WINDOWS\SYSTEM32\bcrypt.dll
0x00007ffab7db0000 - 0x00007ffab7dbc000 	C:\WINDOWS\SYSTEM32\CRYPTBASE.dll
0x00007ffab6ec0000 - 0x00007ffab6ef2000 	C:\WINDOWS\SYSTEM32\IPHLPAPI.DLL
0x00007ffaba330000 - 0x00007ffaba33a000 	C:\WINDOWS\System32\NSI.dll
0x00007ffaaffe0000 - 0x00007ffaaffee000 	C:\Program Files\JetBrains\IntelliJ IDEA 2026.1\jbr\bin\sunmscapi.dll
0x00007ffab8ce0000 - 0x00007ffab8e57000 	C:\WINDOWS\System32\CRYPT32.dll
0x00007ffab7fb0000 - 0x00007ffab7fe0000 	C:\WINDOWS\SYSTEM32\ncrypt.dll
0x00007ffab7f60000 - 0x00007ffab7f9f000 	C:\WINDOWS\SYSTEM32\NTASN1.dll
0x00007ffaadf00000 - 0x00007ffaadf08000 	C:\WINDOWS\system32\wshunix.dll
0x00007ffaaffd0000 - 0x00007ffaaffd9000 	C:\Program Files\JetBrains\IntelliJ IDEA 2026.1\jbr\bin\extnet.dll

JVMTI agents: none

dbghelp: loaded successfully - version: 4.0.5 - missing functions: none
symbol engine: initialized successfully - sym options: 0x614 - pdb path: .;C:\Program Files\JetBrains\IntelliJ IDEA 2026.1\jbr\bin;C:\WINDOWS\SYSTEM32;C:\WINDOWS\WinSxS\amd64_microsoft.windows.common-controls_6595b64144ccf1df_6.0.26100.8115_none_3e075c82e3354f9c;C:\Program Files\JetBrains\IntelliJ IDEA 2026.1\jbr\bin\server

VM Arguments:
java_command: git4idea.http.GitAskPassApp Username for 'https://github.com': 
java_class_path (initial): C:/Program Files/JetBrains/IntelliJ IDEA 2026.1/plugins/vcs-git/lib/git4idea-rt.jar;C:/Program Files/JetBrains/IntelliJ IDEA 2026.1/lib/externalProcess-rt.jar
Launcher Type: SUN_STANDARD

[Global flags]
     intx CICompilerCount                          = 4                                         {product} {ergonomic}
     uint ConcGCThreads                            = 3                                         {product} {ergonomic}
     uint G1ConcRefinementThreads                  = 10                                        {product} {ergonomic}
   size_t G1HeapRegionSize                         = 1048576                                   {product} {ergonomic}
   size_t InitialHeapSize                          = 130023424                                 {product} {ergonomic}
   size_t MarkStackSize                            = 4194304                                   {product} {ergonomic}
   size_t MarkStackSizeMax                         = 536870912                                 {product} {ergonomic}
   size_t MaxHeapSize                              = 2061500416                                {product} {ergonomic}
   size_t MaxNewSize                               = 1236271104                                {product} {ergonomic}
   size_t MinHeapDeltaBytes                        = 1048576                                   {product} {ergonomic}
   size_t MinHeapSize                              = 8388608                                   {product} {ergonomic}
    uintx NonNMethodCodeHeapSize                   = 5832704                                {pd product} {ergonomic}
    uintx NonProfiledCodeHeapSize                  = 122945536                              {pd product} {ergonomic}
    uintx ProfiledCodeHeapSize                     = 122880000                              {pd product} {ergonomic}
    uintx ReservedCodeCacheSize                    = 251658240                              {pd product} {ergonomic}
     bool SegmentedCodeCache                       = true                                      {product} {ergonomic}
   size_t SoftMaxHeapSize                          = 2061500416                             {manageable} {ergonomic}
     bool UseCompressedOops                        = true                           {product lp64_product} {ergonomic}
     bool UseG1GC                                  = true                                      {product} {ergonomic}
     bool UseLargePagesIndividualAllocation        = false                                  {pd product} {ergonomic}

Logging:
Log output configuration:
 #0: stdout all=warning uptime,level,tags foldmultilines=false
 #1: stderr all=off uptime,level,tags foldmultilines=false

Release file:
JAVA_VERSION="25.0.2" 
MODULES="java.base java.datatransfer java.xml java.prefs java.desktop gluegen.rt java.compiler java.instrument java.logging java.management java.security.sasl java.naming java.rmi java.management.rmi java.net.http java.scripting java.security.jgss java.transaction.xa java.sql java.sql.rowset java.xml.crypto java.se java.smartcardio jogl.all jcef jdk.accessibility jdk.internal.jvmstat jdk.attach jdk.charsets jdk.internal.opt jdk.zipfs jdk.compiler jdk.crypto.cryptoki jdk.crypto.ec jdk.crypto.mscapi jdk.dynalink jdk.hotspot.agent jdk.httpserver jdk.internal.ed jdk.internal.le jdk.internal.md jdk.internal.vm.ci jdk.javadoc jdk.jcmd jdk.jdwp.agent jdk.jdi jdk.jfr jdk.localedata jdk.management jdk.management.agent jdk.management.jfr jdk.naming.dns jdk.naming.rmi jdk.net jdk.sctp jdk.security.auth jdk.security.jgss jdk.unsupported jdk.unsupported.desktop jdk.xml.dom" 
IMPLEMENTOR="JetBrains s.r.o." 
IMPLEMENTOR_VERSION="JBR-25.0.2+1-329.72-jcef" 
JAVA_RUNTIME_VERSION="25.0.2+1-b329.72" 
LIBC="default" 
OS_ARCH="x86_64" 
OS_NAME="Windows" 
SOURCE=".:git:80f896300e04+ jcef_git:git:4a605f44671a" 
JCEF_VERSION="137.0.17.1131+ga492f5c" 
JCEF_COMMIT_HASH="a492f5c1bbe877d2f58d4b066d0a1c89ab579b84" 
JCEF_VERSION_DETAILED=137.0.17-gf354b0e-chromium-137.0.7151.104-api-1.21-261-b65

Environment Variables:
JAVA_HOME=C:\Program Files\Java\jdk-21
PATH=C:\Program Files\Git\mingw64\libexec\git-core;C:\Program Files\Git\mingw64\libexec\git-core;C:\Program Files\Git\mingw64\bin;C:\Program Files\Git\usr\bin;C:\Users\Om\bin;C:\Scripts;C:\;D:\app\oracle\product\11.2.0\server\bin;C:\Program Files\Common Files\Oracle\Java\javapath;C:\Program Files (x86)\Common Files\Oracle\Java\java8path;C:\Program Files (x86)\Common Files\Oracle\Java\javapath;C:\windows\system32;C:\windows;C:\windows\System32\Wbem;C:\windows\System32\WindowsPowerShell\v1.0;C:\windows\System32\OpenSSH;C:\Program Files (x86)\NVIDIA Corporation\PhysX\Common;C:\Program Files\NVIDIA Corporation\NVIDIA NvDLISR;C:\MinGW\bin;C:\Program Files\Java\jdk-21\bin;C:\Program Files\Git\cmd;C:\Program Files\Docker\Docker\resources\bin;C:\Program Files\MongoDB\Server\7.0\bin;C:\Program Files\MongoDB\mongosh-2.3.0-win32-x64\bin;C:\Users\Om\Downloads\stripe_1.22.0_windows_i386.zip;C:\Program Files\nodejs;C:\ProgramData\chocolatey\bin;C:\WINDOWS\system32;C:\WINDOWS;C:\WINDOWS\System32\Wbem;C:\WINDOWS\System32\WindowsPowerShell\v1.0;C:\WINDOWS\System32\OpenSSH;C:\Program Files\MySQL\MySQL Server 8.0\bin;C:\Program Files\MySQL\MySQL Shell 8.0\bin;C:\Users\Om\AppData\Local\Microsoft\WindowsApps;C:\Users\Om\AppData\Local\Programs\Microsoft VS Code\bin;C:\Program Files\JetBrains\IntelliJ IDEA Community Edition 2023.2\bin;C:\Scripts;C:\;C:\Users\Om\AppData\Roaming\npm;C:\Program Files\JetBrains\IntelliJ IDEA 2026.1\bin
USERNAME=Om
DISPLAY=:0.0
LC_ALL=en_US.UTF-8
TERM=xterm-256color
TMPDIR=C:\Users\Om\AppData\Local\Temp
OS=Windows_NT
PROCESSOR_IDENTIFIER=Intel64 Family 6 Model 154 Stepping 3, GenuineIntel
TMP=C:\Users\Om\AppData\Local\Temp
TEMP=C:\Users\Om\AppData\Local\Temp




Compilation memory statistics disabled.

Periodic native trim disabled

JNI global refs:
JNI global refs: 19, weak refs: 0

JNI global refs memory usage: 835, weak refs: 833

Process memory usage:
Resident Set Size: 96560K (1% of 8048776K total physical memory with 259932K free physical memory)

OOME stack traces (most recent first):
Classloader memory used:
Loader bootstrap                                                                       : 1653 K
Loader jdk.internal.loader.ClassLoaders$PlatformClassLoader                            : 1576 K
Loader jdk.internal.loader.ClassLoaders$AppClassLoader                                 : 27392 B

---------------  S Y S T E M  ---------------

OS:
 Windows 11 , 64 bit Build 26100 (10.0.26100.8246)
OS uptime: 4 days 4:59 hours
Hyper-V role detected

CPU: total 12 (initial active 12) (6 cores per cpu, 2 threads per core) family 6 model 154 stepping 3 microcode 0x437, cx8, cmov, fxsr, ht, mmx, 3dnowpref, sse, sse2, sse3, ssse3, sse4.1, sse4.2, popcnt, lzcnt, tsc, tscinvbit, avx, avx2, aes, erms, clmul, bmi1, bmi2, adx, sha, fma, vzeroupper, clflush, clflushopt, clwb, hv, serialize, rdtscp, rdpid, fsrm, gfni, f16c, cet_ibt, cet_ss
Processor Information for processor 0
  Max Mhz: 2000, Current Mhz: 2000, Mhz Limit: 2000
Processor Information for processor 1
  Max Mhz: 2000, Current Mhz: 2000, Mhz Limit: 2000
Processor Information for processor 2
  Max Mhz: 2000, Current Mhz: 2000, Mhz Limit: 2000
Processor Information for processor 3
  Max Mhz: 2000, Current Mhz: 2000, Mhz Limit: 2000
Processor Information for processor 4
  Max Mhz: 2000, Current Mhz: 2000, Mhz Limit: 2000
Processor Information for processor 5
  Max Mhz: 2000, Current Mhz: 2000, Mhz Limit: 2000
Processor Information for processor 6
  Max Mhz: 2000, Current Mhz: 2000, Mhz Limit: 2000
Processor Information for processor 7
  Max Mhz: 2000, Current Mhz: 2000, Mhz Limit: 2000
Processor Information for processor 8
  Max Mhz: 2000, Current Mhz: 1466, Mhz Limit: 2000
Processor Information for processor 9
  Max Mhz: 2000, Current Mhz: 1466, Mhz Limit: 2000
Processor Information for processor 10
  Max Mhz: 2000, Current Mhz: 2000, Mhz Limit: 2000
Processor Information for processor 11
  Max Mhz: 2000, Current Mhz: 2000, Mhz Limit: 2000

Memory: 4k page, system-wide physical 7860M (253M free)
TotalPageFile size 32436M (AvailPageFile size 11M)
current process WorkingSet (physical memory assigned to process): 94M, peak: 95M
current process commit charge ("private bytes"): 249M, peak: 263M

vm_info: OpenJDK 64-Bit Server VM (25.0.2+1-b329.72) for windows-amd64 JRE (25.0.2+1-b329.72), built on 2026-03-02 with MS VC++ 17.14 (VS2022)

END.
